<?xml version="1.0" encoding="UTF-8"?>
<coverage generated="1787582628692" clover="3.2.0">
  <project timestamp="1787582628693" name="All files">
    <metrics statements="1646" coveredstatements="1055" conditionals="1796" coveredconditionals="964" methods="623" coveredmethods="340" elements="4065" coveredelements="2359" complexity="0" loc="1646" ncloc="1646" packages="18" files="38" classes="38"/>
    <package name="admin">
      <metrics statements="7" coveredstatements="7" conditionals="2" coveredconditionals="2" methods="2" coveredmethods="2"/>
      <file name="adminAccess.js" path="C:\Users\Manikantha.N\Desktop\INRFS_FINANCER_FE\src\admin\adminAccess.js">
        <metrics statements="7" coveredstatements="7" conditionals="2" coveredconditionals="2" methods="2" coveredmethods="2"/>
        <line num="1" count="1" type="stmt"/>
        <line num="2" count="1" type="stmt"/>
        <line num="3" count="1" type="stmt"/>
        <line num="4" count="1" type="stmt"/>
        <line num="5" count="1" type="stmt"/>
        <line num="7" count="1" type="cond" truecount="2" falsecount="0"/>
        <line num="8" count="17" type="stmt"/>
      </file>
    </package>
    <package name="admin.pages.Collections">
      <metrics statements="10" coveredstatements="10" conditionals="27" coveredconditionals="17" methods="6" coveredmethods="6"/>
      <file name="collectionOperationsUtils.js" path="C:\Users\Manikantha.N\Desktop\INRFS_FINANCER_FE\src\admin\pages\Collections\collectionOperationsUtils.js">
        <metrics statements="7" coveredstatements="7" conditionals="25" coveredconditionals="15" methods="4" coveredmethods="4"/>
        <line num="1" count="1" type="stmt"/>
        <line num="2" count="3" type="cond" truecount="6" falsecount="0"/>
        <line num="3" count="1" type="cond" truecount="1" falsecount="1"/>
        <line num="4" count="2" type="cond" truecount="1" falsecount="5"/>
        <line num="7" count="3" type="cond" truecount="4" falsecount="0"/>
        <line num="11" count="1" type="cond" truecount="1" falsecount="1"/>
        <line num="13" count="1" type="stmt"/>
      </file>
      <file name="platformFeeCollectionUtils.js" path="C:\Users\Manikantha.N\Desktop\INRFS_FINANCER_FE\src\admin\pages\Collections\platformFeeCollectionUtils.js">
        <metrics statements="3" coveredstatements="3" conditionals="2" coveredconditionals="2" methods="2" coveredmethods="2"/>
        <line num="1" count="8" type="cond" truecount="2" falsecount="0"/>
        <line num="3" count="1" type="stmt"/>
        <line num="4" count="4" type="stmt"/>
      </file>
    </package>
    <package name="admin.pages.Dashboard">
      <metrics statements="2" coveredstatements="2" conditionals="2" coveredconditionals="2" methods="1" coveredmethods="1"/>
      <file name="billingDashboardUtils.js" path="C:\Users\Manikantha.N\Desktop\INRFS_FINANCER_FE\src\admin\pages\Dashboard\billingDashboardUtils.js">
        <metrics statements="2" coveredstatements="2" conditionals="2" coveredconditionals="2" methods="1" coveredmethods="1"/>
        <line num="1" count="1" type="stmt"/>
        <line num="2" count="4" type="cond" truecount="2" falsecount="0"/>
      </file>
    </package>
    <package name="admin.pages.Financers">
      <metrics statements="12" coveredstatements="12" conditionals="16" coveredconditionals="10" methods="2" coveredmethods="2"/>
      <file name="customerLoanMetrics.js" path="C:\Users\Manikantha.N\Desktop\INRFS_FINANCER_FE\src\admin\pages\Financers\customerLoanMetrics.js">
        <metrics statements="12" coveredstatements="12" conditionals="16" coveredconditionals="10" methods="2" coveredmethods="2"/>
        <line num="1" count="1" type="stmt"/>
        <line num="4" count="1" type="stmt"/>
        <line num="5" count="1" type="stmt"/>
        <line num="6" count="4" type="cond" truecount="1" falsecount="1"/>
        <line num="7" count="4" type="cond" truecount="1" falsecount="1"/>
        <line num="8" count="4" type="cond" truecount="2" falsecount="0"/>
        <line num="9" count="4" type="cond" truecount="1" falsecount="1"/>
        <line num="10" count="4" type="cond" truecount="2" falsecount="0"/>
        <line num="11" count="2" type="stmt"/>
        <line num="12" count="2" type="cond" truecount="1" falsecount="1"/>
        <line num="14" count="4" type="stmt"/>
        <line num="16" count="2" type="stmt"/>
      </file>
    </package>
    <package name="admin.pages.MonthlyBilling">
      <metrics statements="56" coveredstatements="53" conditionals="53" coveredconditionals="40" methods="15" coveredmethods="14"/>
      <file name="monthlyBillingGroups.js" path="C:\Users\Manikantha.N\Desktop\INRFS_FINANCER_FE\src\admin\pages\MonthlyBilling\monthlyBillingGroups.js">
        <metrics statements="56" coveredstatements="53" conditionals="53" coveredconditionals="40" methods="15" coveredmethods="14"/>
        <line num="1" count="24" type="cond" truecount="2" falsecount="0"/>
        <line num="3" count="26" type="stmt"/>
        <line num="5" count="12" type="stmt"/>
        <line num="7" count="1" type="cond" truecount="1" falsecount="0"/>
        <line num="8" count="2" type="stmt"/>
        <line num="9" count="2" type="cond" truecount="2" falsecount="0"/>
        <line num="12" count="2" type="stmt"/>
        <line num="13" count="2" type="stmt"/>
        <line num="14" count="2" type="stmt"/>
        <line num="15" count="2" type="stmt"/>
        <line num="18" count="1" type="cond" truecount="1" falsecount="0"/>
        <line num="19" count="2" type="stmt"/>
        <line num="20" count="2" type="cond" truecount="2" falsecount="0"/>
        <line num="23" count="2" type="stmt"/>
        <line num="24" count="2" type="stmt"/>
        <line num="25" count="2" type="stmt"/>
        <line num="28" count="1" type="stmt"/>
        <line num="29" count="5" type="cond" truecount="1" falsecount="1"/>
        <line num="30" count="5" type="cond" truecount="2" falsecount="0"/>
        <line num="31" count="4" type="cond" truecount="4" falsecount="0"/>
        <line num="32" count="3" type="stmt"/>
        <line num="35" count="1" type="stmt"/>
        <line num="36" count="6" type="stmt"/>
        <line num="37" count="6" type="stmt"/>
        <line num="38" count="6" type="cond" truecount="3" falsecount="1"/>
        <line num="39" count="6" type="stmt"/>
        <line num="53" count="1" type="cond" truecount="1" falsecount="0"/>
        <line num="54" count="4" type="stmt"/>
        <line num="56" count="4" type="stmt"/>
        <line num="57" count="6" type="stmt"/>
        <line num="58" count="6" type="cond" truecount="2" falsecount="0"/>
        <line num="76" count="6" type="cond" truecount="3" falsecount="1"/>
        <line num="77" count="6" type="cond" truecount="3" falsecount="1"/>
        <line num="78" count="6" type="cond" truecount="3" falsecount="1"/>
        <line num="79" count="6" type="stmt"/>
        <line num="80" count="6" type="stmt"/>
        <line num="81" count="6" type="stmt"/>
        <line num="82" count="6" type="stmt"/>
        <line num="83" count="6" type="stmt"/>
        <line num="84" count="6" type="stmt"/>
        <line num="87" count="4" type="stmt"/>
        <line num="88" count="5" type="cond" truecount="2" falsecount="0"/>
        <line num="89" count="6" type="stmt"/>
        <line num="90" count="5" type="stmt"/>
        <line num="91" count="5" type="stmt"/>
        <line num="92" count="5" type="stmt"/>
        <line num="93" count="5" type="stmt"/>
        <line num="94" count="5" type="cond" truecount="1" falsecount="1"/>
        <line num="95" count="5" type="stmt"/>
        <line num="96" count="6" type="stmt"/>
        <line num="97" count="5" type="cond" truecount="1" falsecount="1"/>
        <line num="98" count="0" type="stmt"/>
        <line num="99" count="0" type="stmt"/>
        <line num="100" count="0" type="stmt"/>
        <line num="102" count="5" type="stmt"/>
        <line num="103" count="1" type="cond" truecount="1" falsecount="1"/>
      </file>
    </package>
    <package name="admin.pages.Reports">
      <metrics statements="8" coveredstatements="8" conditionals="13" coveredconditionals="11" methods="7" coveredmethods="7"/>
      <file name="billingReportUtils.js" path="C:\Users\Manikantha.N\Desktop\INRFS_FINANCER_FE\src\admin\pages\Reports\billingReportUtils.js">
        <metrics statements="8" coveredstatements="8" conditionals="13" coveredconditionals="11" methods="7" coveredmethods="7"/>
        <line num="1" count="44" type="cond" truecount="2" falsecount="0"/>
        <line num="3" count="1" type="cond" truecount="1" falsecount="0"/>
        <line num="4" count="8" type="stmt"/>
        <line num="5" count="4" type="stmt"/>
        <line num="7" count="4" type="stmt"/>
        <line num="8" count="8" type="cond" truecount="2" falsecount="0"/>
        <line num="9" count="7" type="stmt"/>
        <line num="22" count="35" type="cond" truecount="3" falsecount="1"/>
      </file>
    </package>
    <package name="auth">
      <metrics statements="35" coveredstatements="34" conditionals="10" coveredconditionals="6" methods="16" coveredmethods="16"/>
      <file name="AuthContext.jsx" path="C:\Users\Manikantha.N\Desktop\INRFS_FINANCER_FE\src\auth\AuthContext.jsx">
        <metrics statements="31" coveredstatements="30" conditionals="8" coveredconditionals="5" methods="15" coveredmethods="15"/>
        <line num="6" count="9" type="stmt"/>
        <line num="7" count="9" type="stmt"/>
        <line num="9" count="9" type="stmt"/>
        <line num="10" count="2" type="stmt"/>
        <line num="11" count="2" type="stmt"/>
        <line num="14" count="9" type="stmt"/>
        <line num="15" count="3" type="stmt"/>
        <line num="16" count="3" type="stmt"/>
        <line num="17" count="3" type="stmt"/>
        <line num="18" count="3" type="stmt"/>
        <line num="19" count="3" type="cond" truecount="2" falsecount="0"/>
        <line num="20" count="2" type="stmt"/>
        <line num="21" count="2" type="stmt"/>
        <line num="25" count="0" type="cond" truecount="0" falsecount="2"/>
        <line num="27" count="2" type="stmt"/>
        <line num="30" count="3" type="stmt"/>
        <line num="31" count="3" type="stmt"/>
        <line num="34" count="9" type="stmt"/>
        <line num="35" count="1" type="stmt"/>
        <line num="36" count="1" type="stmt"/>
        <line num="37" count="1" type="stmt"/>
        <line num="38" count="1" type="stmt"/>
        <line num="41" count="9" type="stmt"/>
        <line num="42" count="1" type="cond" truecount="1" falsecount="1"/>
        <line num="45" count="9" type="stmt"/>
        <line num="46" count="1" type="stmt"/>
        <line num="47" count="1" type="stmt"/>
        <line num="49" count="1" type="stmt"/>
        <line num="53" count="9" type="stmt"/>
        <line num="54" count="9" type="cond" truecount="2" falsecount="0"/>
        <line num="55" count="9" type="stmt"/>
      </file>
      <file name="authState.js" path="C:\Users\Manikantha.N\Desktop\INRFS_FINANCER_FE\src\auth\authState.js">
        <metrics statements="4" coveredstatements="4" conditionals="2" coveredconditionals="1" methods="1" coveredmethods="1"/>
        <line num="3" count="1" type="stmt"/>
        <line num="6" count="9" type="stmt"/>
        <line num="7" count="9" type="cond" truecount="1" falsecount="1"/>
        <line num="8" count="9" type="stmt"/>
      </file>
    </package>
    <package name="auth.pages.PortalSelection">
      <metrics statements="6" coveredstatements="6" conditionals="4" coveredconditionals="3" methods="3" coveredmethods="3"/>
      <file name="FaqAccordion.jsx" path="C:\Users\Manikantha.N\Desktop\INRFS_FINANCER_FE\src\auth\pages\PortalSelection\FaqAccordion.jsx">
        <metrics statements="6" coveredstatements="6" conditionals="4" coveredconditionals="3" methods="3" coveredmethods="3"/>
        <line num="5" count="2" type="stmt"/>
        <line num="6" count="2" type="stmt"/>
        <line num="7" count="4" type="stmt"/>
        <line num="8" count="4" type="stmt"/>
        <line num="9" count="4" type="stmt"/>
        <line num="10" count="4" type="cond" truecount="3" falsecount="1"/>
      </file>
    </package>
    <package name="common.components">
      <metrics statements="28" coveredstatements="23" conditionals="42" coveredconditionals="29" methods="11" coveredmethods="11"/>
      <file name="Button.css" path="C:\Users\Manikantha.N\Desktop\INRFS_FINANCER_FE\src\common\components\Button.css">
        <metrics statements="0" coveredstatements="0" conditionals="0" coveredconditionals="0" methods="0" coveredmethods="0"/>
      </file>
      <file name="Button.jsx" path="C:\Users\Manikantha.N\Desktop\INRFS_FINANCER_FE\src\common\components\Button.jsx">
        <metrics statements="1" coveredstatements="1" conditionals="12" coveredconditionals="12" methods="1" coveredmethods="1"/>
        <line num="15" count="26" type="stmt"/>
      </file>
      <file name="Modal.css" path="C:\Users\Manikantha.N\Desktop\INRFS_FINANCER_FE\src\common\components\Modal.css">
        <metrics statements="0" coveredstatements="0" conditionals="0" coveredconditionals="0" methods="0" coveredmethods="0"/>
      </file>
      <file name="Modal.jsx" path="C:\Users\Manikantha.N\Desktop\INRFS_FINANCER_FE\src\common\components\Modal.jsx">
        <metrics statements="22" coveredstatements="17" conditionals="19" coveredconditionals="8" methods="6" coveredmethods="6"/>
        <line num="6" count="3" type="stmt"/>
        <line num="7" count="3" type="stmt"/>
        <line num="8" count="3" type="stmt"/>
        <line num="9" count="3" type="stmt"/>
        <line num="10" count="3" type="stmt"/>
        <line num="11" count="3" type="cond" truecount="2" falsecount="0"/>
        <line num="12" count="2" type="stmt"/>
        <line num="13" count="2" type="stmt"/>
        <line num="14" count="2" type="cond" truecount="1" falsecount="1"/>
        <line num="15" count="2" type="cond" truecount="1" falsecount="1"/>
        <line num="16" count="0" type="stmt"/>
        <line num="17" count="2" type="cond" truecount="1" falsecount="1"/>
        <line num="18" count="0" type="stmt"/>
        <line num="19" count="0" type="stmt"/>
        <line num="20" count="0" type="cond" truecount="0" falsecount="4"/>
        <line num="21" count="0" type="cond" truecount="0" falsecount="4"/>
        <line num="23" count="2" type="stmt"/>
        <line num="24" count="2" type="stmt"/>
        <line num="25" count="2" type="stmt"/>
        <line num="27" count="3" type="cond" truecount="2" falsecount="0"/>
        <line num="29" count="2" type="stmt"/>
        <line num="38" count="1" type="stmt"/>
      </file>
      <file name="SearchInput.css" path="C:\Users\Manikantha.N\Desktop\INRFS_FINANCER_FE\src\common\components\SearchInput.css">
        <metrics statements="0" coveredstatements="0" conditionals="0" coveredconditionals="0" methods="0" coveredmethods="0"/>
      </file>
      <file name="SearchInput.jsx" path="C:\Users\Manikantha.N\Desktop\INRFS_FINANCER_FE\src\common\components\SearchInput.jsx">
        <metrics statements="3" coveredstatements="3" conditionals="6" coveredconditionals="6" methods="3" coveredmethods="3"/>
        <line num="6" count="23" type="stmt"/>
        <line num="13" count="3" type="stmt"/>
        <line num="18" count="2" type="cond" truecount="2" falsecount="0"/>
      </file>
      <file name="StatusBadge.css" path="C:\Users\Manikantha.N\Desktop\INRFS_FINANCER_FE\src\common\components\StatusBadge.css">
        <metrics statements="0" coveredstatements="0" conditionals="0" coveredconditionals="0" methods="0" coveredmethods="0"/>
      </file>
      <file name="StatusBadge.jsx" path="C:\Users\Manikantha.N\Desktop\INRFS_FINANCER_FE\src\common\components\StatusBadge.jsx">
        <metrics statements="2" coveredstatements="2" conditionals="5" coveredconditionals="3" methods="1" coveredmethods="1"/>
        <line num="5" count="18" type="cond" truecount="1" falsecount="2"/>
        <line num="7" count="18" type="stmt"/>
      </file>
    </package>
    <package name="common.services">
      <metrics statements="167" coveredstatements="163" conditionals="83" coveredconditionals="73" methods="108" coveredmethods="103"/>
      <file name="apiClient.js" path="C:\Users\Manikantha.N\Desktop\INRFS_FINANCER_FE\src\common\services\apiClient.js">
        <metrics statements="63" coveredstatements="63" conditionals="54" coveredconditionals="50" methods="19" coveredmethods="18"/>
        <line num="1" count="26" type="stmt"/>
        <line num="2" count="26" type="cond" truecount="2" falsecount="0"/>
        <line num="4" count="26" type="stmt"/>
        <line num="5" count="26" type="stmt"/>
        <line num="8" count="7" type="stmt"/>
        <line num="9" count="7" type="cond" truecount="2" falsecount="0"/>
        <line num="11" count="1" type="stmt"/>
        <line num="15" count="26" type="stmt"/>
        <line num="16" count="18" type="stmt"/>
        <line num="17" count="7" type="stmt"/>
        <line num="19" count="7" type="stmt"/>
        <line num="20" count="7" type="stmt"/>
        <line num="23" count="7" type="stmt"/>
        <line num="24" count="7" type="stmt"/>
        <line num="25" count="7" type="stmt"/>
        <line num="26" count="7" type="stmt"/>
        <line num="27" count="7" type="stmt"/>
        <line num="28" count="7" type="stmt"/>
        <line num="29" count="7" type="stmt"/>
        <line num="35" count="6" type="stmt"/>
        <line num="36" count="6" type="stmt"/>
        <line num="37" count="6" type="stmt"/>
        <line num="38" count="6" type="cond" truecount="2" falsecount="0"/>
        <line num="39" count="6" type="cond" truecount="2" falsecount="0"/>
        <line num="43" count="26" type="stmt"/>
        <line num="46" count="13" type="stmt"/>
        <line num="47" count="13" type="cond" truecount="4" falsecount="0"/>
        <line num="48" count="4" type="stmt"/>
        <line num="49" count="4" type="cond" truecount="2" falsecount="0"/>
        <line num="50" count="4" type="cond" truecount="4" falsecount="0"/>
        <line num="52" count="4" type="stmt"/>
        <line num="54" count="9" type="cond" truecount="1" falsecount="1"/>
        <line num="58" count="4" type="cond" truecount="1" falsecount="1"/>
        <line num="59" count="4" type="stmt"/>
        <line num="65" count="2" type="stmt"/>
        <line num="66" count="2" type="stmt"/>
        <line num="67" count="3" type="stmt"/>
        <line num="69" count="4" type="stmt"/>
        <line num="73" count="11" type="cond" truecount="2" falsecount="0"/>
        <line num="74" count="11" type="cond" truecount="4" falsecount="0"/>
        <line num="75" count="11" type="stmt"/>
        <line num="76" count="11" type="cond" truecount="2" falsecount="0"/>
        <line num="77" count="11" type="cond" truecount="2" falsecount="0"/>
        <line num="78" count="11" type="cond" truecount="5" falsecount="0"/>
        <line num="79" count="2" type="stmt"/>
        <line num="80" count="2" type="stmt"/>
        <line num="81" count="1" type="cond" truecount="1" falsecount="1"/>
        <line num="83" count="1" type="stmt"/>
        <line num="84" count="1" type="stmt"/>
        <line num="85" count="1" type="stmt"/>
        <line num="88" count="10" type="stmt"/>
        <line num="91" count="26" type="stmt"/>
        <line num="92" count="6" type="stmt"/>
        <line num="93" count="3" type="cond" truecount="2" falsecount="0"/>
        <line num="94" count="1" type="stmt"/>
        <line num="95" count="1" type="stmt"/>
        <line num="97" count="4" type="cond" truecount="2" falsecount="0"/>
        <line num="101" count="3" type="stmt"/>
        <line num="102" count="3" type="cond" truecount="2" falsecount="0"/>
        <line num="103" count="3" type="cond" truecount="2" falsecount="0"/>
        <line num="104" count="1" type="stmt"/>
        <line num="105" count="1" type="cond" truecount="1" falsecount="1"/>
        <line num="107" count="2" type="stmt"/>
      </file>
      <file name="platformApi.js" path="C:\Users\Manikantha.N\Desktop\INRFS_FINANCER_FE\src\common\services\platformApi.js">
        <metrics statements="104" coveredstatements="100" conditionals="29" coveredconditionals="23" methods="89" coveredmethods="85"/>
        <line num="3" count="7" type="cond" truecount="1" falsecount="0"/>
        <line num="4" count="32" type="stmt"/>
        <line num="5" count="32" type="stmt"/>
        <line num="6" count="37" type="cond" truecount="5" falsecount="0"/>
        <line num="8" count="32" type="stmt"/>
        <line num="9" count="32" type="cond" truecount="2" falsecount="0"/>
        <line num="12" count="32" type="stmt"/>
        <line num="13" count="7" type="cond" truecount="1" falsecount="0"/>
        <line num="14" count="3" type="stmt"/>
        <line num="15" count="3" type="cond" truecount="2" falsecount="0"/>
        <line num="16" count="2" type="cond" truecount="1" falsecount="1"/>
        <line num="17" count="3" type="cond" truecount="1" falsecount="1"/>
        <line num="18" count="2" type="stmt"/>
        <line num="19" count="2" type="cond" truecount="1" falsecount="1"/>
        <line num="21" count="2" type="stmt"/>
        <line num="24" count="7" type="stmt"/>
        <line num="26" count="1" type="stmt"/>
        <line num="27" count="1" type="stmt"/>
        <line num="30" count="1" type="stmt"/>
        <line num="31" count="1" type="stmt"/>
        <line num="34" count="1" type="stmt"/>
        <line num="35" count="1" type="stmt"/>
        <line num="36" count="1" type="stmt"/>
        <line num="37" count="1" type="stmt"/>
        <line num="38" count="1" type="stmt"/>
        <line num="39" count="1" type="stmt"/>
        <line num="40" count="1" type="stmt"/>
        <line num="41" count="1" type="stmt"/>
        <line num="44" count="1" type="stmt"/>
        <line num="45" count="1" type="stmt"/>
        <line num="46" count="1" type="stmt"/>
        <line num="48" count="1" type="stmt"/>
        <line num="49" count="1" type="cond" truecount="2" falsecount="2"/>
        <line num="50" count="1" type="cond" truecount="1" falsecount="1"/>
        <line num="51" count="1" type="stmt"/>
        <line num="53" count="1" type="stmt"/>
        <line num="54" count="1" type="stmt"/>
        <line num="57" count="1" type="stmt"/>
        <line num="58" count="1" type="stmt"/>
        <line num="59" count="1" type="stmt"/>
        <line num="62" count="1" type="stmt"/>
        <line num="63" count="1" type="stmt"/>
        <line num="64" count="1" type="stmt"/>
        <line num="65" count="1" type="stmt"/>
        <line num="66" count="1" type="stmt"/>
        <line num="67" count="2" type="cond" truecount="1" falsecount="0"/>
        <line num="68" count="1" type="stmt"/>
        <line num="69" count="1" type="stmt"/>
        <line num="70" count="1" type="cond" truecount="1" falsecount="0"/>
        <line num="73" count="1" type="stmt"/>
        <line num="74" count="1" type="stmt"/>
        <line num="75" count="1" type="stmt"/>
        <line num="76" count="1" type="stmt"/>
        <line num="77" count="1" type="stmt"/>
        <line num="78" count="1" type="stmt"/>
        <line num="79" count="1" type="stmt"/>
        <line num="80" count="0" type="stmt"/>
        <line num="81" count="1" type="stmt"/>
        <line num="82" count="1" type="stmt"/>
        <line num="83" count="1" type="stmt"/>
        <line num="86" count="1" type="stmt"/>
        <line num="87" count="1" type="stmt"/>
        <line num="88" count="1" type="stmt"/>
        <line num="89" count="1" type="stmt"/>
        <line num="92" count="1" type="stmt"/>
        <line num="93" count="1" type="stmt"/>
        <line num="94" count="1" type="stmt"/>
        <line num="95" count="1" type="stmt"/>
        <line num="98" count="1" type="stmt"/>
        <line num="99" count="1" type="stmt"/>
        <line num="100" count="1" type="stmt"/>
        <line num="101" count="1" type="stmt"/>
        <line num="102" count="1" type="stmt"/>
        <line num="103" count="1" type="stmt"/>
        <line num="106" count="1" type="stmt"/>
        <line num="109" count="1" type="stmt"/>
        <line num="110" count="1" type="stmt"/>
        <line num="113" count="1" type="stmt"/>
        <line num="114" count="0" type="stmt"/>
        <line num="115" count="1" type="stmt"/>
        <line num="116" count="1" type="stmt"/>
        <line num="117" count="1" type="stmt"/>
        <line num="118" count="1" type="stmt"/>
        <line num="119" count="1" type="stmt"/>
        <line num="120" count="1" type="stmt"/>
        <line num="121" count="1" type="stmt"/>
        <line num="122" count="1" type="stmt"/>
        <line num="123" count="1" type="stmt"/>
        <line num="124" count="1" type="stmt"/>
        <line num="125" count="1" type="stmt"/>
        <line num="126" count="1" type="stmt"/>
        <line num="127" count="1" type="stmt"/>
        <line num="128" count="1" type="stmt"/>
        <line num="129" count="0" type="stmt"/>
        <line num="130" count="1" type="stmt"/>
        <line num="131" count="0" type="stmt"/>
        <line num="132" count="1" type="stmt"/>
        <line num="133" count="1" type="stmt"/>
        <line num="134" count="1" type="stmt"/>
        <line num="135" count="1" type="stmt"/>
        <line num="136" count="1" type="stmt"/>
        <line num="137" count="1" type="stmt"/>
        <line num="138" count="1" type="stmt"/>
        <line num="142" count="38" type="cond" truecount="4" falsecount="0"/>
      </file>
    </package>
    <package name="common.utils">
      <metrics statements="209" coveredstatements="208" conditionals="335" coveredconditionals="310" methods="31" coveredmethods="31"/>
      <file name="domainAdapters.js" path="C:\Users\Manikantha.N\Desktop\INRFS_FINANCER_FE\src\common\utils\domainAdapters.js">
        <metrics statements="35" coveredstatements="34" conditionals="101" coveredconditionals="81" methods="7" coveredmethods="7"/>
        <line num="1" count="5" type="stmt"/>
        <line num="23" count="3" type="stmt"/>
        <line num="24" count="3" type="cond" truecount="1" falsecount="1"/>
        <line num="25" count="3" type="cond" truecount="2" falsecount="0"/>
        <line num="26" count="2" type="stmt"/>
        <line num="27" count="2" type="cond" truecount="2" falsecount="0"/>
        <line num="28" count="1" type="stmt"/>
        <line num="29" count="1" type="cond" truecount="1" falsecount="1"/>
        <line num="30" count="1" type="stmt"/>
        <line num="32" count="1" type="cond" truecount="1" falsecount="1"/>
        <line num="34" count="0" type="stmt"/>
        <line num="37" count="3" type="cond" truecount="1" falsecount="0"/>
        <line num="38" count="2" type="stmt"/>
        <line num="39" count="2" type="stmt"/>
        <line num="40" count="2" type="cond" truecount="5" falsecount="1"/>
        <line num="41" count="2" type="cond" truecount="1" falsecount="1"/>
        <line num="42" count="2" type="stmt"/>
        <line num="45" count="3" type="cond" truecount="1" falsecount="0"/>
        <line num="46" count="8" type="cond" truecount="2" falsecount="0"/>
        <line num="47" count="8" type="cond" truecount="2" falsecount="0"/>
        <line num="48" count="4" type="stmt"/>
        <line num="49" count="4" type="stmt"/>
        <line num="50" count="4" type="stmt"/>
        <line num="51" count="4" type="cond" truecount="2" falsecount="0"/>
        <line num="52" count="1" type="stmt"/>
        <line num="53" count="1" type="stmt"/>
        <line num="55" count="3" type="cond" truecount="1" falsecount="1"/>
        <line num="56" count="8" type="stmt"/>
        <line num="57" count="8" type="stmt"/>
        <line num="58" count="8" type="stmt"/>
        <line num="59" count="8" type="stmt"/>
        <line num="60" count="8" type="stmt"/>
        <line num="63" count="3" type="cond" truecount="1" falsecount="0"/>
        <line num="77" count="5" type="stmt"/>
        <line num="96" count="3" type="stmt"/>
      </file>
      <file name="formValidation.js" path="C:\Users\Manikantha.N\Desktop\INRFS_FINANCER_FE\src\common\utils\formValidation.js">
        <metrics statements="135" coveredstatements="135" conditionals="176" coveredconditionals="171" methods="18" coveredmethods="18"/>
        <line num="10" count="17" type="cond" truecount="2" falsecount="0"/>
        <line num="12" count="88" type="cond" truecount="2" falsecount="0"/>
        <line num="18" count="2" type="stmt"/>
        <line num="31" count="2" type="stmt"/>
        <line num="42" count="2" type="stmt"/>
        <line num="49" count="1" type="stmt"/>
        <line num="50" count="1" type="stmt"/>
        <line num="51" count="1" type="stmt"/>
        <line num="52" count="12" type="stmt"/>
        <line num="54" count="1" type="stmt"/>
        <line num="61" count="2" type="stmt"/>
        <line num="62" count="12" type="stmt"/>
        <line num="63" count="12" type="cond" truecount="4" falsecount="0"/>
        <line num="69" count="2" type="stmt"/>
        <line num="70" count="12" type="stmt"/>
        <line num="79" count="2" type="stmt"/>
        <line num="80" count="11" type="stmt"/>
        <line num="81" count="11" type="cond" truecount="2" falsecount="0"/>
        <line num="83" count="9" type="stmt"/>
        <line num="96" count="2" type="stmt"/>
        <line num="97" count="9" type="stmt"/>
        <line num="112" count="2" type="cond" truecount="1" falsecount="0"/>
        <line num="113" count="8" type="stmt"/>
        <line num="114" count="8" type="cond" truecount="2" falsecount="0"/>
        <line num="115" count="5" type="stmt"/>
        <line num="116" count="5" type="cond" truecount="2" falsecount="0"/>
        <line num="117" count="3" type="cond" truecount="2" falsecount="0"/>
        <line num="118" count="1" type="stmt"/>
        <line num="131" count="2" type="cond" truecount="1" falsecount="0"/>
        <line num="132" count="8" type="stmt"/>
        <line num="133" count="8" type="cond" truecount="2" falsecount="0"/>
        <line num="134" count="6" type="stmt"/>
        <line num="153" count="2" type="stmt"/>
        <line num="154" count="15" type="stmt"/>
        <line num="155" count="15" type="cond" truecount="5" falsecount="0"/>
        <line num="157" count="12" type="cond" truecount="2" falsecount="0"/>
        <line num="159" count="8" type="cond" truecount="2" falsecount="0"/>
        <line num="161" count="6" type="cond" truecount="2" falsecount="0"/>
        <line num="162" count="5" type="stmt"/>
        <line num="170" count="2" type="cond" truecount="1" falsecount="0"/>
        <line num="171" count="11" type="stmt"/>
        <line num="172" count="11" type="cond" truecount="2" falsecount="0"/>
        <line num="173" count="10" type="cond" truecount="2" falsecount="0"/>
        <line num="174" count="9" type="cond" truecount="1" falsecount="1"/>
        <line num="175" count="9" type="cond" truecount="2" falsecount="0"/>
        <line num="176" count="1" type="stmt"/>
        <line num="177" count="8" type="cond" truecount="2" falsecount="0"/>
        <line num="178" count="1" type="stmt"/>
        <line num="179" count="7" type="cond" truecount="2" falsecount="0"/>
        <line num="180" count="1" type="stmt"/>
        <line num="181" count="6" type="stmt"/>
        <line num="193" count="2" type="cond" truecount="1" falsecount="0"/>
        <line num="194" count="11" type="cond" truecount="5" falsecount="0"/>
        <line num="195" count="11" type="cond" truecount="1" falsecount="1"/>
        <line num="196" count="11" type="cond" truecount="4" falsecount="0"/>
        <line num="197" count="9" type="stmt"/>
        <line num="198" count="9" type="cond" truecount="2" falsecount="0"/>
        <line num="199" count="8" type="cond" truecount="4" falsecount="0"/>
        <line num="200" count="7" type="cond" truecount="2" falsecount="0"/>
        <line num="201" count="5" type="cond" truecount="2" falsecount="0"/>
        <line num="203" count="4" type="cond" truecount="2" falsecount="0"/>
        <line num="204" count="3" type="cond" truecount="1" falsecount="1"/>
        <line num="205" count="3" type="stmt"/>
        <line num="217" count="2" type="cond" truecount="1" falsecount="0"/>
        <line num="218" count="9" type="cond" truecount="4" falsecount="0"/>
        <line num="219" count="9" type="stmt"/>
        <line num="220" count="9" type="cond" truecount="4" falsecount="0"/>
        <line num="221" count="7" type="stmt"/>
        <line num="222" count="7" type="cond" truecount="2" falsecount="0"/>
        <line num="223" count="6" type="stmt"/>
        <line num="224" count="6" type="stmt"/>
        <line num="225" count="6" type="stmt"/>
        <line num="226" count="6" type="cond" truecount="2" falsecount="0"/>
        <line num="230" count="1" type="stmt"/>
        <line num="231" count="5" type="stmt"/>
        <line num="232" count="5" type="cond" truecount="4" falsecount="0"/>
        <line num="233" count="4" type="cond" truecount="4" falsecount="0"/>
        <line num="234" count="3" type="cond" truecount="4" falsecount="0"/>
        <line num="235" count="2" type="cond" truecount="4" falsecount="0"/>
        <line num="236" count="1" type="stmt"/>
        <line num="243" count="2" type="cond" truecount="1" falsecount="0"/>
        <line num="244" count="9" type="cond" truecount="2" falsecount="0"/>
        <line num="245" count="9" type="cond" truecount="2" falsecount="0"/>
        <line num="246" count="8" type="stmt"/>
        <line num="247" count="8" type="stmt"/>
        <line num="248" count="8" type="stmt"/>
        <line num="249" count="8" type="stmt"/>
        <line num="250" count="8" type="stmt"/>
        <line num="251" count="8" type="cond" truecount="2" falsecount="0"/>
        <line num="255" count="1" type="stmt"/>
        <line num="257" count="7" type="stmt"/>
        <line num="258" count="7" type="cond" truecount="2" falsecount="0"/>
        <line num="260" count="5" type="stmt"/>
        <line num="261" count="5" type="stmt"/>
        <line num="268" count="2" type="stmt"/>
        <line num="269" count="2" type="stmt"/>
        <line num="276" count="2" type="cond" truecount="1" falsecount="0"/>
        <line num="281" count="7" type="stmt"/>
        <line num="283" count="7" type="cond" truecount="4" falsecount="0"/>
        <line num="285" count="5" type="cond" truecount="1" falsecount="1"/>
        <line num="286" count="7" type="stmt"/>
        <line num="287" count="7" type="cond" truecount="2" falsecount="0"/>
        <line num="288" count="1" type="stmt"/>
        <line num="291" count="4" type="cond" truecount="2" falsecount="0"/>
        <line num="293" count="3" type="cond" truecount="2" falsecount="0"/>
        <line num="294" count="1" type="stmt"/>
        <line num="295" count="1" type="stmt"/>
        <line num="299" count="2" type="cond" truecount="5" falsecount="0"/>
        <line num="300" count="1" type="stmt"/>
        <line num="303" count="1" type="stmt"/>
        <line num="313" count="2" type="cond" truecount="1" falsecount="0"/>
        <line num="314" count="3" type="cond" truecount="2" falsecount="0"/>
        <line num="315" count="1" type="stmt"/>
        <line num="329" count="2" type="cond" truecount="2" falsecount="0"/>
        <line num="330" count="27" type="cond" truecount="2" falsecount="0"/>
        <line num="332" count="12" type="cond" truecount="2" falsecount="0"/>
        <line num="334" count="5" type="stmt"/>
        <line num="335" count="5" type="cond" truecount="1" falsecount="1"/>
        <line num="338" count="5" type="cond" truecount="2" falsecount="0"/>
        <line num="339" count="1" type="stmt"/>
        <line num="342" count="4" type="cond" truecount="4" falsecount="0"/>
        <line num="343" count="1" type="stmt"/>
        <line num="346" count="3" type="cond" truecount="2" falsecount="0"/>
        <line num="347" count="1" type="stmt"/>
        <line num="350" count="9" type="cond" truecount="2" falsecount="0"/>
        <line num="352" count="5" type="cond" truecount="2" falsecount="0"/>
        <line num="353" count="4" type="cond" truecount="2" falsecount="0"/>
        <line num="354" count="3" type="cond" truecount="2" falsecount="0"/>
        <line num="355" count="1" type="stmt"/>
        <line num="358" count="6" type="cond" truecount="4" falsecount="0"/>
        <line num="360" count="4" type="cond" truecount="4" falsecount="0"/>
        <line num="361" count="1" type="stmt"/>
        <line num="365" count="3" type="cond" truecount="4" falsecount="0"/>
        <line num="366" count="1" type="stmt"/>
        <line num="370" count="4" type="stmt"/>
      </file>
      <file name="formatters.js" path="C:\Users\Manikantha.N\Desktop\INRFS_FINANCER_FE\src\common\utils\formatters.js">
        <metrics statements="39" coveredstatements="39" conditionals="58" coveredconditionals="58" methods="6" coveredmethods="6"/>
        <line num="6" count="6" type="stmt"/>
        <line num="7" count="91" type="cond" truecount="5" falsecount="0"/>
        <line num="8" count="88" type="stmt"/>
        <line num="20" count="6" type="stmt"/>
        <line num="21" count="6" type="cond" truecount="2" falsecount="0"/>
        <line num="22" count="3" type="stmt"/>
        <line num="23" count="3" type="cond" truecount="2" falsecount="0"/>
        <line num="25" count="2" type="stmt"/>
        <line num="26" count="2" type="stmt"/>
        <line num="27" count="2" type="stmt"/>
        <line num="28" count="2" type="stmt"/>
        <line num="30" count="2" type="stmt"/>
        <line num="36" count="6" type="stmt"/>
        <line num="37" count="6" type="cond" truecount="2" falsecount="0"/>
        <line num="38" count="4" type="stmt"/>
        <line num="39" count="4" type="cond" truecount="2" falsecount="0"/>
        <line num="40" count="2" type="stmt"/>
        <line num="42" count="2" type="stmt"/>
        <line num="45" count="6" type="stmt"/>
        <line num="46" count="13" type="cond" truecount="4" falsecount="0"/>
        <line num="47" count="13" type="cond" truecount="3" falsecount="0"/>
        <line num="48" count="13" type="cond" truecount="2" falsecount="0"/>
        <line num="49" count="5" type="cond" truecount="4" falsecount="0"/>
        <line num="50" count="13" type="cond" truecount="2" falsecount="0"/>
        <line num="51" count="2" type="stmt"/>
        <line num="54" count="6" type="stmt"/>
        <line num="55" count="13" type="cond" truecount="4" falsecount="0"/>
        <line num="56" count="13" type="cond" truecount="3" falsecount="0"/>
        <line num="57" count="13" type="cond" truecount="2" falsecount="0"/>
        <line num="58" count="5" type="cond" truecount="4" falsecount="0"/>
        <line num="59" count="13" type="cond" truecount="2" falsecount="0"/>
        <line num="60" count="2" type="stmt"/>
        <line num="63" count="6" type="stmt"/>
        <line num="64" count="8" type="cond" truecount="4" falsecount="0"/>
        <line num="65" count="8" type="cond" truecount="3" falsecount="0"/>
        <line num="66" count="8" type="cond" truecount="2" falsecount="0"/>
        <line num="67" count="5" type="cond" truecount="4" falsecount="0"/>
        <line num="68" count="8" type="cond" truecount="2" falsecount="0"/>
        <line num="69" count="2" type="stmt"/>
      </file>
    </package>
    <package name="financer.pages.Customers">
      <metrics statements="448" coveredstatements="129" conditionals="476" coveredconditionals="94" methods="192" coveredmethods="24"/>
      <file name="Customers.css" path="C:\Users\Manikantha.N\Desktop\INRFS_FINANCER_FE\src\financer\pages\Customers\Customers.css">
        <metrics statements="0" coveredstatements="0" conditionals="0" coveredconditionals="0" methods="0" coveredmethods="0"/>
      </file>
      <file name="Customers.jsx" path="C:\Users\Manikantha.N\Desktop\INRFS_FINANCER_FE\src\financer\pages\Customers\Customers.jsx">
        <metrics statements="448" coveredstatements="129" conditionals="476" coveredconditionals="94" methods="192" coveredmethods="24"/>
        <line num="34" count="2" type="stmt"/>
        <line num="36" count="1" type="stmt"/>
        <line num="37" count="0" type="cond" truecount="0" falsecount="4"/>
        <line num="38" count="0" type="stmt"/>
        <line num="39" count="0" type="stmt"/>
        <line num="40" count="0" type="cond" truecount="0" falsecount="2"/>
        <line num="41" count="0" type="cond" truecount="0" falsecount="2"/>
        <line num="43" count="0" type="stmt"/>
        <line num="44" count="0" type="stmt"/>
        <line num="45" count="0" type="stmt"/>
        <line num="46" count="0" type="stmt"/>
        <line num="48" count="0" type="stmt"/>
        <line num="51" count="1" type="cond" truecount="0" falsecount="4"/>
        <line num="52" count="1" type="stmt"/>
        <line num="53" count="0" type="cond" truecount="0" falsecount="2"/>
        <line num="56" count="0" type="cond" truecount="0" falsecount="5"/>
        <line num="58" count="1" type="cond" truecount="0" falsecount="2"/>
        <line num="64" count="1" type="stmt"/>
        <line num="65" count="0" type="stmt"/>
        <line num="66" count="0" type="stmt"/>
        <line num="67" count="0" type="stmt"/>
        <line num="68" count="0" type="stmt"/>
        <line num="71" count="1" type="stmt"/>
        <line num="72" count="0" type="stmt"/>
        <line num="78" count="1" type="stmt"/>
        <line num="79" count="0" type="cond" truecount="0" falsecount="4"/>
        <line num="81" count="0" type="stmt"/>
        <line num="82" count="0" type="cond" truecount="0" falsecount="2"/>
        <line num="84" count="0" type="stmt"/>
        <line num="91" count="1" type="stmt"/>
        <line num="92" count="5" type="cond" truecount="1" falsecount="1"/>
        <line num="93" count="5" type="cond" truecount="1" falsecount="1"/>
        <line num="96" count="5" type="cond" truecount="1" falsecount="1"/>
        <line num="98" count="1" type="stmt"/>
        <line num="99" count="4" type="cond" truecount="1" falsecount="1"/>
        <line num="102" count="4" type="cond" truecount="1" falsecount="1"/>
        <line num="103" count="0" type="stmt"/>
        <line num="115" count="4" type="cond" truecount="1" falsecount="1"/>
        <line num="120" count="4" type="cond" truecount="1" falsecount="1"/>
        <line num="121" count="0" type="stmt"/>
        <line num="133" count="4" type="cond" truecount="1" falsecount="1"/>
        <line num="134" count="4" type="cond" truecount="1" falsecount="1"/>
        <line num="138" count="4" type="stmt"/>
        <line num="157" count="1" type="stmt"/>
        <line num="178" count="1" type="stmt"/>
        <line num="187" count="1" type="stmt"/>
        <line num="197" count="1" type="stmt"/>
        <line num="213" count="11" type="stmt"/>
        <line num="214" count="11" type="stmt"/>
        <line num="215" count="11" type="stmt"/>
        <line num="216" count="11" type="stmt"/>
        <line num="217" count="11" type="stmt"/>
        <line num="218" count="11" type="stmt"/>
        <line num="219" count="11" type="stmt"/>
        <line num="221" count="11" type="stmt"/>
        <line num="222" count="4" type="stmt"/>
        <line num="223" count="4" type="stmt"/>
        <line num="224" count="4" type="stmt"/>
        <line num="225" count="4" type="stmt"/>
        <line num="226" count="3" type="stmt"/>
        <line num="227" count="3" type="stmt"/>
        <line num="228" count="3" type="stmt"/>
        <line num="229" count="3" type="stmt"/>
        <line num="230" count="3" type="stmt"/>
        <line num="231" count="3" type="cond" truecount="0" falsecount="2"/>
        <line num="232" count="3" type="cond" truecount="0" falsecount="4"/>
        <line num="233" count="3" type="stmt"/>
        <line num="234" count="3" type="cond" truecount="0" falsecount="4"/>
        <line num="235" count="3" type="stmt"/>
        <line num="236" count="4" type="cond" truecount="2" falsecount="0"/>
        <line num="237" count="4" type="cond" truecount="2" falsecount="0"/>
        <line num="238" count="0" type="cond" truecount="0" falsecount="3"/>
        <line num="239" count="0" type="stmt"/>
        <line num="241" count="4" type="cond" truecount="2" falsecount="2"/>
        <line num="244" count="1" type="stmt"/>
        <line num="246" count="4" type="stmt"/>
        <line num="250" count="11" type="stmt"/>
        <line num="252" count="11" type="cond" truecount="2" falsecount="0"/>
        <line num="253" count="11" type="stmt"/>
        <line num="255" count="11" type="stmt"/>
        <line num="256" count="11" type="stmt"/>
        <line num="258" count="11" type="stmt"/>
        <line num="259" count="11" type="stmt"/>
        <line num="260" count="11" type="stmt"/>
        <line num="261" count="11" type="stmt"/>
        <line num="262" count="11" type="stmt"/>
        <line num="264" count="11" type="stmt"/>
        <line num="265" count="11" type="stmt"/>
        <line num="266" count="11" type="stmt"/>
        <line num="267" count="11" type="stmt"/>
        <line num="269" count="11" type="stmt"/>
        <line num="270" count="11" type="stmt"/>
        <line num="272" count="11" type="stmt"/>
        <line num="273" count="7" type="cond" truecount="2" falsecount="0"/>
        <line num="277" count="11" type="stmt"/>
        <line num="278" count="6" type="stmt"/>
        <line num="281" count="6" type="cond" truecount="4" falsecount="0"/>
        <line num="287" count="6" type="cond" truecount="1" falsecount="1"/>
        <line num="289" count="6" type="cond" truecount="2" falsecount="0"/>
        <line num="292" count="11" type="stmt"/>
        <line num="293" count="11" type="stmt"/>
        <line num="294" count="6" type="stmt"/>
        <line num="296" count="11" type="stmt"/>
        <line num="297" count="6" type="stmt"/>
        <line num="300" count="11" type="cond" truecount="0" falsecount="1"/>
        <line num="301" count="0" type="stmt"/>
        <line num="302" count="0" type="stmt"/>
        <line num="305" count="11" type="stmt"/>
        <line num="306" count="0" type="stmt"/>
        <line num="307" count="0" type="stmt"/>
        <line num="310" count="11" type="stmt"/>
        <line num="311" count="0" type="stmt"/>
        <line num="312" count="0" type="stmt"/>
        <line num="313" count="0" type="cond" truecount="0" falsecount="2"/>
        <line num="322" count="11" type="stmt"/>
        <line num="323" count="1" type="stmt"/>
        <line num="324" count="1" type="stmt"/>
        <line num="325" count="1" type="stmt"/>
        <line num="326" count="1" type="stmt"/>
        <line num="329" count="11" type="stmt"/>
        <line num="330" count="1" type="stmt"/>
        <line num="331" count="1" type="stmt"/>
        <line num="332" count="1" type="stmt"/>
        <line num="335" count="11" type="stmt"/>
        <line num="336" count="0" type="stmt"/>
        <line num="337" count="0" type="stmt"/>
        <line num="343" count="11" type="stmt"/>
        <line num="344" count="0" type="cond" truecount="0" falsecount="2"/>
        <line num="347" count="11" type="stmt"/>
        <line num="348" count="0" type="stmt"/>
        <line num="350" count="0" type="cond" truecount="0" falsecount="2"/>
        <line num="351" count="0" type="cond" truecount="0" falsecount="2"/>
        <line num="352" count="0" type="stmt"/>
        <line num="353" count="0" type="stmt"/>
        <line num="356" count="0" type="cond" truecount="0" falsecount="2"/>
        <line num="357" count="0" type="stmt"/>
        <line num="358" count="0" type="stmt"/>
        <line num="361" count="0" type="stmt"/>
        <line num="362" count="0" type="stmt"/>
        <line num="363" count="0" type="stmt"/>
        <line num="364" count="0" type="stmt"/>
        <line num="365" count="0" type="stmt"/>
        <line num="367" count="0" type="stmt"/>
        <line num="368" count="0" type="stmt"/>
        <line num="369" count="0" type="stmt"/>
        <line num="370" count="0" type="stmt"/>
        <line num="371" count="0" type="stmt"/>
        <line num="372" count="0" type="stmt"/>
        <line num="373" count="0" type="stmt"/>
        <line num="375" count="0" type="stmt"/>
        <line num="377" count="0" type="stmt"/>
        <line num="381" count="11" type="stmt"/>
        <line num="382" count="0" type="cond" truecount="0" falsecount="2"/>
        <line num="383" count="0" type="stmt"/>
        <line num="391" count="11" type="cond" truecount="0" falsecount="1"/>
        <line num="392" count="0" type="cond" truecount="0" falsecount="2"/>
        <line num="394" count="0" type="stmt"/>
        <line num="411" count="0" type="stmt"/>
        <line num="414" count="11" type="stmt"/>
        <line num="415" count="0" type="stmt"/>
        <line num="417" count="0" type="cond" truecount="0" falsecount="2"/>
        <line num="420" count="0" type="stmt"/>
        <line num="421" count="0" type="cond" truecount="0" falsecount="2"/>
        <line num="422" count="0" type="stmt"/>
        <line num="423" count="0" type="stmt"/>
        <line num="426" count="0" type="stmt"/>
        <line num="427" count="0" type="stmt"/>
        <line num="428" count="0" type="stmt"/>
        <line num="429" count="0" type="stmt"/>
        <line num="430" count="0" type="stmt"/>
        <line num="432" count="0" type="stmt"/>
        <line num="434" count="0" type="stmt"/>
        <line num="442" count="11" type="cond" truecount="0" falsecount="1"/>
        <line num="443" count="0" type="cond" truecount="0" falsecount="2"/>
        <line num="444" count="0" type="cond" truecount="0" falsecount="2"/>
        <line num="445" count="0" type="stmt"/>
        <line num="446" count="0" type="stmt"/>
        <line num="447" count="0" type="stmt"/>
        <line num="453" count="0" type="stmt"/>
        <line num="456" count="11" type="stmt"/>
        <line num="457" count="0" type="stmt"/>
        <line num="458" count="0" type="stmt"/>
        <line num="461" count="11" type="stmt"/>
        <line num="462" count="0" type="stmt"/>
        <line num="464" count="0" type="cond" truecount="0" falsecount="2"/>
        <line num="466" count="0" type="stmt"/>
        <line num="467" count="0" type="cond" truecount="0" falsecount="2"/>
        <line num="468" count="0" type="cond" truecount="0" falsecount="2"/>
        <line num="469" count="0" type="stmt"/>
        <line num="470" count="0" type="stmt"/>
        <line num="471" count="0" type="stmt"/>
        <line num="472" count="0" type="cond" truecount="0" falsecount="2"/>
        <line num="473" count="0" type="cond" truecount="0" falsecount="2"/>
        <line num="474" count="0" type="cond" truecount="0" falsecount="4"/>
        <line num="475" count="0" type="stmt"/>
        <line num="476" count="0" type="cond" truecount="0" falsecount="2"/>
        <line num="477" count="0" type="stmt"/>
        <line num="478" count="0" type="stmt"/>
        <line num="479" count="0" type="stmt"/>
        <line num="486" count="11" type="cond" truecount="0" falsecount="1"/>
        <line num="487" count="0" type="cond" truecount="0" falsecount="2"/>
        <line num="489" count="0" type="stmt"/>
        <line num="491" count="0" type="cond" truecount="0" falsecount="2"/>
        <line num="495" count="0" type="stmt"/>
        <line num="498" count="11" type="stmt"/>
        <line num="499" count="0" type="stmt"/>
        <line num="505" count="11" type="stmt"/>
        <line num="506" count="0" type="stmt"/>
        <line num="508" count="0" type="cond" truecount="0" falsecount="2"/>
        <line num="510" count="0" type="stmt"/>
        <line num="512" count="0" type="cond" truecount="0" falsecount="2"/>
        <line num="513" count="0" type="stmt"/>
        <line num="514" count="0" type="stmt"/>
        <line num="517" count="0" type="cond" truecount="0" falsecount="2"/>
        <line num="518" count="0" type="stmt"/>
        <line num="519" count="0" type="stmt"/>
        <line num="522" count="0" type="cond" truecount="0" falsecount="2"/>
        <line num="523" count="0" type="stmt"/>
        <line num="524" count="0" type="stmt"/>
        <line num="526" count="0" type="stmt"/>
        <line num="527" count="0" type="stmt"/>
        <line num="528" count="0" type="stmt"/>
        <line num="529" count="0" type="cond" truecount="0" falsecount="8"/>
        <line num="530" count="0" type="stmt"/>
        <line num="531" count="0" type="stmt"/>
        <line num="532" count="0" type="stmt"/>
        <line num="539" count="11" type="stmt"/>
        <line num="540" count="0" type="stmt"/>
        <line num="542" count="0" type="cond" truecount="0" falsecount="4"/>
        <line num="544" count="0" type="stmt"/>
        <line num="545" count="0" type="stmt"/>
        <line num="557" count="0" type="stmt"/>
        <line num="564" count="11" type="stmt"/>
        <line num="565" count="0" type="stmt"/>
        <line num="567" count="0" type="stmt"/>
        <line num="569" count="0" type="cond" truecount="0" falsecount="4"/>
        <line num="571" count="0" type="stmt"/>
        <line num="584" count="0" type="stmt"/>
        <line num="585" count="0" type="stmt"/>
        <line num="586" count="0" type="stmt"/>
        <line num="593" count="11" type="stmt"/>
        <line num="655" count="1" type="stmt"/>
        <line num="665" count="0" type="stmt"/>
        <line num="694" count="5" type="stmt"/>
        <line num="733" count="0" type="stmt"/>
        <line num="743" count="0" type="stmt"/>
        <line num="744" count="0" type="stmt"/>
        <line num="786" count="0" type="stmt"/>
        <line num="787" count="0" type="stmt"/>
        <line num="788" count="0" type="stmt"/>
        <line num="789" count="0" type="stmt"/>
        <line num="800" count="0" type="stmt"/>
        <line num="813" count="0" type="stmt"/>
        <line num="831" count="0" type="stmt"/>
        <line num="841" count="0" type="stmt"/>
        <line num="856" count="0" type="stmt"/>
        <line num="863" count="0" type="stmt"/>
        <line num="873" count="0" type="stmt"/>
        <line num="879" count="0" type="stmt"/>
        <line num="889" count="0" type="stmt"/>
        <line num="932" count="0" type="stmt"/>
        <line num="951" count="0" type="stmt"/>
        <line num="957" count="0" type="stmt"/>
        <line num="959" count="0" type="stmt"/>
        <line num="967" count="0" type="stmt"/>
        <line num="979" count="0" type="stmt"/>
        <line num="990" count="0" type="stmt"/>
        <line num="998" count="0" type="stmt"/>
        <line num="1011" count="0" type="stmt"/>
        <line num="1028" count="0" type="stmt"/>
        <line num="1039" count="0" type="stmt"/>
        <line num="1079" count="0" type="stmt"/>
        <line num="1097" count="0" type="stmt"/>
        <line num="1112" count="0" type="stmt"/>
        <line num="1127" count="0" type="stmt"/>
        <line num="1159" count="0" type="cond" truecount="0" falsecount="2"/>
        <line num="1160" count="0" type="stmt"/>
        <line num="1161" count="0" type="stmt"/>
        <line num="1162" count="0" type="stmt"/>
        <line num="1164" count="0" type="stmt"/>
        <line num="1165" count="0" type="cond" truecount="0" falsecount="2"/>
        <line num="1166" count="0" type="stmt"/>
        <line num="1167" count="0" type="stmt"/>
        <line num="1168" count="0" type="stmt"/>
        <line num="1169" count="0" type="stmt"/>
        <line num="1170" count="0" type="stmt"/>
        <line num="1171" count="0" type="stmt"/>
        <line num="1174" count="0" type="stmt"/>
        <line num="1178" count="0" type="stmt"/>
        <line num="1249" count="0" type="stmt"/>
        <line num="1259" count="0" type="stmt"/>
        <line num="1308" count="0" type="stmt"/>
        <line num="1354" count="0" type="cond" truecount="0" falsecount="2"/>
        <line num="1355" count="0" type="stmt"/>
        <line num="1358" count="0" type="stmt"/>
        <line num="1361" count="0" type="stmt"/>
        <line num="1382" count="0" type="cond" truecount="0" falsecount="2"/>
        <line num="1383" count="0" type="cond" truecount="0" falsecount="2"/>
        <line num="1384" count="0" type="stmt"/>
        <line num="1385" count="0" type="stmt"/>
        <line num="1395" count="0" type="cond" truecount="0" falsecount="2"/>
        <line num="1396" count="0" type="stmt"/>
        <line num="1399" count="0" type="stmt"/>
        <line num="1415" count="0" type="stmt"/>
        <line num="1435" count="0" type="cond" truecount="0" falsecount="2"/>
        <line num="1436" count="0" type="stmt"/>
        <line num="1439" count="0" type="stmt"/>
        <line num="1455" count="0" type="stmt"/>
        <line num="1479" count="0" type="stmt"/>
        <line num="1485" count="0" type="stmt"/>
        <line num="1505" count="0" type="stmt"/>
        <line num="1520" count="0" type="cond" truecount="0" falsecount="2"/>
        <line num="1521" count="0" type="stmt"/>
        <line num="1524" count="0" type="stmt"/>
        <line num="1527" count="0" type="stmt"/>
        <line num="1560" count="1" type="stmt"/>
        <line num="1562" count="1" type="stmt"/>
        <line num="1566" count="0" type="stmt"/>
        <line num="1587" count="4" type="stmt"/>
        <line num="1589" count="4" type="cond" truecount="1" falsecount="1"/>
        <line num="1595" count="4" type="stmt"/>
        <line num="1621" count="0" type="stmt"/>
        <line num="1631" count="0" type="stmt"/>
        <line num="1641" count="0" type="stmt"/>
        <line num="1651" count="0" type="stmt"/>
        <line num="1668" count="0" type="stmt"/>
        <line num="1685" count="0" type="stmt"/>
        <line num="1713" count="0" type="stmt"/>
        <line num="1733" count="0" type="stmt"/>
        <line num="1763" count="0" type="stmt"/>
        <line num="1771" count="0" type="stmt"/>
        <line num="1779" count="0" type="stmt"/>
        <line num="1787" count="0" type="stmt"/>
        <line num="1795" count="0" type="stmt"/>
        <line num="1825" count="1" type="stmt"/>
        <line num="1826" count="0" type="cond" truecount="0" falsecount="9"/>
        <line num="1829" count="0" type="stmt"/>
        <line num="1833" count="0" type="stmt"/>
        <line num="1837" count="0" type="stmt"/>
        <line num="1842" count="0" type="stmt"/>
        <line num="1846" count="0" type="stmt"/>
        <line num="1850" count="0" type="stmt"/>
        <line num="1854" count="0" type="stmt"/>
        <line num="1860" count="0" type="stmt"/>
        <line num="1864" count="1" type="stmt"/>
        <line num="1865" count="0" type="stmt"/>
        <line num="1868" count="1" type="stmt"/>
        <line num="1875" count="0" type="stmt"/>
        <line num="1891" count="0" type="stmt"/>
        <line num="1908" count="0" type="stmt"/>
        <line num="1923" count="0" type="stmt"/>
        <line num="1943" count="0" type="stmt"/>
        <line num="1960" count="0" type="stmt"/>
        <line num="1974" count="0" type="stmt"/>
        <line num="1985" count="0" type="stmt"/>
        <line num="1996" count="0" type="stmt"/>
        <line num="2009" count="0" type="stmt"/>
        <line num="2022" count="0" type="stmt"/>
        <line num="2039" count="0" type="stmt"/>
        <line num="2057" count="0" type="stmt"/>
        <line num="2075" count="5" type="stmt"/>
        <line num="2076" count="5" type="cond" truecount="3" falsecount="1"/>
        <line num="2077" count="5" type="stmt"/>
        <line num="2089" count="0" type="stmt"/>
        <line num="2090" count="0" type="stmt"/>
        <line num="2091" count="0" type="stmt"/>
        <line num="2092" count="0" type="stmt"/>
        <line num="2093" count="0" type="stmt"/>
        <line num="2094" count="0" type="cond" truecount="0" falsecount="2"/>
        <line num="2096" count="0" type="stmt"/>
        <line num="2097" count="0" type="stmt"/>
        <line num="2098" count="0" type="stmt"/>
        <line num="2099" count="0" type="stmt"/>
        <line num="2101" count="0" type="stmt"/>
        <line num="2103" count="0" type="stmt"/>
        <line num="2104" count="0" type="stmt"/>
        <line num="2108" count="0" type="cond" truecount="0" falsecount="2"/>
        <line num="2109" count="0" type="cond" truecount="0" falsecount="2"/>
        <line num="2110" count="0" type="cond" truecount="0" falsecount="2"/>
        <line num="2112" count="0" type="stmt"/>
        <line num="2115" count="0" type="stmt"/>
        <line num="2122" count="0" type="stmt"/>
        <line num="2132" count="0" type="stmt"/>
        <line num="2134" count="0" type="stmt"/>
        <line num="2135" count="0" type="cond" truecount="0" falsecount="2"/>
        <line num="2146" count="0" type="stmt"/>
        <line num="2147" count="0" type="stmt"/>
        <line num="2148" count="0" type="stmt"/>
        <line num="2149" count="0" type="stmt"/>
        <line num="2150" count="0" type="stmt"/>
        <line num="2151" count="0" type="stmt"/>
        <line num="2152" count="0" type="stmt"/>
        <line num="2155" count="0" type="cond" truecount="0" falsecount="2"/>
        <line num="2157" count="0" type="cond" truecount="0" falsecount="2"/>
        <line num="2159" count="0" type="stmt"/>
        <line num="2161" count="0" type="cond" truecount="0" falsecount="4"/>
        <line num="2171" count="1" type="stmt"/>
        <line num="2174" count="0" type="stmt"/>
        <line num="2178" count="0" type="stmt"/>
        <line num="2202" count="1" type="stmt"/>
        <line num="2220" count="0" type="stmt"/>
        <line num="2234" count="0" type="stmt"/>
        <line num="2235" count="0" type="cond" truecount="0" falsecount="2"/>
        <line num="2237" count="0" type="cond" truecount="0" falsecount="2"/>
        <line num="2238" count="0" type="stmt"/>
        <line num="2239" count="0" type="stmt"/>
        <line num="2242" count="0" type="stmt"/>
        <line num="2248" count="0" type="stmt"/>
        <line num="2255" count="0" type="stmt"/>
        <line num="2261" count="0" type="cond" truecount="0" falsecount="2"/>
        <line num="2265" count="0" type="stmt"/>
        <line num="2268" count="0" type="stmt"/>
        <line num="2269" count="0" type="stmt"/>
        <line num="2273" count="0" type="cond" truecount="0" falsecount="2"/>
        <line num="2274" count="0" type="stmt"/>
        <line num="2277" count="0" type="stmt"/>
        <line num="2278" count="0" type="stmt"/>
        <line num="2282" count="0" type="cond" truecount="0" falsecount="2"/>
        <line num="2283" count="0" type="stmt"/>
        <line num="2286" count="0" type="stmt"/>
        <line num="2287" count="0" type="stmt"/>
        <line num="2290" count="0" type="stmt"/>
        <line num="2293" count="0" type="stmt"/>
        <line num="2314" count="44" type="stmt"/>
        <line num="2326" count="0" type="stmt"/>
        <line num="2335" count="0" type="stmt"/>
        <line num="2345" count="0" type="stmt"/>
        <line num="2354" count="5" type="cond" truecount="1" falsecount="1"/>
        <line num="2356" count="5" type="stmt"/>
        <line num="2358" count="5" type="cond" truecount="1" falsecount="1"/>
        <line num="2363" count="0" type="stmt"/>
        <line num="2364" count="5" type="cond" truecount="1" falsecount="1"/>
        <line num="2368" count="0" type="stmt"/>
        <line num="2369" count="5" type="cond" truecount="2" falsecount="0"/>
        <line num="2373" count="2" type="stmt"/>
        <line num="2376" count="5" type="stmt"/>
        <line num="2384" count="0" type="stmt"/>
        <line num="2393" count="0" type="stmt"/>
        <line num="2394" count="0" type="stmt"/>
        <line num="2396" count="0" type="cond" truecount="0" falsecount="2"/>
        <line num="2397" count="0" type="stmt"/>
        <line num="2398" count="0" type="stmt"/>
        <line num="2400" count="0" type="stmt"/>
        <line num="2411" count="0" type="cond" truecount="0" falsecount="2"/>
        <line num="2412" count="0" type="stmt"/>
        <line num="2413" count="0" type="stmt"/>
        <line num="2415" count="0" type="stmt"/>
        <line num="2431" count="0" type="stmt"/>
      </file>
    </package>
    <package name="financer.pages.Dashboard">
      <metrics statements="40" coveredstatements="22" conditionals="50" coveredconditionals="19" methods="17" coveredmethods="5"/>
      <file name="Dashboard.css" path="C:\Users\Manikantha.N\Desktop\INRFS_FINANCER_FE\src\financer\pages\Dashboard\Dashboard.css">
        <metrics statements="0" coveredstatements="0" conditionals="0" coveredconditionals="0" methods="0" coveredmethods="0"/>
      </file>
      <file name="Dashboard.jsx" path="C:\Users\Manikantha.N\Desktop\INRFS_FINANCER_FE\src\financer\pages\Dashboard\Dashboard.jsx">
        <metrics statements="40" coveredstatements="22" conditionals="50" coveredconditionals="19" methods="17" coveredmethods="5"/>
        <line num="33" count="6" type="stmt"/>
        <line num="34" count="6" type="stmt"/>
        <line num="35" count="6" type="stmt"/>
        <line num="36" count="6" type="cond" truecount="1" falsecount="1"/>
        <line num="37" count="6" type="stmt"/>
        <line num="38" count="6" type="stmt"/>
        <line num="39" count="3" type="stmt"/>
        <line num="40" count="3" type="stmt"/>
        <line num="42" count="0" type="stmt"/>
        <line num="45" count="3" type="stmt"/>
        <line num="46" count="3" type="stmt"/>
        <line num="48" count="3" type="cond" truecount="1" falsecount="1"/>
        <line num="49" count="3" type="cond" truecount="1" falsecount="2"/>
        <line num="51" count="3" type="cond" truecount="2" falsecount="0"/>
        <line num="54" count="3" type="cond" truecount="3" falsecount="0"/>
        <line num="58" count="3" type="stmt"/>
        <line num="63" count="0" type="stmt"/>
        <line num="66" count="6" type="stmt"/>
        <line num="67" count="6" type="cond" truecount="1" falsecount="1"/>
        <line num="68" count="6" type="cond" truecount="1" falsecount="1"/>
        <line num="69" count="6" type="cond" truecount="1" falsecount="1"/>
        <line num="71" count="6" type="stmt"/>
        <line num="72" count="0" type="stmt"/>
        <line num="75" count="6" type="stmt"/>
        <line num="76" count="0" type="stmt"/>
        <line num="77" count="0" type="stmt"/>
        <line num="78" count="0" type="stmt"/>
        <line num="79" count="0" type="stmt"/>
        <line num="80" count="0" type="stmt"/>
        <line num="81" count="0" type="stmt"/>
        <line num="82" count="0" type="stmt"/>
        <line num="85" count="6" type="stmt"/>
        <line num="203" count="0" type="stmt"/>
        <line num="207" count="0" type="stmt"/>
        <line num="244" count="0" type="stmt"/>
        <line num="278" count="0" type="cond" truecount="0" falsecount="4"/>
        <line num="279" count="0" type="stmt"/>
        <line num="294" count="0" type="stmt"/>
        <line num="314" count="0" type="stmt"/>
        <line num="338" count="0" type="stmt"/>
      </file>
    </package>
    <package name="financer.pages.DueOverdue">
      <metrics statements="157" coveredstatements="92" conditionals="150" coveredconditionals="78" methods="40" coveredmethods="23"/>
      <file name="DueOverdue.css" path="C:\Users\Manikantha.N\Desktop\INRFS_FINANCER_FE\src\financer\pages\DueOverdue\DueOverdue.css">
        <metrics statements="0" coveredstatements="0" conditionals="0" coveredconditionals="0" methods="0" coveredmethods="0"/>
      </file>
      <file name="DueOverdue.jsx" path="C:\Users\Manikantha.N\Desktop\INRFS_FINANCER_FE\src\financer\pages\DueOverdue\DueOverdue.jsx">
        <metrics statements="157" coveredstatements="92" conditionals="150" coveredconditionals="78" methods="40" coveredmethods="23"/>
        <line num="25" count="1" type="stmt"/>
        <line num="41" count="1" type="stmt"/>
        <line num="42" count="3" type="stmt"/>
        <line num="44" count="3" type="stmt"/>
        <line num="52" count="1" type="stmt"/>
        <line num="53" count="21" type="cond" truecount="1" falsecount="1"/>
        <line num="54" count="0" type="stmt"/>
        <line num="58" count="21" type="cond" truecount="2" falsecount="0"/>
        <line num="59" count="7" type="stmt"/>
        <line num="66" count="14" type="stmt"/>
        <line num="69" count="14" type="cond" truecount="1" falsecount="1"/>
        <line num="70" count="0" type="stmt"/>
        <line num="79" count="14" type="stmt"/>
        <line num="83" count="14" type="cond" truecount="1" falsecount="1"/>
        <line num="84" count="0" type="stmt"/>
        <line num="87" count="0" type="stmt"/>
        <line num="89" count="0" type="stmt"/>
        <line num="92" count="0" type="stmt"/>
        <line num="97" count="0" type="cond" truecount="0" falsecount="2"/>
        <line num="102" count="0" type="stmt"/>
        <line num="114" count="14" type="stmt"/>
        <line num="118" count="14" type="cond" truecount="1" falsecount="1"/>
        <line num="119" count="14" type="stmt"/>
        <line num="126" count="0" type="stmt"/>
        <line num="130" count="1" type="stmt"/>
        <line num="131" count="14" type="stmt"/>
        <line num="133" count="14" type="cond" truecount="1" falsecount="1"/>
        <line num="134" count="0" type="stmt"/>
        <line num="137" count="14" type="stmt"/>
        <line num="139" count="14" type="stmt"/>
        <line num="143" count="14" type="stmt"/>
        <line num="147" count="14" type="stmt"/>
        <line num="151" count="1" type="stmt"/>
        <line num="152" count="0" type="stmt"/>
        <line num="154" count="0" type="cond" truecount="0" falsecount="2"/>
        <line num="155" count="0" type="stmt"/>
        <line num="158" count="0" type="stmt"/>
        <line num="160" count="0" type="stmt"/>
        <line num="164" count="0" type="stmt"/>
        <line num="168" count="1" type="stmt"/>
        <line num="169" count="0" type="stmt"/>
        <line num="171" count="0" type="cond" truecount="0" falsecount="2"/>
        <line num="172" count="0" type="stmt"/>
        <line num="175" count="0" type="stmt"/>
        <line num="181" count="1" type="stmt"/>
        <line num="182" count="4" type="stmt"/>
        <line num="184" count="4" type="cond" truecount="1" falsecount="1"/>
        <line num="185" count="0" type="cond" truecount="0" falsecount="2"/>
        <line num="188" count="4" type="stmt"/>
        <line num="203" count="1" type="stmt"/>
        <line num="205" count="36" type="cond" truecount="1" falsecount="1"/>
        <line num="208" count="36" type="stmt"/>
        <line num="215" count="1" type="stmt"/>
        <line num="216" count="20" type="cond" truecount="1" falsecount="1"/>
        <line num="218" count="20" type="stmt"/>
        <line num="233" count="9" type="stmt"/>
        <line num="234" count="9" type="stmt"/>
        <line num="235" count="9" type="stmt"/>
        <line num="236" count="4" type="stmt"/>
        <line num="237" count="6" type="cond" truecount="2" falsecount="0"/>
        <line num="240" count="1" type="stmt"/>
        <line num="249" count="9" type="stmt"/>
        <line num="253" count="9" type="stmt"/>
        <line num="257" count="9" type="stmt"/>
        <line num="261" count="9" type="stmt"/>
        <line num="265" count="9" type="stmt"/>
        <line num="269" count="9" type="stmt"/>
        <line num="273" count="9" type="stmt"/>
        <line num="280" count="9" type="stmt"/>
        <line num="282" count="0" type="stmt"/>
        <line num="284" count="0" type="stmt"/>
        <line num="286" count="0" type="stmt"/>
        <line num="288" count="0" type="stmt"/>
        <line num="296" count="9" type="stmt"/>
        <line num="298" count="4" type="cond" truecount="1" falsecount="1"/>
        <line num="299" count="4" type="stmt"/>
        <line num="303" count="0" type="cond" truecount="0" falsecount="2"/>
        <line num="305" count="0" type="cond" truecount="0" falsecount="2"/>
        <line num="306" count="0" type="stmt"/>
        <line num="309" count="0" type="stmt"/>
        <line num="316" count="0" type="cond" truecount="0" falsecount="2"/>
        <line num="318" count="0" type="cond" truecount="0" falsecount="2"/>
        <line num="319" count="0" type="stmt"/>
        <line num="322" count="0" type="stmt"/>
        <line num="329" count="0" type="cond" truecount="0" falsecount="2"/>
        <line num="331" count="0" type="cond" truecount="0" falsecount="2"/>
        <line num="332" count="0" type="stmt"/>
        <line num="335" count="0" type="stmt"/>
        <line num="342" count="0" type="stmt"/>
        <line num="350" count="9" type="stmt"/>
        <line num="353" count="8" type="stmt"/>
        <line num="356" count="8" type="stmt"/>
        <line num="364" count="8" type="cond" truecount="2" falsecount="0"/>
        <line num="369" count="8" type="cond" truecount="2" falsecount="0"/>
        <line num="370" count="4" type="stmt"/>
        <line num="378" count="4" type="cond" truecount="1" falsecount="1"/>
        <line num="381" count="0" type="stmt"/>
        <line num="389" count="4" type="cond" truecount="1" falsecount="1"/>
        <line num="390" count="4" type="stmt"/>
        <line num="395" count="0" type="stmt"/>
        <line num="401" count="8" type="stmt"/>
        <line num="406" count="8" type="stmt"/>
        <line num="422" count="8" type="stmt"/>
        <line num="425" count="0" type="stmt"/>
        <line num="428" count="0" type="stmt"/>
        <line num="432" count="0" type="cond" truecount="0" falsecount="2"/>
        <line num="438" count="0" type="cond" truecount="0" falsecount="2"/>
        <line num="443" count="0" type="cond" truecount="0" falsecount="2"/>
        <line num="449" count="8" type="stmt"/>
        <line num="464" count="9" type="stmt"/>
        <line num="467" count="7" type="stmt"/>
        <line num="470" count="7" type="stmt"/>
        <line num="474" count="7" type="stmt"/>
        <line num="476" count="3" type="stmt"/>
        <line num="482" count="7" type="stmt"/>
        <line num="484" count="0" type="stmt"/>
        <line num="491" count="7" type="stmt"/>
        <line num="494" count="3" type="stmt"/>
        <line num="498" count="3" type="cond" truecount="1" falsecount="1"/>
        <line num="499" count="0" type="stmt"/>
        <line num="504" count="3" type="stmt"/>
        <line num="508" count="3" type="stmt"/>
        <line num="512" count="3" type="stmt"/>
        <line num="516" count="3" type="stmt"/>
        <line num="519" count="3" type="stmt"/>
        <line num="525" count="3" type="stmt"/>
        <line num="533" count="7" type="stmt"/>
        <line num="535" count="3" type="stmt"/>
        <line num="542" count="7" type="stmt"/>
        <line num="544" count="3" type="stmt"/>
        <line num="550" count="7" type="stmt"/>
        <line num="575" count="9" type="stmt"/>
        <line num="576" count="1" type="stmt"/>
        <line num="577" count="1" type="stmt"/>
        <line num="579" count="0" type="stmt"/>
        <line num="589" count="9" type="cond" truecount="2" falsecount="2"/>
        <line num="605" count="9" type="stmt"/>
        <line num="818" count="0" type="stmt"/>
        <line num="831" count="0" type="stmt"/>
        <line num="856" count="0" type="stmt"/>
        <line num="860" count="0" type="stmt"/>
        <line num="861" count="0" type="stmt"/>
        <line num="862" count="0" type="stmt"/>
        <line num="892" count="0" type="stmt"/>
        <line num="908" count="0" type="stmt"/>
        <line num="923" count="0" type="stmt"/>
        <line num="937" count="0" type="stmt"/>
        <line num="942" count="0" type="stmt"/>
        <line num="964" count="0" type="stmt"/>
        <line num="995" count="0" type="stmt"/>
        <line num="996" count="0" type="stmt"/>
        <line num="1027" count="0" type="stmt"/>
        <line num="1054" count="1" type="stmt"/>
        <line num="1140" count="0" type="stmt"/>
        <line num="1141" count="0" type="stmt"/>
        <line num="1187" count="4" type="stmt"/>
        <line num="1330" count="1" type="stmt"/>
      </file>
    </package>
    <package name="financer.pages.InterestSchedule">
      <metrics statements="24" coveredstatements="23" conditionals="10" coveredconditionals="8" methods="12" coveredmethods="11"/>
      <file name="InterestSchedule.css" path="C:\Users\Manikantha.N\Desktop\INRFS_FINANCER_FE\src\financer\pages\InterestSchedule\InterestSchedule.css">
        <metrics statements="0" coveredstatements="0" conditionals="0" coveredconditionals="0" methods="0" coveredmethods="0"/>
      </file>
      <file name="InterestSchedule.jsx" path="C:\Users\Manikantha.N\Desktop\INRFS_FINANCER_FE\src\financer\pages\InterestSchedule\InterestSchedule.jsx">
        <metrics statements="24" coveredstatements="23" conditionals="10" coveredconditionals="8" methods="12" coveredmethods="11"/>
        <line num="11" count="9" type="stmt"/>
        <line num="12" count="9" type="stmt"/>
        <line num="13" count="9" type="stmt"/>
        <line num="14" count="9" type="stmt"/>
        <line num="16" count="9" type="stmt"/>
        <line num="17" count="4" type="stmt"/>
        <line num="18" count="6" type="stmt"/>
        <line num="19" count="1" type="stmt"/>
        <line num="22" count="9" type="stmt"/>
        <line num="23" count="1" type="stmt"/>
        <line num="24" count="2" type="stmt"/>
        <line num="25" count="18" type="cond" truecount="1" falsecount="1"/>
        <line num="26" count="1" type="stmt"/>
        <line num="27" count="1" type="stmt"/>
        <line num="28" count="1" type="stmt"/>
        <line num="29" count="1" type="stmt"/>
        <line num="30" count="1" type="stmt"/>
        <line num="33" count="9" type="stmt"/>
        <line num="34" count="8" type="cond" truecount="2" falsecount="0"/>
        <line num="35" count="8" type="cond" truecount="1" falsecount="1"/>
        <line num="36" count="8" type="cond" truecount="2" falsecount="0"/>
        <line num="39" count="9" type="stmt"/>
        <line num="63" count="0" type="stmt"/>
        <line num="91" count="7" type="stmt"/>
      </file>
    </package>
    <package name="financer.pages.Loans">
      <metrics statements="183" coveredstatements="97" conditionals="139" coveredconditionals="43" methods="63" coveredmethods="26"/>
      <file name="Loans.css" path="C:\Users\Manikantha.N\Desktop\INRFS_FINANCER_FE\src\financer\pages\Loans\Loans.css">
        <metrics statements="0" coveredstatements="0" conditionals="0" coveredconditionals="0" methods="0" coveredmethods="0"/>
      </file>
      <file name="Loans.jsx" path="C:\Users\Manikantha.N\Desktop\INRFS_FINANCER_FE\src\financer\pages\Loans\Loans.jsx">
        <metrics statements="171" coveredstatements="85" conditionals="127" coveredconditionals="37" methods="59" coveredmethods="22"/>
        <line num="37" count="1" type="stmt"/>
        <line num="47" count="1" type="stmt"/>
        <line num="48" count="2" type="cond" truecount="3" falsecount="1"/>
        <line num="49" count="2" type="stmt"/>
        <line num="50" count="2" type="stmt"/>
        <line num="51" count="2" type="cond" truecount="1" falsecount="1"/>
        <line num="52" count="0" type="cond" truecount="0" falsecount="2"/>
[...]
        <line num="397" count="0" type="stmt"/>
        <line num="400" count="0" type="cond" truecount="0" falsecount="2"/>
        <line num="401" count="0" type="stmt"/>
        <line num="402" count="0" type="stmt"/>
        <line num="406" count="0" type="cond" truecount="0" falsecount="4"/>
        <line num="407" count="0" type="stmt"/>
        <line num="408" count="0" type="stmt"/>
        <line num="412" count="0" type="cond" truecount="0" falsecount="4"/>
        <line num="413" count="0" type="stmt"/>
        <line num="414" count="0" type="stmt"/>
        <line num="417" count="0" type="cond" truecount="0" falsecount="2"/>
        <line num="418" count="0" type="stmt"/>
        <line num="419" count="0" type="stmt"/>
        <line num="423" count="0" type="cond" truecount="0" falsecount="4"/>
        <line num="424" count="0" type="stmt"/>
        <line num="425" count="0" type="stmt"/>
        <line num="429" count="0" type="cond" truecount="0" falsecount="2"/>
        <line num="430" count="0" type="stmt"/>
        <line num="431" count="0" type="stmt"/>
        <line num="435" count="0" type="stmt"/>
        <line num="437" count="0" type="cond" truecount="0" falsecount="2"/>
        <line num="438" count="0" type="stmt"/>
        <line num="439" count="0" type="stmt"/>
        <line num="442" count="0" type="stmt"/>
        <line num="444" count="0" type="stmt"/>
        <line num="446" count="0" type="cond" truecount="0" falsecount="2"/>
        <line num="448" count="0" type="cond" truecount="0" falsecount="2"/>
        <line num="449" count="0" type="stmt"/>
        <line num="452" count="0" type="stmt"/>
        <line num="455" count="0" type="stmt"/>
        <line num="469" count="0" type="stmt"/>
        <line num="470" count="0" type="stmt"/>
        <line num="472" count="0" type="stmt"/>
        <line num="480" count="11" type="stmt"/>
        <line num="560" count="6" type="stmt"/>
        <line num="588" count="6" type="stmt"/>
        <line num="616" count="6" type="stmt"/>
        <line num="651" count="0" type="stmt"/>
        <line num="684" count="0" type="stmt"/>
        <line num="757" count="5" type="stmt"/>
        <line num="832" count="0" type="stmt"/>
        <line num="873" count="0" type="stmt"/>
        <line num="981" count="0" type="stmt"/>
        <line num="1011" count="0" type="cond" truecount="0" falsecount="2"/>
        <line num="1014" count="0" type="stmt"/>
        <line num="1081" count="0" type="stmt"/>
        <line num="1097" count="0" type="stmt"/>
        <line num="1117" count="0" type="stmt"/>
        <line num="1118" count="0" type="stmt"/>
        <line num="1119" count="0" type="stmt"/>
        <line num="1120" count="0" type="stmt"/>
        <line num="1121" count="0" type="stmt"/>
        <line num="1145" count="0" type="stmt"/>
        <line num="1172" count="0" type="stmt"/>
        <line num="1203" count="0" type="stmt"/>
        <line num="1216" count="0" type="stmt"/>
        <line num="1265" count="0" type="stmt"/>
        <line num="1296" count="0" type="stmt"/>
        <line num="1327" count="0" type="stmt"/>
        <line num="1368" count="0" type="stmt"/>
      </file>
      <file name="loanInterest.js" path="C:\Users\Manikantha.N\Desktop\INRFS_FINANCER_FE\src\financer\pages\Loans\loanInterest.js">
        <metrics statements="12" coveredstatements="12" conditionals="12" coveredconditionals="6" methods="4" coveredmethods="4"/>
        <line num="2" count="34" type="cond" truecount="1" falsecount="1"/>
        <line num="3" count="34" type="cond" truecount="1" falsecount="1"/>
        <line num="4" count="34" type="stmt"/>
        <line num="8" count="34" type="cond" truecount="1" falsecount="1"/>
        <line num="12" count="13" type="cond" truecount="2" falsecount="2"/>
        <line num="13" count="13" type="stmt"/>
        <line num="14" count="13" type="stmt"/>
        <line num="15" count="13" type="stmt"/>
        <line num="16" count="13" type="stmt"/>
        <line num="17" count="13" type="stmt"/>
        <line num="22" count="13" type="stmt"/>
        <line num="26" count="1" type="stmt"/>
      </file>
    </package>
    <package name="financer.pages.Payments">
      <metrics statements="235" coveredstatements="147" conditionals="350" coveredconditionals="190" methods="91" coveredmethods="50"/>
      <file name="Payments.css" path="C:\Users\Manikantha.N\Desktop\INRFS_FINANCER_FE\src\financer\pages\Payments\Payments.css">
        <metrics statements="0" coveredstatements="0" conditionals="0" coveredconditionals="0" methods="0" coveredmethods="0"/>
      </file>
      <file name="Payments.jsx" path="C:\Users\Manikantha.N\Desktop\INRFS_FINANCER_FE\src\financer\pages\Payments\Payments.jsx">
        <metrics statements="223" coveredstatements="135" conditionals="334" coveredconditionals="175" methods="86" coveredmethods="45"/>
        <line num="25" count="1" type="stmt"/>
        <line num="34" count="1" type="stmt"/>
        <line num="43" count="12" type="cond" truecount="2" falsecount="0"/>
        <line num="44" count="6" type="cond" truecount="1" falsecount="1"/>
        <line num="45" count="6" type="stmt"/>
        <line num="46" count="6" type="cond" truecount="1" falsecount="1"/>
        <line num="48" count="0" type="cond" truecount="0" falsecount="2"/>
        <line num="49" count="12" type="cond" truecount="1" falsecount="1"/>
        <line num="50" count="0" type="stmt"/>
        <line num="54" count="4" type="cond" truecount="2" falsecount="0"/>
        <line num="55" count="1" type="stmt"/>
        <line num="56" count="1" type="cond" truecount="2" falsecount="2"/>
        <line num="57" count="1" type="stmt"/>
        <line num="62" count="6" type="cond" truecount="2" falsecount="3"/>
        <line num="64" count="6" type="cond" truecount="5" falsecount="0"/>
        <line num="67" count="6" type="cond" truecount="2" falsecount="2"/>
        <line num="71" count="6" type="cond" truecount="1" falsecount="2"/>
        <line num="75" count="6" type="cond" truecount="4" falsecount="0"/>
        <line num="80" count="6" type="stmt"/>
        <line num="82" count="6" type="stmt"/>
        <line num="110" count="6" type="cond" truecount="3" falsecount="0"/>
        <line num="111" count="6" type="cond" truecount="2" falsecount="0"/>
        <line num="112" count="5" type="cond" truecount="2" falsecount="0"/>
        <line num="113" count="6" type="cond" truecount="2" falsecount="0"/>
        <line num="121" count="52" type="cond" truecount="2" falsecount="0"/>
        <line num="122" count="52" type="stmt"/>
        <line num="126" count="7" type="stmt"/>
        <line num="127" count="7" type="stmt"/>
        <line num="128" count="7" type="stmt"/>
        <line num="129" count="7" type="stmt"/>
        <line num="130" count="7" type="stmt"/>
        <line num="132" count="7" type="stmt"/>
        <line num="138" count="7" type="cond" truecount="2" falsecount="0"/>
        <line num="139" count="5" type="cond" truecount="1" falsecount="1"/>
        <line num="140" count="5" type="cond" truecount="2" falsecount="0"/>
        <line num="141" count="3" type="stmt"/>
        <line num="145" count="2" type="cond" truecount="1" falsecount="1"/>
        <line num="146" count="0" type="stmt"/>
        <line num="147" count="0" type="cond" truecount="0" falsecount="2"/>
        <line num="150" count="1" type="stmt"/>
        <line num="165" count="7" type="cond" truecount="1" falsecount="1"/>
        <line num="166" count="7" type="stmt"/>
        <line num="167" count="7" type="stmt"/>
        <line num="168" count="7" type="stmt"/>
        <line num="169" count="7" type="stmt"/>
        <line num="170" count="7" type="stmt"/>
        <line num="171" count="7" type="stmt"/>
        <line num="172" count="7" type="stmt"/>
        <line num="173" count="7" type="stmt"/>
        <line num="175" count="7" type="stmt"/>
        <line num="176" count="3" type="cond" truecount="1" falsecount="1"/>
        <line num="177" count="0" type="stmt"/>
        <line num="178" count="0" type="stmt"/>
        <line num="179" count="0" type="stmt"/>
        <line num="180" count="0" type="stmt"/>
        <line num="185" count="0" type="stmt"/>
        <line num="186" count="0" type="stmt"/>
        <line num="188" count="0" type="stmt"/>
        <line num="189" count="0" type="stmt"/>
        <line num="191" count="0" type="stmt"/>
        <line num="192" count="0" type="stmt"/>
        <line num="203" count="0" type="stmt"/>
        <line num="205" count="0" type="stmt"/>
        <line num="209" count="7" type="stmt"/>
        <line num="213" count="7" type="stmt"/>
        <line num="214" count="3" type="stmt"/>
        <line num="215" count="3" type="stmt"/>
        <line num="216" count="3" type="stmt"/>
        <line num="217" count="3" type="stmt"/>
        <line num="218" count="3" type="stmt"/>
        <line num="220" count="3" type="stmt"/>
        <line num="221" count="4" type="cond" truecount="2" falsecount="0"/>
        <line num="222" count="2" type="stmt"/>
        <line num="223" count="2" type="cond" truecount="1" falsecount="1"/>
        <line num="224" count="2" type="cond" truecount="1" falsecount="1"/>
        <line num="225" count="2" type="stmt"/>
        <line num="226" count="0" type="cond" truecount="0" falsecount="2"/>
        <line num="227" count="0" type="stmt"/>
        <line num="231" count="3" type="stmt"/>
        <line num="236" count="7" type="stmt"/>
        <line num="237" count="3" type="stmt"/>
        <line num="238" count="3" type="stmt"/>
        <line num="239" count="24" type="stmt"/>
        <line num="241" count="3" type="stmt"/>
        <line num="246" count="7" type="stmt"/>
        <line num="247" count="6" type="stmt"/>
        <line num="248" count="6" type="stmt"/>
        <line num="249" count="9" type="cond" truecount="4" falsecount="0"/>
        <line num="250" count="5" type="cond" truecount="2" falsecount="2"/>
        <line num="251" count="5" type="cond" truecount="2" falsecount="0"/>
        <line num="252" count="2" type="stmt"/>
        <line num="253" count="2" type="cond" truecount="1" falsecount="1"/>
        <line num="255" count="5" type="stmt"/>
        <line num="261" count="7" type="stmt"/>
        <line num="262" count="6" type="stmt"/>
        <line num="263" count="6" type="stmt"/>
        <line num="264" count="5" type="cond" truecount="1" falsecount="1"/>
        <line num="265" count="5" type="cond" truecount="1" falsecount="1"/>
        <line num="266" count="5" type="stmt"/>
        <line num="269" count="6" type="stmt"/>
        <line num="270" count="0" type="cond" truecount="0" falsecount="4"/>
        <line num="272" count="5" type="stmt"/>
        <line num="273" count="5" type="stmt"/>
        <line num="274" count="5" type="stmt"/>
        <line num="275" count="5" type="stmt"/>
        <line num="276" count="5" type="stmt"/>
        <line num="277" count="5" type="stmt"/>
        <line num="283" count="7" type="stmt"/>
        <line num="284" count="0" type="stmt"/>
        <line num="285" count="0" type="cond" truecount="0" falsecount="2"/>
        <line num="286" count="0" type="stmt"/>
        <line num="287" count="0" type="stmt"/>
        <line num="297" count="0" type="stmt"/>
        <line num="299" count="0" type="stmt"/>
        <line num="300" count="0" type="stmt"/>
        <line num="301" count="0" type="stmt"/>
        <line num="302" count="0" type="stmt"/>
        <line num="306" count="7" type="stmt"/>
        <line num="307" count="0" type="stmt"/>
        <line num="308" count="0" type="stmt"/>
        <line num="309" count="0" type="stmt"/>
        <line num="310" count="0" type="stmt"/>
        <line num="312" count="0" type="stmt"/>
        <line num="318" count="7" type="stmt"/>
        <line num="362" count="1" type="stmt"/>
        <line num="371" count="0" type="stmt"/>
        <line num="378" count="42" type="stmt"/>
        <line num="382" count="2" type="stmt"/>
        <line num="403" count="6" type="stmt"/>
        <line num="406" count="1" type="stmt"/>
        <line num="407" count="0" type="stmt"/>
        <line num="408" count="0" type="stmt"/>
        <line num="415" count="0" type="stmt"/>
        <line num="421" count="0" type="stmt"/>
        <line num="429" count="0" type="stmt"/>
        <line num="441" count="0" type="cond" truecount="0" falsecount="2"/>
        <line num="443" count="0" type="stmt"/>
        <line num="448" count="0" type="stmt"/>
        <line num="455" count="0" type="stmt"/>
        <line num="679" count="0" type="stmt"/>
        <line num="721" count="0" type="stmt"/>
        <line num="733" count="28" type="stmt"/>
        <line num="749" count="6" type="stmt"/>
        <line num="751" count="6" type="stmt"/>
        <line num="755" count="6" type="cond" truecount="2" falsecount="0"/>
        <line num="756" count="6" type="cond" truecount="2" falsecount="0"/>
        <line num="757" count="6" type="cond" truecount="1" falsecount="1"/>
        <line num="758" count="6" type="cond" truecount="1" falsecount="1"/>
        <line num="760" count="6" type="stmt"/>
        <line num="779" count="6" type="stmt"/>
        <line num="792" count="6" type="cond" truecount="1" falsecount="1"/>
        <line num="794" count="6" type="stmt"/>
        <line num="799" count="6" type="stmt"/>
        <line num="837" count="1" type="stmt"/>
        <line num="840" count="0" type="stmt"/>
        <line num="847" count="0" type="stmt"/>
        <line num="850" count="0" type="stmt"/>
        <line num="859" count="0" type="stmt"/>
        <line num="871" count="6" type="stmt"/>
        <line num="878" count="1" type="stmt"/>
        <line num="881" count="3" type="stmt"/>
        <line num="882" count="3" type="stmt"/>
        <line num="883" count="3" type="stmt"/>
        <line num="884" count="3" type="stmt"/>
        <line num="885" count="3" type="stmt"/>
        <line num="886" count="3" type="stmt"/>
        <line num="887" count="3" type="stmt"/>
        <line num="888" count="3" type="stmt"/>
        <line num="889" count="3" type="stmt"/>
        <line num="890" count="3" type="stmt"/>
        <line num="891" count="3" type="stmt"/>
        <line num="892" count="3" type="stmt"/>
        <line num="893" count="3" type="stmt"/>
        <line num="894" count="3" type="cond" truecount="1" falsecount="3"/>
        <line num="897" count="3" type="stmt"/>
        <line num="898" count="1" type="cond" truecount="1" falsecount="1"/>
        <line num="899" count="0" type="stmt"/>
        <line num="900" count="0" type="stmt"/>
        <line num="901" count="0" type="stmt"/>
        <line num="902" count="0" type="stmt"/>
        <line num="903" count="0" type="cond" truecount="0" falsecount="2"/>
        <line num="904" count="0" type="cond" truecount="0" falsecount="2"/>
        <line num="905" count="0" type="cond" truecount="0" falsecount="2"/>
        <line num="906" count="0" type="stmt"/>
        <line num="909" count="3" type="stmt"/>
        <line num="910" count="0" type="stmt"/>
        <line num="911" count="0" type="stmt"/>
        <line num="912" count="0" type="cond" truecount="0" falsecount="2"/>
        <line num="913" count="0" type="cond" truecount="0" falsecount="2"/>
        <line num="914" count="0" type="cond" truecount="0" falsecount="2"/>
        <line num="917" count="3" type="stmt"/>
        <line num="918" count="0" type="cond" truecount="0" falsecount="6"/>
        <line num="919" count="0" type="stmt"/>
        <line num="920" count="0" type="stmt"/>
        <line num="921" count="0" type="stmt"/>
        <line num="922" count="0" type="stmt"/>
        <line num="923" count="0" type="stmt"/>
        <line num="924" count="0" type="stmt"/>
        <line num="925" count="0" type="stmt"/>
        <line num="927" count="0" type="cond" truecount="0" falsecount="2"/>
        <line num="929" count="0" type="stmt"/>
        <line num="930" count="0" type="stmt"/>
        <line num="934" count="3" type="cond" truecount="1" falsecount="1"/>
        <line num="936" count="3" type="stmt"/>
        <line num="938" count="1" type="stmt"/>
        <line num="966" count="1" type="stmt"/>
        <line num="976" count="0" type="cond" truecount="1" falsecount="1"/>
        <line num="977" count="0" type="cond" truecount="1" falsecount="1"/>
        <line num="978" count="0" type="cond" truecount="1" falsecount="1"/>
        <line num="991" count="1" type="stmt"/>
        <line num="999" count="0" type="stmt"/>
        <line num="1003" count="12" type="stmt"/>
        <line num="1006" count="0" type="stmt"/>
        <line num="1013" count="0" type="stmt"/>
        <line num="1014" count="0" type="stmt"/>
        <line num="1043" count="0" type="stmt"/>
        <line num="1044" count="0" type="stmt"/>
        <line num="1046" count="0" type="stmt"/>
        <line num="1048" count="0" type="stmt"/>
        <line num="1050" count="0" type="stmt"/>
        <line num="1068" count="0" type="stmt"/>
        <line num="1076" count="0" type="stmt"/>
        <line num="1084" count="0" type="stmt"/>
      </file>
      <file name="paymentStatus.js" path="C:\Users\Manikantha.N\Desktop\INRFS_FINANCER_FE\src\financer\pages\Payments\paymentStatus.js">
        <metrics statements="12" coveredstatements="12" conditionals="16" coveredconditionals="15" methods="5" coveredmethods="5"/>
        <line num="1" count="2" type="stmt"/>
        <line num="4" count="12" type="stmt"/>
        <line num="10" count="108" type="stmt"/>
        <line num="11" count="12" type="stmt"/>
        <line num="18" count="10" type="cond" truecount="4" falsecount="0"/>
        <line num="19" count="4" type="stmt"/>
        <line num="21" count="6" type="cond" truecount="2" falsecount="0"/>
        <line num="22" count="5" type="cond" truecount="2" falsecount="0"/>
        <line num="23" count="4" type="stmt"/>
        <line num="27" count="2" type="stmt"/>
        <line num="28" count="2" type="cond" truecount="2" falsecount="0"/>
        <line num="29" count="1" type="stmt"/>
      </file>
    </package>
    <package name="financer.pages.Reports">
      <metrics statements="19" coveredstatements="19" conditionals="34" coveredconditionals="29" methods="6" coveredmethods="5"/>
      <file name="reportRows.js" path="C:\Users\Manikantha.N\Desktop\INRFS_FINANCER_FE\src\financer\pages\Reports\reportRows.js">
        <metrics statements="19" coveredstatements="19" conditionals="34" coveredconditionals="29" methods="6" coveredmethods="5"/>
        <line num="1" count="1" type="stmt"/>
        <line num="5" count="4" type="stmt"/>
        <line num="7" count="1" type="cond" truecount="1" falsecount="0"/>
        <line num="8" count="2" type="cond" truecount="2" falsecount="0"/>
        <line num="9" count="2" type="cond" truecount="2" falsecount="0"/>
        <line num="10" count="2" type="cond" truecount="2" falsecount="0"/>
        <line num="12" count="2" type="stmt"/>
        <line num="13" count="2" type="stmt"/>
        <line num="14" count="11" type="stmt"/>
        <line num="16" count="2" type="cond" truecount="2" falsecount="0"/>
        <line num="17" count="2" type="cond" truecount="2" falsecount="0"/>
        <line num="19" count="2" type="cond" truecount="4" falsecount="0"/>
        <line num="20" count="1" type="cond" truecount="2" falsecount="0"/>
        <line num="22" count="2" type="cond" truecount="4" falsecount="0"/>
        <line num="23" count="1" type="cond" truecount="2" falsecount="0"/>
        <line num="25" count="2" type="cond" truecount="4" falsecount="0"/>
        <line num="26" count="1" type="cond" truecount="2" falsecount="0"/>
        <line num="29" count="2" type="stmt"/>
        <line num="33" count="1" type="cond" truecount="0" falsecount="5"/>
      </file>
    </package>
  </project>
</coverage>
