{"C:\\Users\\Manikantha.N\\Desktop\\INRFS_FINANCER_FE\\src\\admin\\adminAccess.js": {"path":"C:\\Users\\Manikantha.N\\Desktop\\INRFS_FINANCER_FE\\src\\admin\\adminAccess.js","statementMap":{"0":{"start":{"line":1,"column":34},"end":{"line":1,"column":null}},"1":{"start":{"line":2,"column":37},"end":{"line":2,"column":null}},"2":{"start":{"line":3,"column":36},"end":{"line":3,"column":null}},"3":{"start":{"line":4,"column":35},"end":{"line":4,"column":null}},"4":{"start":{"line":5,"column":36},"end":{"line":5,"column":null}},"5":{"start":{"line":7,"column":13},"end":{"line":8,"column":null}},"6":{"start":{"line":8,"column":2},"end":{"line":8,"column":null}},"7":{"start":{"line":8,"column":30},"end":{"line":8,"column":54}}},"fnMap":{"0":{"name":"(anonymous_0)","decl":{"start":{"line":7,"column":13},"end":{"line":7,"column":28}},"loc":{"start":{"line":8,"column":2},"end":{"line":8,"column":null}},"line":8},"1":{"name":"(anonymous_1)","decl":{"start":{"line":8,"column":15},"end":{"line":8,"column":21}},"loc":{"start":{"line":8,"column":30},"end":{"line":8,"column":54}},"line":8}},"branchMap":{"0":{"loc":{"start":{"line":7,"column":28},"end":{"line":7,"column":44}},"type":"default-arg","locations":[{"start":{"line":7,"column":40},"end":{"line":7,"column":44}}],"line":7},"1":{"loc":{"start":{"line":7,"column":44},"end":{"line":7,"column":null}},"type":"default-arg","locations":[{"start":{"line":7,"column":59},"end":{"line":7,"column":null}}],"line":7}},"s":{"0":1,"1":1,"2":1,"3":1,"4":1,"5":1,"6":7,"7":17},"f":{"0":7,"1":17},"b":{"0":[7],"1":[7]},"meta":{"lastBranch":2,"lastFunction":2,"lastStatement":8,"seen":{"s:1:34:1:Infinity":0,"s:2:37:2:Infinity":1,"s:3:36:3:Infinity":2,"s:4:35:4:Infinity":3,"s:5:36:5:Infinity":4,"s:7:13:8:Infinity":5,"f:7:13:7:28":0,"s:8:2:8:Infinity":6,"b:7:40:7:44":0,"b:7:59:7:Infinity":1,"f:8:15:8:21":1,"s:8:30:8:54":7},"fnNames":{}}}
,"C:\\Users\\Manikantha.N\\Desktop\\INRFS_FINANCER_FE\\src\\admin\\pages\\Collections\\collectionOperationsUtils.js": {"path":"C:\\Users\\Manikantha.N\\Desktop\\INRFS_FINANCER_FE\\src\\admin\\pages\\Collections\\collectionOperationsUtils.js","statementMap":{"0":{"start":{"line":1,"column":13},"end":{"line":5,"column":null}},"1":{"start":{"line":2,"column":2},"end":{"line":3,"column":null}},"2":{"start":{"line":3,"column":4},"end":{"line":3,"column":null}},"3":{"start":{"line":4,"column":2},"end":{"line":4,"column":null}},"4":{"start":{"line":7,"column":13},"end":{"line":9,"column":null}},"5":{"start":{"line":7,"column":38},"end":{"line":9,"column":null}},"6":{"start":{"line":11,"column":13},"end":{"line":11,"column":null}},"7":{"start":{"line":11,"column":44},"end":{"line":11,"column":null}},"8":{"start":{"line":13,"column":13},"end":{"line":18,"column":null}},"9":{"start":{"line":13,"column":42},"end":{"line":18,"column":null}}},"fnMap":{"0":{"name":"(anonymous_0)","decl":{"start":{"line":1,"column":13},"end":{"line":1,"column":34}},"loc":{"start":{"line":1,"column":42},"end":{"line":5,"column":null}},"line":1},"1":{"name":"(anonymous_1)","decl":{"start":{"line":7,"column":13},"end":{"line":7,"column":30}},"loc":{"start":{"line":7,"column":38},"end":{"line":9,"column":null}},"line":7},"2":{"name":"(anonymous_2)","decl":{"start":{"line":11,"column":13},"end":{"line":11,"column":36}},"loc":{"start":{"line":11,"column":44},"end":{"line":11,"column":null}},"line":11},"3":{"name":"(anonymous_3)","decl":{"start":{"line":13,"column":13},"end":{"line":13,"column":32}},"loc":{"start":{"line":13,"column":42},"end":{"line":18,"column":null}},"line":13}},"branchMap":{"0":{"loc":{"start":{"line":2,"column":2},"end":{"line":3,"column":null}},"type":"if","locations":[{"start":{"line":2,"column":2},"end":{"line":3,"column":null}},{"start":{},"end":{}}],"line":2},"1":{"loc":{"start":{"line":2,"column":6},"end":{"line":2,"column":null}},"type":"binary-expr","locations":[{"start":{"line":2,"column":6},"end":{"line":2,"column":40}},{"start":{"line":2,"column":40},"end":{"line":2,"column":null}}],"line":2},"2":{"loc":{"start":{"line":2,"column":47},"end":{"line":2,"column":59}},"type":"binary-expr","locations":[{"start":{"line":2,"column":47},"end":{"line":2,"column":58}},{"start":{"line":2,"column":58},"end":{"line":2,"column":59}}],"line":2},"3":{"loc":{"start":{"line":3,"column":11},"end":{"line":3,"column":null}},"type":"cond-expr","locations":[{"start":{"line":3,"column":34},"end":{"line":3,"column":47}},{"start":{"line":3,"column":47},"end":{"line":3,"column":null}}],"line":3},"4":{"loc":{"start":{"line":4,"column":9},"end":{"line":4,"column":null}},"type":"binary-expr","locations":[{"start":{"line":4,"column":9},"end":{"line":4,"column":28}},{"start":{"line":4,"column":28},"end":{"line":4,"column":null}}],"line":4},"5":{"loc":{"start":{"line":4,"column":28},"end":{"line":4,"column":null}},"type":"cond-expr","locations":[{"start":{"line":4,"column":50},"end":{"line":4,"column":62}},{"start":{"line":4,"column":62},"end":{"line":4,"column":null}}],"line":4},"6":{"loc":{"start":{"line":4,"column":62},"end":{"line":4,"column":null}},"type":"cond-expr","locations":[{"start":{"line":4,"column":85},"end":{"line":4,"column":98}},{"start":{"line":4,"column":98},"end":{"line":4,"column":null}}],"line":4},"7":{"loc":{"start":{"line":7,"column":38},"end":{"line":9,"column":null}},"type":"cond-expr","locations":[{"start":{"line":8,"column":4},"end":{"line":8,"column":null}},{"start":{"line":9,"column":4},"end":{"line":9,"column":null}}],"line":7},"8":{"loc":{"start":{"line":7,"column":45},"end":{"line":7,"column":60}},"type":"binary-expr","locations":[{"start":{"line":7,"column":45},"end":{"line":7,"column":59}},{"start":{"line":7,"column":59},"end":{"line":7,"column":60}}],"line":7},"9":{"loc":{"start":{"line":9,"column":11},"end":{"line":9,"column":38}},"type":"binary-expr","locations":[{"start":{"line":9,"column":11},"end":{"line":9,"column":26}},{"start":{"line":9,"column":26},"end":{"line":9,"column":37}},{"start":{"line":9,"column":37},"end":{"line":9,"column":38}}],"line":9},"10":{"loc":{"start":{"line":11,"column":63},"end":{"line":11,"column":75}},"type":"binary-expr","locations":[{"start":{"line":11,"column":63},"end":{"line":11,"column":74}},{"start":{"line":11,"column":74},"end":{"line":11,"column":75}}],"line":11},"11":{"loc":{"start":{"line":18,"column":17},"end":{"line":18,"column":27}},"type":"binary-expr","locations":[{"start":{"line":18,"column":17},"end":{"line":18,"column":26}},{"start":{"line":18,"column":26},"end":{"line":18,"column":27}}],"line":18}},"s":{"0":1,"1":3,"2":1,"3":2,"4":1,"5":3,"6":1,"7":1,"8":1,"9":1},"f":{"0":3,"1":3,"2":1,"3":1},"b":{"0":[1,2],"1":[3,2],"2":[2,1],"3":[1,0],"4":[2,0],"5":[0,0],"6":[0,0],"7":[1,2],"8":[3,2],"9":[2,0,0],"10":[1,0],"11":[1,0]},"meta":{"lastBranch":12,"lastFunction":4,"lastStatement":10,"seen":{"s:1:13:5:Infinity":0,"f:1:13:1:34":0,"b:2:2:3:Infinity:undefined:undefined:undefined:undefined":0,"s:2:2:3:Infinity":1,"b:2:6:2:40:2:40:2:Infinity":1,"b:2:47:2:58:2:58:2:59":2,"s:3:4:3:Infinity":2,"b:3:34:3:47:3:47:3:Infinity":3,"s:4:2:4:Infinity":3,"b:4:9:4:28:4:28:4:Infinity":4,"b:4:50:4:62:4:62:4:Infinity":5,"b:4:85:4:98:4:98:4:Infinity":6,"s:7:13:9:Infinity":4,"f:7:13:7:30":1,"s:7:38:9:Infinity":5,"b:8:4:8:Infinity:9:4:9:Infinity":7,"b:7:45:7:59:7:59:7:60":8,"b:9:11:9:26:9:26:9:37:9:37:9:38":9,"s:11:13:11:Infinity":6,"f:11:13:11:36":2,"s:11:44:11:Infinity":7,"b:11:63:11:74:11:74:11:75":10,"s:13:13:18:Infinity":8,"f:13:13:13:32":3,"s:13:42:18:Infinity":9,"b:18:17:18:26:18:26:18:27":11},"fnNames":{}}}
,"C:\\Users\\Manikantha.N\\Desktop\\INRFS_FINANCER_FE\\src\\admin\\pages\\Collections\\platformFeeCollectionUtils.js": {"path":"C:\\Users\\Manikantha.N\\Desktop\\INRFS_FINANCER_FE\\src\\admin\\pages\\Collections\\platformFeeCollectionUtils.js","statementMap":{"0":{"start":{"line":1,"column":6},"end":{"line":1,"column":null}},"1":{"start":{"line":1,"column":28},"end":{"line":1,"column":null}},"2":{"start":{"line":3,"column":13},"end":{"line":4,"column":null}},"3":{"start":{"line":4,"column":2},"end":{"line":4,"column":null}}},"fnMap":{"0":{"name":"(anonymous_0)","decl":{"start":{"line":1,"column":6},"end":{"line":1,"column":18}},"loc":{"start":{"line":1,"column":28},"end":{"line":1,"column":null}},"line":1},"1":{"name":"(anonymous_1)","decl":{"start":{"line":3,"column":13},"end":{"line":3,"column":31}},"loc":{"start":{"line":4,"column":2},"end":{"line":4,"column":null}},"line":4}},"branchMap":{"0":{"loc":{"start":{"line":1,"column":35},"end":{"line":1,"column":45}},"type":"binary-expr","locations":[{"start":{"line":1,"column":35},"end":{"line":1,"column":44}},{"start":{"line":1,"column":44},"end":{"line":1,"column":45}}],"line":1}},"s":{"0":1,"1":8,"2":1,"3":4},"f":{"0":8,"1":4},"b":{"0":[8,3]},"meta":{"lastBranch":1,"lastFunction":2,"lastStatement":4,"seen":{"s:1:6:1:Infinity":0,"f:1:6:1:18":0,"s:1:28:1:Infinity":1,"b:1:35:1:44:1:44:1:45":0,"s:3:13:4:Infinity":2,"f:3:13:3:31":1,"s:4:2:4:Infinity":3},"fnNames":{}}}
,"C:\\Users\\Manikantha.N\\Desktop\\INRFS_FINANCER_FE\\src\\admin\\pages\\Dashboard\\billingDashboardUtils.js": {"path":"C:\\Users\\Manikantha.N\\Desktop\\INRFS_FINANCER_FE\\src\\admin\\pages\\Dashboard\\billingDashboardUtils.js","statementMap":{"0":{"start":{"line":1,"column":13},"end":{"line":2,"column":null}},"1":{"start":{"line":2,"column":2},"end":{"line":2,"column":null}}},"fnMap":{"0":{"name":"(anonymous_0)","decl":{"start":{"line":1,"column":13},"end":{"line":1,"column":31}},"loc":{"start":{"line":2,"column":2},"end":{"line":2,"column":null}},"line":2}},"branchMap":{"0":{"loc":{"start":{"line":2,"column":9},"end":{"line":2,"column":39}},"type":"binary-expr","locations":[{"start":{"line":2,"column":9},"end":{"line":2,"column":38}},{"start":{"line":2,"column":38},"end":{"line":2,"column":39}}],"line":2}},"s":{"0":1,"1":4},"f":{"0":4},"b":{"0":[4,2]},"meta":{"lastBranch":1,"lastFunction":1,"lastStatement":2,"seen":{"s:1:13:2:Infinity":0,"f:1:13:1:31":0,"s:2:2:2:Infinity":1,"b:2:9:2:38:2:38:2:39":0},"fnNames":{}}}
,"C:\\Users\\Manikantha.N\\Desktop\\INRFS_FINANCER_FE\\src\\admin\\pages\\Financers\\customerLoanMetrics.js": {"path":"C:\\Users\\Manikantha.N\\Desktop\\INRFS_FINANCER_FE\\src\\admin\\pages\\Financers\\customerLoanMetrics.js","statementMap":{"0":{"start":{"line":1,"column":25},"end":{"line":1,"column":null}},"1":{"start":{"line":4,"column":18},"end":{"line":4,"column":null}},"2":{"start":{"line":5,"column":2},"end":{"line":15,"column":null}},"3":{"start":{"line":6,"column":23},"end":{"line":6,"column":null}},"4":{"start":{"line":7,"column":4},"end":{"line":7,"column":null}},"5":{"start":{"line":7,"column":21},"end":{"line":7,"column":null}},"6":{"start":{"line":8,"column":20},"end":{"line":8,"column":null}},"7":{"start":{"line":9,"column":19},"end":{"line":9,"column":null}},"8":{"start":{"line":10,"column":4},"end":{"line":13,"column":null}},"9":{"start":{"line":11,"column":6},"end":{"line":11,"column":null}},"10":{"start":{"line":12,"column":6},"end":{"line":12,"column":null}},"11":{"start":{"line":14,"column":4},"end":{"line":14,"column":null}},"12":{"start":{"line":16,"column":2},"end":{"line":19,"column":null}},"13":{"start":{"line":16,"column":38},"end":{"line":19,"column":4}}},"fnMap":{"0":{"name":"applyCustomerLoanMetrics","decl":{"start":{"line":3,"column":16},"end":{"line":3,"column":41}},"loc":{"start":{"line":3,"column":59},"end":{"line":20,"column":null}},"line":3},"1":{"name":"(anonymous_1)","decl":{"start":{"line":16,"column":19},"end":{"line":16,"column":24}},"loc":{"start":{"line":16,"column":38},"end":{"line":19,"column":4}},"line":16}},"branchMap":{"0":{"loc":{"start":{"line":6,"column":30},"end":{"line":6,"column":51}},"type":"binary-expr","locations":[{"start":{"line":6,"column":30},"end":{"line":6,"column":49}},{"start":{"line":6,"column":49},"end":{"line":6,"column":51}}],"line":6},"1":{"loc":{"start":{"line":7,"column":4},"end":{"line":7,"column":null}},"type":"if","locations":[{"start":{"line":7,"column":4},"end":{"line":7,"column":null}},{"start":{},"end":{}}],"line":7},"2":{"loc":{"start":{"line":8,"column":20},"end":{"line":8,"column":null}},"type":"binary-expr","locations":[{"start":{"line":8,"column":20},"end":{"line":8,"column":47}},{"start":{"line":8,"column":47},"end":{"line":8,"column":null}}],"line":8},"3":{"loc":{"start":{"line":9,"column":26},"end":{"line":9,"column":43}},"type":"binary-expr","locations":[{"start":{"line":9,"column":26},"end":{"line":9,"column":41}},{"start":{"line":9,"column":41},"end":{"line":9,"column":43}}],"line":9},"4":{"loc":{"start":{"line":10,"column":4},"end":{"line":13,"column":null}},"type":"if","locations":[{"start":{"line":10,"column":4},"end":{"line":13,"column":null}},{"start":{},"end":{}}],"line":10},"5":{"loc":{"start":{"line":12,"column":74},"end":{"line":12,"column":103}},"type":"binary-expr","locations":[{"start":{"line":12,"column":74},"end":{"line":12,"column":102}},{"start":{"line":12,"column":102},"end":{"line":12,"column":103}}],"line":12},"6":{"loc":{"start":{"line":18,"column":8},"end":{"line":18,"column":null}},"type":"binary-expr","locations":[{"start":{"line":18,"column":8},"end":{"line":18,"column":64}},{"start":{"line":18,"column":64},"end":{"line":18,"column":null}}],"line":18},"7":{"loc":{"start":{"line":18,"column":27},"end":{"line":18,"column":44}},"type":"binary-expr","locations":[{"start":{"line":18,"column":27},"end":{"line":18,"column":42}},{"start":{"line":18,"column":42},"end":{"line":18,"column":44}}],"line":18}},"s":{"0":1,"1":1,"2":1,"3":4,"4":4,"5":0,"6":4,"7":4,"8":4,"9":2,"10":2,"11":4,"12":1,"13":2},"f":{"0":1,"1":2},"b":{"0":[4,0],"1":[0,4],"2":[4,2],"3":[4,0],"4":[2,2],"5":[2,0],"6":[2,0],"7":[2,0]},"meta":{"lastBranch":8,"lastFunction":2,"lastStatement":14,"seen":{"s:1:25:1:Infinity":0,"f:3:16:3:41":0,"s:4:18:4:Infinity":1,"s:5:2:15:Infinity":2,"s:6:23:6:Infinity":3,"b:6:30:6:49:6:49:6:51":0,"b:7:4:7:Infinity:undefined:undefined:undefined:undefined":1,"s:7:4:7:Infinity":4,"s:7:21:7:Infinity":5,"s:8:20:8:Infinity":6,"b:8:20:8:47:8:47:8:Infinity":2,"s:9:19:9:Infinity":7,"b:9:26:9:41:9:41:9:43":3,"b:10:4:13:Infinity:undefined:undefined:undefined:undefined":4,"s:10:4:13:Infinity":8,"s:11:6:11:Infinity":9,"s:12:6:12:Infinity":10,"b:12:74:12:102:12:102:12:103":5,"s:14:4:14:Infinity":11,"s:16:2:19:Infinity":12,"f:16:19:16:24":1,"s:16:38:19:4":13,"b:18:8:18:64:18:64:18:Infinity":6,"b:18:27:18:42:18:42:18:44":7},"fnNames":{}}}
,"C:\\Users\\Manikantha.N\\Desktop\\INRFS_FINANCER_FE\\src\\admin\\pages\\MonthlyBilling\\monthlyBillingGroups.js": {"path":"C:\\Users\\Manikantha.N\\Desktop\\INRFS_FINANCER_FE\\src\\admin\\pages\\MonthlyBilling\\monthlyBillingGroups.js","statementMap":{"0":{"start":{"line":1,"column":6},"end":{"line":1,"column":null}},"1":{"start":{"line":1,"column":26},"end":{"line":1,"column":null}},"2":{"start":{"line":3,"column":6},"end":{"line":3,"column":null}},"3":{"start":{"line":3,"column":30},"end":{"line":3,"column":null}},"4":{"start":{"line":5,"column":6},"end":{"line":5,"column":null}},"5":{"start":{"line":5,"column":26},"end":{"line":5,"column":null}},"6":{"start":{"line":7,"column":13},"end":{"line":16,"column":null}},"7":{"start":{"line":8,"column":16},"end":{"line":8,"column":null}},"8":{"start":{"line":9,"column":21},"end":{"line":11,"column":null}},"9":{"start":{"line":12,"column":20},"end":{"line":12,"column":null}},"10":{"start":{"line":13,"column":22},"end":{"line":13,"column":null}},"11":{"start":{"line":14,"column":18},"end":{"line":14,"column":null}},"12":{"start":{"line":15,"column":2},"end":{"line":15,"column":null}},"13":{"start":{"line":18,"column":13},"end":{"line":26,"column":null}},"14":{"start":{"line":19,"column":16},"end":{"line":19,"column":null}},"15":{"start":{"line":20,"column":20},"end":{"line":22,"column":null}},"16":{"start":{"line":23,"column":22},"end":{"line":23,"column":null}},"17":{"start":{"line":24,"column":18},"end":{"line":24,"column":null}},"18":{"start":{"line":25,"column":2},"end":{"line":25,"column":null}},"19":{"start":{"line":28,"column":6},"end":{"line":33,"column":null}},"20":{"start":{"line":29,"column":2},"end":{"line":29,"column":null}},"21":{"start":{"line":29,"column":24},"end":{"line":29,"column":null}},"22":{"start":{"line":30,"column":2},"end":{"line":30,"column":null}},"23":{"start":{"line":30,"column":21},"end":{"line":30,"column":null}},"24":{"start":{"line":31,"column":2},"end":{"line":31,"column":null}},"25":{"start":{"line":31,"column":34},"end":{"line":31,"column":null}},"26":{"start":{"line":32,"column":2},"end":{"line":32,"column":null}},"27":{"start":{"line":35,"column":13},"end":{"line":51,"column":null}},"28":{"start":{"line":36,"column":30},"end":{"line":36,"column":null}},"29":{"start":{"line":37,"column":26},"end":{"line":37,"column":null}},"30":{"start":{"line":38,"column":19},"end":{"line":38,"column":null}},"31":{"start":{"line":39,"column":2},"end":{"line":50,"column":null}},"32":{"start":{"line":53,"column":13},"end":{"line":104,"column":null}},"33":{"start":{"line":54,"column":17},"end":{"line":54,"column":null}},"34":{"start":{"line":56,"column":2},"end":{"line":85,"column":null}},"35":{"start":{"line":57,"column":16},"end":{"line":57,"column":null}},"36":{"start":{"line":58,"column":21},"end":{"line":74,"column":null}},"37":{"start":{"line":76,"column":4},"end":{"line":76,"column":null}},"38":{"start":{"line":77,"column":4},"end":{"line":77,"column":null}},"39":{"start":{"line":78,"column":4},"end":{"line":78,"column":null}},"40":{"start":{"line":79,"column":4},"end":{"line":79,"column":null}},"41":{"start":{"line":80,"column":4},"end":{"line":80,"column":null}},"42":{"start":{"line":81,"column":4},"end":{"line":81,"column":null}},"43":{"start":{"line":82,"column":4},"end":{"line":82,"column":null}},"44":{"start":{"line":83,"column":4},"end":{"line":83,"column":null}},"45":{"start":{"line":84,"column":4},"end":{"line":84,"column":null}},"46":{"start":{"line":87,"column":2},"end":{"line":103,"column":null}},"47":{"start":{"line":88,"column":4},"end":{"line":88,"column":null}},"48":{"start":{"line":88,"column":31},"end":{"line":88,"column":139}},"49":{"start":{"line":89,"column":18},"end":{"line":89,"column":null}},"50":{"start":{"line":89,"column":56},"end":{"line":89,"column":84}},"51":{"start":{"line":90,"column":4},"end":{"line":90,"column":null}},"52":{"start":{"line":91,"column":4},"end":{"line":91,"column":null}},"53":{"start":{"line":92,"column":4},"end":{"line":92,"column":null}},"54":{"start":{"line":93,"column":4},"end":{"line":93,"column":null}},"55":{"start":{"line":94,"column":4},"end":{"line":94,"column":null}},"56":{"start":{"line":95,"column":4},"end":{"line":95,"column":null}},"57":{"start":{"line":96,"column":19},"end":{"line":96,"column":null}},"58":{"start":{"line":96,"column":53},"end":{"line":96,"column":76}},"59":{"start":{"line":96,"column":93},"end":{"line":96,"column":165}},"60":{"start":{"line":97,"column":4},"end":{"line":101,"column":null}},"61":{"start":{"line":98,"column":6},"end":{"line":98,"column":null}},"62":{"start":{"line":99,"column":6},"end":{"line":99,"column":null}},"63":{"start":{"line":100,"column":6},"end":{"line":100,"column":null}},"64":{"start":{"line":102,"column":4},"end":{"line":102,"column":null}},"65":{"start":{"line":103,"column":20},"end":{"line":103,"column":112}}},"fnMap":{"0":{"name":"(anonymous_0)","decl":{"start":{"line":1,"column":6},"end":{"line":1,"column":16}},"loc":{"start":{"line":1,"column":26},"end":{"line":1,"column":null}},"line":1},"1":{"name":"(anonymous_1)","decl":{"start":{"line":3,"column":6},"end":{"line":3,"column":20}},"loc":{"start":{"line":3,"column":30},"end":{"line":3,"column":null}},"line":3},"2":{"name":"(anonymous_2)","decl":{"start":{"line":5,"column":6},"end":{"line":5,"column":17}},"loc":{"start":{"line":5,"column":26},"end":{"line":5,"column":null}},"line":5},"3":{"name":"(anonymous_3)","decl":{"start":{"line":7,"column":13},"end":{"line":7,"column":44}},"loc":{"start":{"line":7,"column":65},"end":{"line":16,"column":null}},"line":7},"4":{"name":"(anonymous_4)","decl":{"start":{"line":18,"column":13},"end":{"line":18,"column":39}},"loc":{"start":{"line":18,"column":60},"end":{"line":26,"column":null}},"line":18},"5":{"name":"(anonymous_5)","decl":{"start":{"line":28,"column":6},"end":{"line":28,"column":22}},"loc":{"start":{"line":28,"column":65},"end":{"line":33,"column":null}},"line":28},"6":{"name":"(anonymous_6)","decl":{"start":{"line":35,"column":13},"end":{"line":35,"column":40}},"loc":{"start":{"line":35,"column":66},"end":{"line":51,"column":null}},"line":35},"7":{"name":"(anonymous_7)","decl":{"start":{"line":53,"column":13},"end":{"line":53,"column":36}},"loc":{"start":{"line":53,"column":96},"end":{"line":104,"column":null}},"line":53},"8":{"name":"(anonymous_8)","decl":{"start":{"line":56,"column":11},"end":{"line":56,"column":20}},"loc":{"start":{"line":56,"column":32},"end":{"line":85,"column":3}},"line":56},"9":{"name":"(anonymous_9)","decl":{"start":{"line":87,"column":30},"end":{"line":87,"column":35}},"loc":{"start":{"line":87,"column":45},"end":{"line":103,"column":3}},"line":87},"10":{"name":"(anonymous_10)","decl":{"start":{"line":88,"column":16},"end":{"line":88,"column":22}},"loc":{"start":{"line":88,"column":31},"end":{"line":88,"column":139}},"line":88},"11":{"name":"(anonymous_11)","decl":{"start":{"line":89,"column":42},"end":{"line":89,"column":47}},"loc":{"start":{"line":89,"column":56},"end":{"line":89,"column":84}},"line":89},"12":{"name":"(anonymous_12)","decl":{"start":{"line":96,"column":36},"end":{"line":96,"column":44}},"loc":{"start":{"line":96,"column":53},"end":{"line":96,"column":76}},"line":96},"13":{"name":"(anonymous_13)","decl":{"start":{"line":96,"column":78},"end":{"line":96,"column":84}},"loc":{"start":{"line":96,"column":93},"end":{"line":96,"column":165}},"line":96},"14":{"name":"(anonymous_14)","decl":{"start":{"line":103,"column":5},"end":{"line":103,"column":11}},"loc":{"start":{"line":103,"column":20},"end":{"line":103,"column":112}},"line":103}},"branchMap":{"0":{"loc":{"start":{"line":1,"column":33},"end":{"line":1,"column":43}},"type":"binary-expr","locations":[{"start":{"line":1,"column":33},"end":{"line":1,"column":42}},{"start":{"line":1,"column":42},"end":{"line":1,"column":43}}],"line":1},"1":{"loc":{"start":{"line":7,"column":44},"end":{"line":7,"column":65}},"type":"default-arg","locations":[{"start":{"line":7,"column":50},"end":{"line":7,"column":65}}],"line":7},"2":{"loc":{"start":{"line":9,"column":21},"end":{"line":11,"column":null}},"type":"cond-expr","locations":[{"start":{"line":10,"column":6},"end":{"line":10,"column":null}},{"start":{"line":11,"column":6},"end":{"line":11,"column":null}}],"line":9},"3":{"loc":{"start":{"line":18,"column":39},"end":{"line":18,"column":60}},"type":"default-arg","locations":[{"start":{"line":18,"column":45},"end":{"line":18,"column":60}}],"line":18},"4":{"loc":{"start":{"line":20,"column":20},"end":{"line":22,"column":null}},"type":"cond-expr","locations":[{"start":{"line":21,"column":6},"end":{"line":21,"column":null}},{"start":{"line":22,"column":6},"end":{"line":22,"column":null}}],"line":20},"5":{"loc":{"start":{"line":29,"column":2},"end":{"line":29,"column":null}},"type":"if","locations":[{"start":{"line":29,"column":2},"end":{"line":29,"column":null}},{"start":{},"end":{}}],"line":29},"6":{"loc":{"start":{"line":30,"column":2},"end":{"line":30,"column":null}},"type":"if","locations":[{"start":{"line":30,"column":2},"end":{"line":30,"column":null}},{"start":{},"end":{}}],"line":30},"7":{"loc":{"start":{"line":31,"column":2},"end":{"line":31,"column":null}},"type":"if","locations":[{"start":{"line":31,"column":2},"end":{"line":31,"column":null}},{"start":{},"end":{}}],"line":31},"8":{"loc":{"start":{"line":31,"column":6},"end":{"line":31,"column":34}},"type":"binary-expr","locations":[{"start":{"line":31,"column":6},"end":{"line":31,"column":17}},{"start":{"line":31,"column":17},"end":{"line":31,"column":34}}],"line":31},"9":{"loc":{"start":{"line":38,"column":19},"end":{"line":38,"column":null}},"type":"cond-expr","locations":[{"start":{"line":38,"column":85},"end":{"line":38,"column":103}},{"start":{"line":38,"column":103},"end":{"line":38,"column":null}}],"line":38},"10":{"loc":{"start":{"line":38,"column":19},"end":{"line":38,"column":85}},"type":"binary-expr","locations":[{"start":{"line":38,"column":19},"end":{"line":38,"column":58}},{"start":{"line":38,"column":58},"end":{"line":38,"column":85}}],"line":38},"11":{"loc":{"start":{"line":41,"column":18},"end":{"line":41,"column":null}},"type":"binary-expr","locations":[{"start":{"line":41,"column":18},"end":{"line":41,"column":42}},{"start":{"line":41,"column":42},"end":{"line":41,"column":61}},{"start":{"line":41,"column":61},"end":{"line":41,"column":null}}],"line":41},"12":{"loc":{"start":{"line":42,"column":20},"end":{"line":42,"column":null}},"type":"binary-expr","locations":[{"start":{"line":42,"column":20},"end":{"line":42,"column":43}},{"start":{"line":42,"column":43},"end":{"line":42,"column":70}},{"start":{"line":42,"column":70},"end":{"line":42,"column":null}}],"line":42},"13":{"loc":{"start":{"line":43,"column":25},"end":{"line":43,"column":45}},"type":"binary-expr","locations":[{"start":{"line":43,"column":25},"end":{"line":43,"column":43}},{"start":{"line":43,"column":43},"end":{"line":43,"column":45}}],"line":43},"14":{"loc":{"start":{"line":53,"column":46},"end":{"line":53,"column":96}},"type":"default-arg","locations":[{"start":{"line":53,"column":54},"end":{"line":53,"column":96}}],"line":53},"15":{"loc":{"start":{"line":58,"column":21},"end":{"line":74,"column":null}},"type":"binary-expr","locations":[{"start":{"line":58,"column":21},"end":{"line":58,"column":40}},{"start":{"line":58,"column":40},"end":{"line":74,"column":null}}],"line":58},"16":{"loc":{"start":{"line":65,"column":65},"end":{"line":65,"column":100}},"type":"binary-expr","locations":[{"start":{"line":65,"column":65},"end":{"line":65,"column":91}},{"start":{"line":65,"column":91},"end":{"line":65,"column":100}}],"line":65},"17":{"loc":{"start":{"line":76,"column":27},"end":{"line":76,"column":null}},"type":"cond-expr","locations":[{"start":{"line":76,"column":97},"end":{"line":76,"column":119}},{"start":{"line":76,"column":119},"end":{"line":76,"column":null}}],"line":76},"18":{"loc":{"start":{"line":76,"column":27},"end":{"line":76,"column":97}},"type":"binary-expr","locations":[{"start":{"line":76,"column":27},"end":{"line":76,"column":52}},{"start":{"line":76,"column":52},"end":{"line":76,"column":97}}],"line":76},"19":{"loc":{"start":{"line":77,"column":25},"end":{"line":77,"column":null}},"type":"cond-expr","locations":[{"start":{"line":77,"column":89},"end":{"line":77,"column":109}},{"start":{"line":77,"column":109},"end":{"line":77,"column":null}}],"line":77},"20":{"loc":{"start":{"line":77,"column":25},"end":{"line":77,"column":89}},"type":"binary-expr","locations":[{"start":{"line":77,"column":25},"end":{"line":77,"column":48}},{"start":{"line":77,"column":48},"end":{"line":77,"column":89}}],"line":77},"21":{"loc":{"start":{"line":78,"column":23},"end":{"line":78,"column":null}},"type":"cond-expr","locations":[{"start":{"line":78,"column":81},"end":{"line":78,"column":99}},{"start":{"line":78,"column":99},"end":{"line":78,"column":null}}],"line":78},"22":{"loc":{"start":{"line":78,"column":23},"end":{"line":78,"column":81}},"type":"binary-expr","locations":[{"start":{"line":78,"column":23},"end":{"line":78,"column":44}},{"start":{"line":78,"column":44},"end":{"line":78,"column":81}}],"line":78},"23":{"loc":{"start":{"line":88,"column":31},"end":{"line":88,"column":139}},"type":"binary-expr","locations":[{"start":{"line":88,"column":31},"end":{"line":88,"column":85}},{"start":{"line":88,"column":85},"end":{"line":88,"column":139}}],"line":88},"24":{"loc":{"start":{"line":94,"column":36},"end":{"line":94,"column":null}},"type":"cond-expr","locations":[{"start":{"line":94,"column":57},"end":{"line":94,"column":68}},{"start":{"line":94,"column":68},"end":{"line":94,"column":null}}],"line":94},"25":{"loc":{"start":{"line":97,"column":4},"end":{"line":101,"column":null}},"type":"if","locations":[{"start":{"line":97,"column":4},"end":{"line":101,"column":null}},{"start":{},"end":{}}],"line":97},"26":{"loc":{"start":{"line":103,"column":20},"end":{"line":103,"column":112}},"type":"binary-expr","locations":[{"start":{"line":103,"column":20},"end":{"line":103,"column":68}},{"start":{"line":103,"column":68},"end":{"line":103,"column":112}}],"line":103}},"s":{"0":1,"1":24,"2":1,"3":26,"4":1,"5":12,"6":1,"7":2,"8":2,"9":2,"10":2,"11":2,"12":2,"13":1,"14":2,"15":2,"16":2,"17":2,"18":2,"19":1,"20":5,"21":0,"22":5,"23":1,"24":4,"25":1,"26":3,"27":1,"28":6,"29":6,"30":6,"31":6,"32":1,"33":4,"34":4,"35":6,"36":6,"37":6,"38":6,"39":6,"40":6,"41":6,"42":6,"43":6,"44":6,"45":6,"46":4,"47":5,"48":1,"49":5,"50":6,"51":5,"52":5,"53":5,"54":5,"55":5,"56":5,"57":5,"58":6,"59":0,"60":5,"61":0,"62":0,"63":0,"64":5,"65":1},"f":{"0":24,"1":26,"2":12,"3":2,"4":2,"5":5,"6":6,"7":4,"8":6,"9":5,"10":1,"11":6,"12":6,"13":0,"14":1},"b":{"0":[24,5],"1":[2],"2":[1,1],"3":[2],"4":[1,1],"5":[0,5],"6":[1,4],"7":[1,3],"8":[4,4],"9":[6,0],"10":[6,6],"11":[6,0,0],"12":[6,6,0],"13":[6,0],"14":[4],"15":[6,5],"16":[5,0],"17":[0,6],"18":[6,6],"19":[0,6],"20":[6,6],"21":[0,6],"22":[6,6],"23":[1,1],"24":[5,0],"25":[0,5],"26":[1,0]},"meta":{"lastBranch":27,"lastFunction":15,"lastStatement":66,"seen":{"s:1:6:1:Infinity":0,"f:1:6:1:16":0,"s:1:26:1:Infinity":1,"b:1:33:1:42:1:42:1:43":0,"s:3:6:3:Infinity":2,"f:3:6:3:20":1,"s:3:30:3:Infinity":3,"s:5:6:5:Infinity":4,"f:5:6:5:17":2,"s:5:26:5:Infinity":5,"s:7:13:16:Infinity":6,"f:7:13:7:44":3,"b:7:50:7:65":1,"s:8:16:8:Infinity":7,"s:9:21:11:Infinity":8,"b:10:6:10:Infinity:11:6:11:Infinity":2,"s:12:20:12:Infinity":9,"s:13:22:13:Infinity":10,"s:14:18:14:Infinity":11,"s:15:2:15:Infinity":12,"s:18:13:26:Infinity":13,"f:18:13:18:39":4,"b:18:45:18:60":3,"s:19:16:19:Infinity":14,"s:20:20:22:Infinity":15,"b:21:6:21:Infinity:22:6:22:Infinity":4,"s:23:22:23:Infinity":16,"s:24:18:24:Infinity":17,"s:25:2:25:Infinity":18,"s:28:6:33:Infinity":19,"f:28:6:28:22":5,"b:29:2:29:Infinity:undefined:undefined:undefined:undefined":5,"s:29:2:29:Infinity":20,"s:29:24:29:Infinity":21,"b:30:2:30:Infinity:undefined:undefined:undefined:undefined":6,"s:30:2:30:Infinity":22,"s:30:21:30:Infinity":23,"b:31:2:31:Infinity:undefined:undefined:undefined:undefined":7,"s:31:2:31:Infinity":24,"b:31:6:31:17:31:17:31:34":8,"s:31:34:31:Infinity":25,"s:32:2:32:Infinity":26,"s:35:13:51:Infinity":27,"f:35:13:35:40":6,"s:36:30:36:Infinity":28,"s:37:26:37:Infinity":29,"s:38:19:38:Infinity":30,"b:38:85:38:103:38:103:38:Infinity":9,"b:38:19:38:58:38:58:38:85":10,"s:39:2:50:Infinity":31,"b:41:18:41:42:41:42:41:61:41:61:41:Infinity":11,"b:42:20:42:43:42:43:42:70:42:70:42:Infinity":12,"b:43:25:43:43:43:43:43:45":13,"s:53:13:104:Infinity":32,"f:53:13:53:36":7,"b:53:54:53:96":14,"s:54:17:54:Infinity":33,"s:56:2:85:Infinity":34,"f:56:11:56:20":8,"s:57:16:57:Infinity":35,"s:58:21:74:Infinity":36,"b:58:21:58:40:58:40:74:Infinity":15,"b:65:65:65:91:65:91:65:100":16,"s:76:4:76:Infinity":37,"b:76:97:76:119:76:119:76:Infinity":17,"b:76:27:76:52:76:52:76:97":18,"s:77:4:77:Infinity":38,"b:77:89:77:109:77:109:77:Infinity":19,"b:77:25:77:48:77:48:77:89":20,"s:78:4:78:Infinity":39,"b:78:81:78:99:78:99:78:Infinity":21,"b:78:23:78:44:78:44:78:81":22,"s:79:4:79:Infinity":40,"s:80:4:80:Infinity":41,"s:81:4:81:Infinity":42,"s:82:4:82:Infinity":43,"s:83:4:83:Infinity":44,"s:84:4:84:Infinity":45,"s:87:2:103:Infinity":46,"f:87:30:87:35":9,"s:88:4:88:Infinity":47,"f:88:16:88:22":10,"s:88:31:88:139":48,"b:88:31:88:85:88:85:88:139":23,"s:89:18:89:Infinity":49,"f:89:42:89:47":11,"s:89:56:89:84":50,"s:90:4:90:Infinity":51,"s:91:4:91:Infinity":52,"s:92:4:92:Infinity":53,"s:93:4:93:Infinity":54,"s:94:4:94:Infinity":55,"b:94:57:94:68:94:68:94:Infinity":24,"s:95:4:95:Infinity":56,"s:96:19:96:Infinity":57,"f:96:36:96:44":12,"s:96:53:96:76":58,"f:96:78:96:84":13,"s:96:93:96:165":59,"b:97:4:101:Infinity:undefined:undefined:undefined:undefined":25,"s:97:4:101:Infinity":60,"s:98:6:98:Infinity":61,"s:99:6:99:Infinity":62,"s:100:6:100:Infinity":63,"s:102:4:102:Infinity":64,"f:103:5:103:11":14,"s:103:20:103:112":65,"b:103:20:103:68:103:68:103:112":26},"fnNames":{}}}
,"C:\\Users\\Manikantha.N\\Desktop\\INRFS_FINANCER_FE\\src\\admin\\pages\\Reports\\billingReportUtils.js": {"path":"C:\\Users\\Manikantha.N\\Desktop\\INRFS_FINANCER_FE\\src\\admin\\pages\\Reports\\billingReportUtils.js","statementMap":{"0":{"start":{"line":1,"column":6},"end":{"line":1,"column":null}},"1":{"start":{"line":1,"column":26},"end":{"line":1,"column":null}},"2":{"start":{"line":3,"column":13},"end":{"line":23,"column":null}},"3":{"start":{"line":4,"column":16},"end":{"line":4,"column":null}},"4":{"start":{"line":4,"column":52},"end":{"line":4,"column":87}},"5":{"start":{"line":5,"column":15},"end":{"line":5,"column":null}},"6":{"start":{"line":7,"column":2},"end":{"line":22,"column":null}},"7":{"start":{"line":8,"column":25},"end":{"line":8,"column":92}},"8":{"start":{"line":9,"column":23},"end":{"line":21,"column":6}},"9":{"start":{"line":22,"column":21},"end":{"line":22,"column":114}},"10":{"start":{"line":22,"column":65},"end":{"line":22,"column":113}}},"fnMap":{"0":{"name":"(anonymous_0)","decl":{"start":{"line":1,"column":6},"end":{"line":1,"column":16}},"loc":{"start":{"line":1,"column":26},"end":{"line":1,"column":null}},"line":1},"1":{"name":"(anonymous_1)","decl":{"start":{"line":3,"column":13},"end":{"line":3,"column":39}},"loc":{"start":{"line":3,"column":84},"end":{"line":23,"column":null}},"line":3},"2":{"name":"(anonymous_2)","decl":{"start":{"line":4,"column":34},"end":{"line":4,"column":39}},"loc":{"start":{"line":4,"column":52},"end":{"line":4,"column":87}},"line":4},"3":{"name":"(anonymous_3)","decl":{"start":{"line":8,"column":5},"end":{"line":8,"column":13}},"loc":{"start":{"line":8,"column":25},"end":{"line":8,"column":92}},"line":8},"4":{"name":"(anonymous_4)","decl":{"start":{"line":9,"column":5},"end":{"line":9,"column":10}},"loc":{"start":{"line":9,"column":23},"end":{"line":21,"column":6}},"line":9},"5":{"name":"(anonymous_5)","decl":{"start":{"line":22,"column":5},"end":{"line":22,"column":13}},"loc":{"start":{"line":22,"column":21},"end":{"line":22,"column":114}},"line":22},"6":{"name":"(anonymous_6)","decl":{"start":{"line":22,"column":49},"end":{"line":22,"column":55}},"loc":{"start":{"line":22,"column":65},"end":{"line":22,"column":113}},"line":22}},"branchMap":{"0":{"loc":{"start":{"line":1,"column":33},"end":{"line":1,"column":43}},"type":"binary-expr","locations":[{"start":{"line":1,"column":33},"end":{"line":1,"column":42}},{"start":{"line":1,"column":42},"end":{"line":1,"column":43}}],"line":1},"1":{"loc":{"start":{"line":3,"column":68},"end":{"line":3,"column":84}},"type":"default-arg","locations":[{"start":{"line":3,"column":77},"end":{"line":3,"column":84}}],"line":3},"2":{"loc":{"start":{"line":8,"column":25},"end":{"line":8,"column":92}},"type":"binary-expr","locations":[{"start":{"line":8,"column":25},"end":{"line":8,"column":57}},{"start":{"line":8,"column":57},"end":{"line":8,"column":92}}],"line":8},"3":{"loc":{"start":{"line":10,"column":17},"end":{"line":10,"column":null}},"type":"binary-expr","locations":[{"start":{"line":10,"column":17},"end":{"line":10,"column":42}},{"start":{"line":10,"column":42},"end":{"line":10,"column":null}}],"line":10},"4":{"loc":{"start":{"line":11,"column":16},"end":{"line":11,"column":null}},"type":"binary-expr","locations":[{"start":{"line":11,"column":16},"end":{"line":11,"column":49}},{"start":{"line":11,"column":49},"end":{"line":11,"column":null}}],"line":11},"5":{"loc":{"start":{"line":22,"column":21},"end":{"line":22,"column":114}},"type":"binary-expr","locations":[{"start":{"line":22,"column":21},"end":{"line":22,"column":30}},{"start":{"line":22,"column":30},"end":{"line":22,"column":114}}],"line":22},"6":{"loc":{"start":{"line":22,"column":72},"end":{"line":22,"column":83}},"type":"binary-expr","locations":[{"start":{"line":22,"column":72},"end":{"line":22,"column":81}},{"start":{"line":22,"column":81},"end":{"line":22,"column":83}}],"line":22}},"s":{"0":1,"1":44,"2":1,"3":4,"4":8,"5":4,"6":4,"7":8,"8":7,"9":7,"10":35},"f":{"0":44,"1":4,"2":8,"3":8,"4":7,"5":7,"6":35},"b":{"0":[44,7],"1":[4],"2":[8,2],"3":[7,3],"4":[7,0],"5":[7,4],"6":[35,0]},"meta":{"lastBranch":7,"lastFunction":7,"lastStatement":11,"seen":{"s:1:6:1:Infinity":0,"f:1:6:1:16":0,"s:1:26:1:Infinity":1,"b:1:33:1:42:1:42:1:43":0,"s:3:13:23:Infinity":2,"f:3:13:3:39":1,"b:3:77:3:84":1,"s:4:16:4:Infinity":3,"f:4:34:4:39":2,"s:4:52:4:87":4,"s:5:15:5:Infinity":5,"s:7:2:22:Infinity":6,"f:8:5:8:13":3,"s:8:25:8:92":7,"b:8:25:8:57:8:57:8:92":2,"f:9:5:9:10":4,"s:9:23:21:6":8,"b:10:17:10:42:10:42:10:Infinity":3,"b:11:16:11:49:11:49:11:Infinity":4,"f:22:5:22:13":5,"s:22:21:22:114":9,"b:22:21:22:30:22:30:22:114":5,"f:22:49:22:55":6,"s:22:65:22:113":10,"b:22:72:22:81:22:81:22:83":6},"fnNames":{}}}
,"C:\\Users\\Manikantha.N\\Desktop\\INRFS_FINANCER_FE\\src\\auth\\AuthContext.jsx": {"path":"C:\\Users\\Manikantha.N\\Desktop\\INRFS_FINANCER_FE\\src\\auth\\AuthContext.jsx","statementMap":{"0":{"start":{"line":6,"column":32},"end":{"line":6,"column":null}},"1":{"start":{"line":6,"column":47},"end":{"line":6,"column":72}},"2":{"start":{"line":7,"column":32},"end":{"line":7,"column":null}},"3":{"start":{"line":9,"column":23},"end":{"line":12,"column":null}},"4":{"start":{"line":10,"column":4},"end":{"line":10,"column":null}},"5":{"start":{"line":11,"column":4},"end":{"line":11,"column":null}},"6":{"start":{"line":14,"column":2},"end":{"line":32,"column":null}},"7":{"start":{"line":15,"column":10},"end":{"line":15,"column":null}},"8":{"start":{"line":15,"column":26},"end":{"line":15,"column":null}},"9":{"start":{"line":16,"column":4},"end":{"line":16,"column":null}},"10":{"start":{"line":17,"column":20},"end":{"line":29,"column":null}},"11":{"start":{"line":18,"column":6},"end":{"line":28,"column":null}},"12":{"start":{"line":19,"column":8},"end":{"line":19,"column":null}},"13":{"start":{"line":19,"column":44},"end":{"line":19,"column":null}},"14":{"start":{"line":20,"column":21},"end":{"line":20,"column":null}},"15":{"start":{"line":21,"column":8},"end":{"line":21,"column":null}},"16":{"start":{"line":21,"column":33},"end":{"line":21,"column":54}},"17":{"start":{"line":25,"column":8},"end":{"line":25,"column":null}},"18":{"start":{"line":25,"column":44},"end":{"line":25,"column":null}},"19":{"start":{"line":27,"column":8},"end":{"line":27,"column":null}},"20":{"start":{"line":30,"column":4},"end":{"line":30,"column":null}},"21":{"start":{"line":31,"column":4},"end":{"line":31,"column":null}},"22":{"start":{"line":31,"column":17},"end":{"line":31,"column":null}},"23":{"start":{"line":34,"column":24},"end":{"line":39,"column":null}},"24":{"start":{"line":35,"column":4},"end":{"line":35,"column":null}},"25":{"start":{"line":36,"column":17},"end":{"line":36,"column":null}},"26":{"start":{"line":37,"column":4},"end":{"line":37,"column":null}},"27":{"start":{"line":38,"column":4},"end":{"line":38,"column":null}},"28":{"start":{"line":41,"column":21},"end":{"line":43,"column":null}},"29":{"start":{"line":42,"column":4},"end":{"line":42,"column":null}},"30":{"start":{"line":42,"column":28},"end":{"line":42,"column":98}},"31":{"start":{"line":45,"column":17},"end":{"line":51,"column":null}},"32":{"start":{"line":46,"column":4},"end":{"line":50,"column":null}},"33":{"start":{"line":47,"column":6},"end":{"line":47,"column":null}},"34":{"start":{"line":49,"column":6},"end":{"line":49,"column":null}},"35":{"start":{"line":53,"column":18},"end":{"line":53,"column":null}},"36":{"start":{"line":53,"column":44},"end":{"line":53,"column":104}},"37":{"start":{"line":53,"column":65},"end":{"line":53,"column":101}},"38":{"start":{"line":54,"column":16},"end":{"line":54,"column":null}},"39":{"start":{"line":54,"column":31},"end":{"line":54,"column":127}},"40":{"start":{"line":55,"column":2},"end":{"line":55,"column":null}}},"fnMap":{"0":{"name":"AuthProvider","decl":{"start":{"line":5,"column":16},"end":{"line":5,"column":29}},"loc":{"start":{"line":5,"column":43},"end":{"line":56,"column":null}},"line":5},"1":{"name":"(anonymous_1)","decl":{"start":{"line":6,"column":32},"end":{"line":6,"column":47}},"loc":{"start":{"line":6,"column":47},"end":{"line":6,"column":72}},"line":6},"2":{"name":"(anonymous_2)","decl":{"start":{"line":9,"column":23},"end":{"line":9,"column":41}},"loc":{"start":{"line":9,"column":41},"end":{"line":12,"column":5}},"line":9},"3":{"name":"(anonymous_3)","decl":{"start":{"line":14,"column":2},"end":{"line":14,"column":18}},"loc":{"start":{"line":14,"column":18},"end":{"line":32,"column":5}},"line":14},"4":{"name":"(anonymous_4)","decl":{"start":{"line":15,"column":10},"end":{"line":15,"column":26}},"loc":{"start":{"line":15,"column":26},"end":{"line":15,"column":null}},"line":15},"5":{"name":"(anonymous_5)","decl":{"start":{"line":17,"column":20},"end":{"line":17,"column":32}},"loc":{"start":{"line":17,"column":32},"end":{"line":29,"column":null}},"line":17},"6":{"name":"(anonymous_6)","decl":{"start":{"line":21,"column":8},"end":{"line":21,"column":20}},"loc":{"start":{"line":21,"column":33},"end":{"line":21,"column":54}},"line":21},"7":{"name":"(anonymous_7)","decl":{"start":{"line":31,"column":4},"end":{"line":31,"column":17}},"loc":{"start":{"line":31,"column":17},"end":{"line":31,"column":null}},"line":31},"8":{"name":"(anonymous_8)","decl":{"start":{"line":34,"column":24},"end":{"line":34,"column":37}},"loc":{"start":{"line":34,"column":48},"end":{"line":39,"column":5}},"line":34},"9":{"name":"(anonymous_9)","decl":{"start":{"line":41,"column":21},"end":{"line":41,"column":34}},"loc":{"start":{"line":41,"column":43},"end":{"line":43,"column":5}},"line":41},"10":{"name":"(anonymous_10)","decl":{"start":{"line":42,"column":4},"end":{"line":42,"column":16}},"loc":{"start":{"line":42,"column":28},"end":{"line":42,"column":98}},"line":42},"11":{"name":"(anonymous_11)","decl":{"start":{"line":45,"column":29},"end":{"line":45,"column":41}},"loc":{"start":{"line":45,"column":41},"end":{"line":51,"column":5}},"line":45},"12":{"name":"(anonymous_12)","decl":{"start":{"line":53,"column":18},"end":{"line":53,"column":31}},"loc":{"start":{"line":53,"column":44},"end":{"line":53,"column":104}},"line":53},"13":{"name":"(anonymous_13)","decl":{"start":{"line":53,"column":50},"end":{"line":53,"column":56}},"loc":{"start":{"line":53,"column":65},"end":{"line":53,"column":101}},"line":53},"14":{"name":"(anonymous_14)","decl":{"start":{"line":54,"column":16},"end":{"line":54,"column":31}},"loc":{"start":{"line":54,"column":31},"end":{"line":54,"column":127}},"line":54}},"branchMap":{"0":{"loc":{"start":{"line":19,"column":8},"end":{"line":19,"column":null}},"type":"if","locations":[{"start":{"line":19,"column":8},"end":{"line":19,"column":null}},{"start":{},"end":{}}],"line":19},"1":{"loc":{"start":{"line":25,"column":8},"end":{"line":25,"column":null}},"type":"if","locations":[{"start":{"line":25,"column":8},"end":{"line":25,"column":null}},{"start":{},"end":{}}],"line":25},"2":{"loc":{"start":{"line":42,"column":28},"end":{"line":42,"column":98}},"type":"cond-expr","locations":[{"start":{"line":42,"column":38},"end":{"line":42,"column":91}},{"start":{"line":42,"column":91},"end":{"line":42,"column":98}}],"line":42},"3":{"loc":{"start":{"line":54,"column":48},"end":{"line":54,"column":71}},"type":"binary-expr","locations":[{"start":{"line":54,"column":48},"end":{"line":54,"column":65}},{"start":{"line":54,"column":65},"end":{"line":54,"column":71}}],"line":54}},"s":{"0":9,"1":3,"2":9,"3":9,"4":2,"5":2,"6":9,"7":3,"8":1,"9":3,"10":3,"11":3,"12":3,"13":1,"14":2,"15":2,"16":2,"17":0,"18":0,"19":2,"20":3,"21":3,"22":3,"23":9,"24":1,"25":1,"26":1,"27":1,"28":9,"29":1,"30":1,"31":9,"32":1,"33":1,"34":1,"35":9,"36":3,"37":3,"38":9,"39":9,"40":9},"f":{"0":9,"1":3,"2":2,"3":3,"4":1,"5":3,"6":2,"7":3,"8":1,"9":1,"10":1,"11":1,"12":3,"13":3,"14":9},"b":{"0":[1,2],"1":[0,0],"2":[1,0],"3":[9,5]},"meta":{"lastBranch":4,"lastFunction":15,"lastStatement":41,"seen":{"f:5:16:5:29":0,"s:6:32:6:Infinity":0,"f:6:32:6:47":1,"s:6:47:6:72":1,"s:7:32:7:Infinity":2,"s:9:23:12:Infinity":3,"f:9:23:9:41":2,"s:10:4:10:Infinity":4,"s:11:4:11:Infinity":5,"s:14:2:32:Infinity":6,"f:14:2:14:18":3,"s:15:10:15:Infinity":7,"f:15:10:15:26":4,"s:15:26:15:Infinity":8,"s:16:4:16:Infinity":9,"s:17:20:29:Infinity":10,"f:17:20:17:32":5,"s:18:6:28:Infinity":11,"b:19:8:19:Infinity:undefined:undefined:undefined:undefined":0,"s:19:8:19:Infinity":12,"s:19:44:19:Infinity":13,"s:20:21:20:Infinity":14,"s:21:8:21:Infinity":15,"f:21:8:21:20":6,"s:21:33:21:54":16,"b:25:8:25:Infinity:undefined:undefined:undefined:undefined":1,"s:25:8:25:Infinity":17,"s:25:44:25:Infinity":18,"s:27:8:27:Infinity":19,"s:30:4:30:Infinity":20,"s:31:4:31:Infinity":21,"f:31:4:31:17":7,"s:31:17:31:Infinity":22,"s:34:24:39:Infinity":23,"f:34:24:34:37":8,"s:35:4:35:Infinity":24,"s:36:17:36:Infinity":25,"s:37:4:37:Infinity":26,"s:38:4:38:Infinity":27,"s:41:21:43:Infinity":28,"f:41:21:41:34":9,"s:42:4:42:Infinity":29,"f:42:4:42:16":10,"s:42:28:42:98":30,"b:42:38:42:91:42:91:42:98":2,"s:45:17:51:Infinity":31,"f:45:29:45:41":11,"s:46:4:50:Infinity":32,"s:47:6:47:Infinity":33,"s:49:6:49:Infinity":34,"s:53:18:53:Infinity":35,"f:53:18:53:31":12,"s:53:44:53:104":36,"f:53:50:53:56":13,"s:53:65:53:101":37,"s:54:16:54:Infinity":38,"f:54:16:54:31":14,"s:54:31:54:127":39,"b:54:48:54:65:54:65:54:71":3,"s:55:2:55:Infinity":40},"fnNames":{}}}
,"C:\\Users\\Manikantha.N\\Desktop\\INRFS_FINANCER_FE\\src\\auth\\authState.js": {"path":"C:\\Users\\Manikantha.N\\Desktop\\INRFS_FINANCER_FE\\src\\auth\\authState.js","statementMap":{"0":{"start":{"line":3,"column":27},"end":{"line":3,"column":null}},"1":{"start":{"line":6,"column":16},"end":{"line":6,"column":null}},"2":{"start":{"line":7,"column":2},"end":{"line":7,"column":null}},"3":{"start":{"line":7,"column":14},"end":{"line":7,"column":null}},"4":{"start":{"line":8,"column":2},"end":{"line":8,"column":null}}},"fnMap":{"0":{"name":"useAuth","decl":{"start":{"line":5,"column":16},"end":{"line":5,"column":26}},"loc":{"start":{"line":5,"column":26},"end":{"line":9,"column":null}},"line":5}},"branchMap":{"0":{"loc":{"start":{"line":7,"column":2},"end":{"line":7,"column":null}},"type":"if","locations":[{"start":{"line":7,"column":2},"end":{"line":7,"column":null}},{"start":{},"end":{}}],"line":7}},"s":{"0":1,"1":9,"2":9,"3":0,"4":9},"f":{"0":9},"b":{"0":[0,9]},"meta":{"lastBranch":1,"lastFunction":1,"lastStatement":5,"seen":{"s:3:27:3:Infinity":0,"f:5:16:5:26":0,"s:6:16:6:Infinity":1,"b:7:2:7:Infinity:undefined:undefined:undefined:undefined":0,"s:7:2:7:Infinity":2,"s:7:14:7:Infinity":3,"s:8:2:8:Infinity":4},"fnNames":{}}}
,"C:\\Users\\Manikantha.N\\Desktop\\INRFS_FINANCER_FE\\src\\auth\\pages\\PortalSelection\\FaqAccordion.jsx": {"path":"C:\\Users\\Manikantha.N\\Desktop\\INRFS_FINANCER_FE\\src\\auth\\pages\\PortalSelection\\FaqAccordion.jsx","statementMap":{"0":{"start":{"line":5,"column":36},"end":{"line":5,"column":null}},"1":{"start":{"line":6,"column":2},"end":{"line":11,"column":null}},"2":{"start":{"line":7,"column":17},"end":{"line":7,"column":null}},"3":{"start":{"line":8,"column":21},"end":{"line":8,"column":null}},"4":{"start":{"line":9,"column":20},"end":{"line":9,"column":null}},"5":{"start":{"line":10,"column":4},"end":{"line":10,"column":null}},"6":{"start":{"line":10,"column":169},"end":{"line":10,"column":202}}},"fnMap":{"0":{"name":"FaqAccordion","decl":{"start":{"line":4,"column":24},"end":{"line":4,"column":37}},"loc":{"start":{"line":4,"column":48},"end":{"line":12,"column":null}},"line":4},"1":{"name":"(anonymous_1)","decl":{"start":{"line":6,"column":50},"end":{"line":6,"column":55}},"loc":{"start":{"line":6,"column":85},"end":{"line":11,"column":3}},"line":6},"2":{"name":"(anonymous_2)","decl":{"start":{"line":10,"column":154},"end":{"line":10,"column":169}},"loc":{"start":{"line":10,"column":169},"end":{"line":10,"column":202}},"line":10}},"branchMap":{"0":{"loc":{"start":{"line":10,"column":46},"end":{"line":10,"column":69}},"type":"cond-expr","locations":[{"start":{"line":10,"column":53},"end":{"line":10,"column":65}},{"start":{"line":10,"column":65},"end":{"line":10,"column":69}}],"line":10},"1":{"loc":{"start":{"line":10,"column":182},"end":{"line":10,"column":199}},"type":"cond-expr","locations":[{"start":{"line":10,"column":189},"end":{"line":10,"column":194}},{"start":{"line":10,"column":194},"end":{"line":10,"column":199}}],"line":10}},"s":{"0":2,"1":2,"2":4,"3":4,"4":4,"5":4,"6":1},"f":{"0":2,"1":4,"2":1},"b":{"0":[2,2],"1":[0,1]},"meta":{"lastBranch":2,"lastFunction":3,"lastStatement":7,"seen":{"f:4:24:4:37":0,"s:5:36:5:Infinity":0,"s:6:2:11:Infinity":1,"f:6:50:6:55":1,"s:7:17:7:Infinity":2,"s:8:21:8:Infinity":3,"s:9:20:9:Infinity":4,"s:10:4:10:Infinity":5,"b:10:53:10:65:10:65:10:69":0,"f:10:154:10:169":2,"s:10:169:10:202":6,"b:10:189:10:194:10:194:10:199":1},"fnNames":{}}}
,"C:\\Users\\Manikantha.N\\Desktop\\INRFS_FINANCER_FE\\src\\common\\components\\Button.css": {"path":"C:\\Users\\Manikantha.N\\Desktop\\INRFS_FINANCER_FE\\src\\common\\components\\Button.css","statementMap":{},"fnMap":{},"branchMap":{},"s":{},"f":{},"b":{},"meta":{"lastBranch":0,"lastFunction":0,"lastStatement":0,"seen":{},"fnNames":{}}}
,"C:\\Users\\Manikantha.N\\Desktop\\INRFS_FINANCER_FE\\src\\common\\components\\Button.jsx": {"path":"C:\\Users\\Manikantha.N\\Desktop\\INRFS_FINANCER_FE\\src\\common\\components\\Button.jsx","statementMap":{"0":{"start":{"line":15,"column":2},"end":{"line":24,"column":null}}},"fnMap":{"0":{"name":"Button","decl":{"start":{"line":4,"column":24},"end":{"line":4,"column":31}},"loc":{"start":{"line":14,"column":3},"end":{"line":26,"column":null}},"line":14}},"branchMap":{"0":{"loc":{"start":{"line":6,"column":2},"end":{"line":6,"column":null}},"type":"default-arg","locations":[{"start":{"line":6,"column":12},"end":{"line":6,"column":null}}],"line":6},"1":{"loc":{"start":{"line":7,"column":2},"end":{"line":7,"column":null}},"type":"default-arg","locations":[{"start":{"line":7,"column":9},"end":{"line":7,"column":null}}],"line":7},"2":{"loc":{"start":{"line":9,"column":2},"end":{"line":9,"column":null}},"type":"default-arg","locations":[{"start":{"line":9,"column":14},"end":{"line":9,"column":null}}],"line":9},"3":{"loc":{"start":{"line":11,"column":2},"end":{"line":11,"column":null}},"type":"default-arg","locations":[{"start":{"line":11,"column":13},"end":{"line":11,"column":null}}],"line":11},"4":{"loc":{"start":{"line":12,"column":2},"end":{"line":12,"column":null}},"type":"default-arg","locations":[{"start":{"line":12,"column":9},"end":{"line":12,"column":null}}],"line":12},"5":{"loc":{"start":{"line":13,"column":2},"end":{"line":13,"column":null}},"type":"default-arg","locations":[{"start":{"line":13,"column":14},"end":{"line":13,"column":null}}],"line":13},"6":{"loc":{"start":{"line":18,"column":72},"end":{"line":18,"column":107}},"type":"cond-expr","locations":[{"start":{"line":18,"column":84},"end":{"line":18,"column":104}},{"start":{"line":18,"column":104},"end":{"line":18,"column":107}}],"line":18},"7":{"loc":{"start":{"line":22,"column":7},"end":{"line":23,"column":null}},"type":"binary-expr","locations":[{"start":{"line":22,"column":7},"end":{"line":22,"column":15}},{"start":{"line":22,"column":15},"end":{"line":23,"column":null}}],"line":22},"8":{"loc":{"start":{"line":22,"column":55},"end":{"line":22,"column":84}},"type":"cond-expr","locations":[{"start":{"line":22,"column":74},"end":{"line":22,"column":79}},{"start":{"line":22,"column":79},"end":{"line":22,"column":84}}],"line":22}},"s":{"0":26},"f":{"0":26},"b":{"0":[26],"1":[26],"2":[26],"3":[26],"4":[26],"5":[26],"6":[1,25],"7":[26,25],"8":[5,20]},"meta":{"lastBranch":9,"lastFunction":1,"lastStatement":1,"seen":{"f:4:24:4:31":0,"b:6:12:6:Infinity":0,"b:7:9:7:Infinity":1,"b:9:14:9:Infinity":2,"b:11:13:11:Infinity":3,"b:12:9:12:Infinity":4,"b:13:14:13:Infinity":5,"s:15:2:24:Infinity":0,"b:18:84:18:104:18:104:18:107":6,"b:22:7:22:15:22:15:23:Infinity":7,"b:22:74:22:79:22:79:22:84":8},"fnNames":{}}}
,"C:\\Users\\Manikantha.N\\Desktop\\INRFS_FINANCER_FE\\src\\common\\components\\Modal.css": {"path":"C:\\Users\\Manikantha.N\\Desktop\\INRFS_FINANCER_FE\\src\\common\\components\\Modal.css","statementMap":{},"fnMap":{},"branchMap":{},"s":{},"f":{},"b":{},"meta":{"lastBranch":0,"lastFunction":0,"lastStatement":0,"seen":{},"fnNames":{}}}
,"C:\\Users\\Manikantha.N\\Desktop\\INRFS_FINANCER_FE\\src\\common\\components\\Modal.jsx": {"path":"C:\\Users\\Manikantha.N\\Desktop\\INRFS_FINANCER_FE\\src\\common\\components\\Modal.jsx","statementMap":{"0":{"start":{"line":6,"column":18},"end":{"line":6,"column":24}},"1":{"start":{"line":7,"column":23},"end":{"line":7,"column":null}},"2":{"start":{"line":8,"column":21},"end":{"line":8,"column":null}},"3":{"start":{"line":9,"column":2},"end":{"line":9,"column":null}},"4":{"start":{"line":10,"column":2},"end":{"line":26,"column":null}},"5":{"start":{"line":11,"column":4},"end":{"line":11,"column":null}},"6":{"start":{"line":11,"column":17},"end":{"line":11,"column":null}},"7":{"start":{"line":12,"column":30},"end":{"line":12,"column":null}},"8":{"start":{"line":13,"column":10},"end":{"line":22,"column":null}},"9":{"start":{"line":14,"column":6},"end":{"line":14,"column":null}},"10":{"start":{"line":14,"column":34},"end":{"line":14,"column":null}},"11":{"start":{"line":15,"column":6},"end":{"line":15,"column":null}},"12":{"start":{"line":15,"column":31},"end":{"line":15,"column":null}},"13":{"start":{"line":16,"column":24},"end":{"line":16,"column":null}},"14":{"start":{"line":17,"column":6},"end":{"line":17,"column":null}},"15":{"start":{"line":17,"column":30},"end":{"line":17,"column":null}},"16":{"start":{"line":18,"column":20},"end":{"line":18,"column":null}},"17":{"start":{"line":19,"column":19},"end":{"line":19,"column":null}},"18":{"start":{"line":20,"column":6},"end":{"line":20,"column":null}},"19":{"start":{"line":20,"column":64},"end":{"line":20,"column":88}},"20":{"start":{"line":20,"column":88},"end":{"line":20,"column":102}},"21":{"start":{"line":21,"column":6},"end":{"line":21,"column":null}},"22":{"start":{"line":21,"column":64},"end":{"line":21,"column":88}},"23":{"start":{"line":21,"column":88},"end":{"line":21,"column":103}},"24":{"start":{"line":23,"column":4},"end":{"line":23,"column":null}},"25":{"start":{"line":24,"column":4},"end":{"line":24,"column":null}},"26":{"start":{"line":24,"column":32},"end":{"line":24,"column":111}},"27":{"start":{"line":25,"column":4},"end":{"line":25,"column":null}},"28":{"start":{"line":25,"column":19},"end":{"line":25,"column":71}},"29":{"start":{"line":25,"column":71},"end":{"line":25,"column":101}},"30":{"start":{"line":27,"column":2},"end":{"line":27,"column":null}},"31":{"start":{"line":27,"column":15},"end":{"line":27,"column":null}},"32":{"start":{"line":29,"column":2},"end":{"line":48,"column":null}},"33":{"start":{"line":38,"column":24},"end":{"line":38,"column":null}}},"fnMap":{"0":{"name":"Modal","decl":{"start":{"line":5,"column":24},"end":{"line":5,"column":30}},"loc":{"start":{"line":5,"column":88},"end":{"line":50,"column":null}},"line":5},"1":{"name":"(anonymous_1)","decl":{"start":{"line":10,"column":2},"end":{"line":10,"column":18}},"loc":{"start":{"line":10,"column":18},"end":{"line":26,"column":5}},"line":10},"2":{"name":"(anonymous_2)","decl":{"start":{"line":13,"column":10},"end":{"line":13,"column":23}},"loc":{"start":{"line":13,"column":33},"end":{"line":22,"column":null}},"line":13},"3":{"name":"(anonymous_3)","decl":{"start":{"line":24,"column":4},"end":{"line":24,"column":32}},"loc":{"start":{"line":24,"column":32},"end":{"line":24,"column":111}},"line":24},"4":{"name":"(anonymous_4)","decl":{"start":{"line":25,"column":4},"end":{"line":25,"column":17}},"loc":{"start":{"line":25,"column":17},"end":{"line":25,"column":null}},"line":25},"5":{"name":"(anonymous_5)","decl":{"start":{"line":38,"column":8},"end":{"line":38,"column":18}},"loc":{"start":{"line":38,"column":24},"end":{"line":38,"column":null}},"line":38}},"branchMap":{"0":{"loc":{"start":{"line":5,"column":66},"end":{"line":5,"column":88}},"type":"default-arg","locations":[{"start":{"line":5,"column":77},"end":{"line":5,"column":88}}],"line":5},"1":{"loc":{"start":{"line":11,"column":4},"end":{"line":11,"column":null}},"type":"if","locations":[{"start":{"line":11,"column":4},"end":{"line":11,"column":null}},{"start":{},"end":{}}],"line":11},"2":{"loc":{"start":{"line":14,"column":6},"end":{"line":14,"column":null}},"type":"if","locations":[{"start":{"line":14,"column":6},"end":{"line":14,"column":null}},{"start":{},"end":{}}],"line":14},"3":{"loc":{"start":{"line":15,"column":6},"end":{"line":15,"column":null}},"type":"if","locations":[{"start":{"line":15,"column":6},"end":{"line":15,"column":null}},{"start":{},"end":{}}],"line":15},"4":{"loc":{"start":{"line":17,"column":6},"end":{"line":17,"column":null}},"type":"if","locations":[{"start":{"line":17,"column":6},"end":{"line":17,"column":null}},{"start":{},"end":{}}],"line":17},"5":{"loc":{"start":{"line":20,"column":6},"end":{"line":20,"column":null}},"type":"if","locations":[{"start":{"line":20,"column":6},"end":{"line":20,"column":null}},{"start":{},"end":{}}],"line":20},"6":{"loc":{"start":{"line":20,"column":10},"end":{"line":20,"column":62}},"type":"binary-expr","locations":[{"start":{"line":20,"column":10},"end":{"line":20,"column":28}},{"start":{"line":20,"column":28},"end":{"line":20,"column":62}}],"line":20},"7":{"loc":{"start":{"line":21,"column":6},"end":{"line":21,"column":null}},"type":"if","locations":[{"start":{"line":21,"column":6},"end":{"line":21,"column":null}},{"start":{},"end":{}}],"line":21},"8":{"loc":{"start":{"line":21,"column":10},"end":{"line":21,"column":62}},"type":"binary-expr","locations":[{"start":{"line":21,"column":10},"end":{"line":21,"column":29}},{"start":{"line":21,"column":29},"end":{"line":21,"column":62}}],"line":21},"9":{"loc":{"start":{"line":27,"column":2},"end":{"line":27,"column":null}},"type":"if","locations":[{"start":{"line":27,"column":2},"end":{"line":27,"column":null}},{"start":{},"end":{}}],"line":27}},"s":{"0":3,"1":3,"2":3,"3":3,"4":3,"5":3,"6":1,"7":2,"8":2,"9":2,"10":2,"11":2,"12":2,"13":0,"14":2,"15":0,"16":0,"17":0,"18":0,"19":0,"20":0,"21":0,"22":0,"23":0,"24":2,"25":2,"26":2,"27":2,"28":2,"29":2,"30":3,"31":1,"32":2,"33":1},"f":{"0":3,"1":3,"2":2,"3":2,"4":2,"5":1},"b":{"0":[3],"1":[1,2],"2":[2,0],"3":[2,0],"4":[0,2],"5":[0,0],"6":[0,0],"7":[0,0],"8":[0,0],"9":[1,2]},"meta":{"lastBranch":10,"lastFunction":6,"lastStatement":34,"seen":{"f:5:24:5:30":0,"b:5:77:5:88":0,"s:6:18:6:24":0,"s:7:23:7:Infinity":1,"s:8:21:8:Infinity":2,"s:9:2:9:Infinity":3,"s:10:2:26:Infinity":4,"f:10:2:10:18":1,"b:11:4:11:Infinity:undefined:undefined:undefined:undefined":1,"s:11:4:11:Infinity":5,"s:11:17:11:Infinity":6,"s:12:30:12:Infinity":7,"s:13:10:22:Infinity":8,"f:13:10:13:23":2,"b:14:6:14:Infinity:undefined:undefined:undefined:undefined":2,"s:14:6:14:Infinity":9,"s:14:34:14:Infinity":10,"b:15:6:15:Infinity:undefined:undefined:undefined:undefined":3,"s:15:6:15:Infinity":11,"s:15:31:15:Infinity":12,"s:16:24:16:Infinity":13,"b:17:6:17:Infinity:undefined:undefined:undefined:undefined":4,"s:17:6:17:Infinity":14,"s:17:30:17:Infinity":15,"s:18:20:18:Infinity":16,"s:19:19:19:Infinity":17,"b:20:6:20:Infinity:undefined:undefined:undefined:undefined":5,"s:20:6:20:Infinity":18,"b:20:10:20:28:20:28:20:62":6,"s:20:64:20:88":19,"s:20:88:20:102":20,"b:21:6:21:Infinity:undefined:undefined:undefined:undefined":7,"s:21:6:21:Infinity":21,"b:21:10:21:29:21:29:21:62":8,"s:21:64:21:88":22,"s:21:88:21:103":23,"s:23:4:23:Infinity":24,"s:24:4:24:Infinity":25,"f:24:4:24:32":3,"s:24:32:24:111":26,"s:25:4:25:Infinity":27,"f:25:4:25:17":4,"s:25:19:25:71":28,"s:25:71:25:101":29,"b:27:2:27:Infinity:undefined:undefined:undefined:undefined":9,"s:27:2:27:Infinity":30,"s:27:15:27:Infinity":31,"s:29:2:48:Infinity":32,"f:38:8:38:18":5,"s:38:24:38:Infinity":33},"fnNames":{}}}
,"C:\\Users\\Manikantha.N\\Desktop\\INRFS_FINANCER_FE\\src\\common\\components\\SearchInput.css": {"path":"C:\\Users\\Manikantha.N\\Desktop\\INRFS_FINANCER_FE\\src\\common\\components\\SearchInput.css","statementMap":{},"fnMap":{},"branchMap":{},"s":{},"f":{},"b":{},"meta":{"lastBranch":0,"lastFunction":0,"lastStatement":0,"seen":{},"fnNames":{}}}
,"C:\\Users\\Manikantha.N\\Desktop\\INRFS_FINANCER_FE\\src\\common\\components\\SearchInput.jsx": {"path":"C:\\Users\\Manikantha.N\\Desktop\\INRFS_FINANCER_FE\\src\\common\\components\\SearchInput.jsx","statementMap":{"0":{"start":{"line":6,"column":2},"end":{"line":22,"column":null}},"1":{"start":{"line":13,"column":25},"end":{"line":13,"column":null}},"2":{"start":{"line":18,"column":115},"end":{"line":18,"column":null}}},"fnMap":{"0":{"name":"SearchInput","decl":{"start":{"line":5,"column":24},"end":{"line":5,"column":36}},"loc":{"start":{"line":5,"column":111},"end":{"line":24,"column":null}},"line":5},"1":{"name":"(anonymous_1)","decl":{"start":{"line":13,"column":8},"end":{"line":13,"column":19}},"loc":{"start":{"line":13,"column":25},"end":{"line":13,"column":null}},"line":13},"2":{"name":"(anonymous_2)","decl":{"start":{"line":18,"column":97},"end":{"line":18,"column":115}},"loc":{"start":{"line":18,"column":115},"end":{"line":18,"column":null}},"line":18}},"branchMap":{"0":{"loc":{"start":{"line":5,"column":55},"end":{"line":5,"column":82}},"type":"default-arg","locations":[{"start":{"line":5,"column":69},"end":{"line":5,"column":82}}],"line":5},"1":{"loc":{"start":{"line":5,"column":91},"end":{"line":5,"column":111}},"type":"default-arg","locations":[{"start":{"line":5,"column":99},"end":{"line":5,"column":111}}],"line":5},"2":{"loc":{"start":{"line":17,"column":7},"end":{"line":20,"column":null}},"type":"binary-expr","locations":[{"start":{"line":17,"column":7},"end":{"line":17,"column":null}},{"start":{"line":18,"column":8},"end":{"line":20,"column":null}}],"line":17},"3":{"loc":{"start":{"line":18,"column":97},"end":{"line":18,"column":null}},"type":"binary-expr","locations":[{"start":{"line":18,"column":97},"end":{"line":18,"column":115}},{"start":{"line":18,"column":97},"end":{"line":18,"column":null}}],"line":18}},"s":{"0":23,"1":3,"2":2},"f":{"0":23,"1":3,"2":2},"b":{"0":[23],"1":[23],"2":[23,4],"3":[4,2]},"meta":{"lastBranch":4,"lastFunction":3,"lastStatement":3,"seen":{"f:5:24:5:36":0,"b:5:69:5:82":0,"b:5:99:5:111":1,"s:6:2:22:Infinity":0,"f:13:8:13:19":1,"s:13:25:13:Infinity":1,"b:17:7:17:Infinity:18:8:20:Infinity":2,"b:18:97:18:115:18:97:18:Infinity":3,"f:18:97:18:115":2,"s:18:115:18:Infinity":2},"fnNames":{}}}
,"C:\\Users\\Manikantha.N\\Desktop\\INRFS_FINANCER_FE\\src\\common\\components\\StatusBadge.css": {"path":"C:\\Users\\Manikantha.N\\Desktop\\INRFS_FINANCER_FE\\src\\common\\components\\StatusBadge.css","statementMap":{},"fnMap":{},"branchMap":{},"s":{},"f":{},"b":{},"meta":{"lastBranch":0,"lastFunction":0,"lastStatement":0,"seen":{},"fnNames":{}}}
,"C:\\Users\\Manikantha.N\\Desktop\\INRFS_FINANCER_FE\\src\\common\\components\\StatusBadge.jsx": {"path":"C:\\Users\\Manikantha.N\\Desktop\\INRFS_FINANCER_FE\\src\\common\\components\\StatusBadge.jsx","statementMap":{"0":{"start":{"line":5,"column":8},"end":{"line":5,"column":null}},"1":{"start":{"line":7,"column":2},"end":{"line":10,"column":null}}},"fnMap":{"0":{"name":"StatusBadge","decl":{"start":{"line":4,"column":24},"end":{"line":4,"column":36}},"loc":{"start":{"line":4,"column":55},"end":{"line":12,"column":null}},"line":4}},"branchMap":{"0":{"loc":{"start":{"line":5,"column":22},"end":{"line":5,"column":43}},"type":"binary-expr","locations":[{"start":{"line":5,"column":22},"end":{"line":5,"column":32}},{"start":{"line":5,"column":32},"end":{"line":5,"column":41}},{"start":{"line":5,"column":41},"end":{"line":5,"column":43}}],"line":5},"1":{"loc":{"start":{"line":9,"column":7},"end":{"line":9,"column":null}},"type":"binary-expr","locations":[{"start":{"line":9,"column":7},"end":{"line":9,"column":16}},{"start":{"line":9,"column":16},"end":{"line":9,"column":null}}],"line":9}},"s":{"0":18,"1":18},"f":{"0":18},"b":{"0":[18,0,0],"1":[18,17]},"meta":{"lastBranch":2,"lastFunction":1,"lastStatement":2,"seen":{"f:4:24:4:36":0,"s:5:8:5:Infinity":0,"b:5:22:5:32:5:32:5:41:5:41:5:43":0,"s:7:2:10:Infinity":1,"b:9:7:9:16:9:16:9:Infinity":1},"fnNames":{}}}
,"C:\\Users\\Manikantha.N\\Desktop\\INRFS_FINANCER_FE\\src\\common\\services\\apiClient.js": {"path":"C:\\Users\\Manikantha.N\\Desktop\\INRFS_FINANCER_FE\\src\\common\\services\\apiClient.js","statementMap":{"0":{"start":{"line":1,"column":29},"end":{"line":1,"column":null}},"1":{"start":{"line":2,"column":6},"end":{"line":2,"column":null}},"2":{"start":{"line":4,"column":20},"end":{"line":4,"column":null}},"3":{"start":{"line":5,"column":18},"end":{"line":5,"column":null}},"4":{"start":{"line":8,"column":2},"end":{"line":12,"column":null}},"5":{"start":{"line":9,"column":4},"end":{"line":9,"column":null}},"6":{"start":{"line":11,"column":4},"end":{"line":11,"column":null}},"7":{"start":{"line":15,"column":28},"end":{"line":31,"column":null}},"8":{"start":{"line":16,"column":24},"end":{"line":16,"column":null}},"9":{"start":{"line":17,"column":20},"end":{"line":17,"column":null}},"10":{"start":{"line":19,"column":4},"end":{"line":19,"column":null}},"11":{"start":{"line":20,"column":4},"end":{"line":20,"column":null}},"12":{"start":{"line":23,"column":4},"end":{"line":23,"column":null}},"13":{"start":{"line":24,"column":4},"end":{"line":24,"column":null}},"14":{"start":{"line":25,"column":4},"end":{"line":25,"column":null}},"15":{"start":{"line":26,"column":4},"end":{"line":26,"column":null}},"16":{"start":{"line":27,"column":4},"end":{"line":27,"column":null}},"17":{"start":{"line":28,"column":4},"end":{"line":28,"column":null}},"18":{"start":{"line":29,"column":4},"end":{"line":29,"column":null}},"19":{"start":{"line":35,"column":4},"end":{"line":35,"column":null}},"20":{"start":{"line":36,"column":4},"end":{"line":36,"column":null}},"21":{"start":{"line":37,"column":4},"end":{"line":37,"column":null}},"22":{"start":{"line":38,"column":4},"end":{"line":38,"column":null}},"23":{"start":{"line":39,"column":4},"end":{"line":39,"column":null}},"24":{"start":{"line":43,"column":21},"end":{"line":43,"column":null}},"25":{"start":{"line":46,"column":18},"end":{"line":46,"column":null}},"26":{"start":{"line":46,"column":52},"end":{"line":46,"column":56}},"27":{"start":{"line":47,"column":2},"end":{"line":53,"column":null}},"28":{"start":{"line":48,"column":24},"end":{"line":48,"column":null}},"29":{"start":{"line":49,"column":30},"end":{"line":49,"column":null}},"30":{"start":{"line":50,"column":20},"end":{"line":51,"column":null}},"31":{"start":{"line":52,"column":4},"end":{"line":52,"column":null}},"32":{"start":{"line":54,"column":2},"end":{"line":54,"column":null}},"33":{"start":{"line":58,"column":2},"end":{"line":68,"column":null}},"34":{"start":{"line":59,"column":4},"end":{"line":67,"column":null}},"35":{"start":{"line":65,"column":6},"end":{"line":65,"column":null}},"36":{"start":{"line":66,"column":6},"end":{"line":66,"column":null}},"37":{"start":{"line":67,"column":23},"end":{"line":67,"column":46}},"38":{"start":{"line":69,"column":2},"end":{"line":69,"column":null}},"39":{"start":{"line":73,"column":18},"end":{"line":73,"column":null}},"40":{"start":{"line":74,"column":2},"end":{"line":74,"column":null}},"41":{"start":{"line":74,"column":75},"end":{"line":74,"column":null}},"42":{"start":{"line":75,"column":22},"end":{"line":75,"column":null}},"43":{"start":{"line":76,"column":2},"end":{"line":76,"column":null}},"44":{"start":{"line":76,"column":19},"end":{"line":76,"column":null}},"45":{"start":{"line":77,"column":17},"end":{"line":77,"column":null}},"46":{"start":{"line":78,"column":2},"end":{"line":87,"column":null}},"47":{"start":{"line":79,"column":4},"end":{"line":86,"column":null}},"48":{"start":{"line":80,"column":6},"end":{"line":80,"column":null}},"49":{"start":{"line":81,"column":6},"end":{"line":81,"column":null}},"50":{"start":{"line":83,"column":6},"end":{"line":83,"column":null}},"51":{"start":{"line":84,"column":6},"end":{"line":84,"column":null}},"52":{"start":{"line":85,"column":6},"end":{"line":85,"column":null}},"53":{"start":{"line":88,"column":2},"end":{"line":88,"column":null}},"54":{"start":{"line":91,"column":19},"end":{"line":109,"column":null}},"55":{"start":{"line":92,"column":26},"end":{"line":92,"column":null}},"56":{"start":{"line":93,"column":33},"end":{"line":93,"column":null}},"57":{"start":{"line":94,"column":32},"end":{"line":94,"column":null}},"58":{"start":{"line":95,"column":29},"end":{"line":95,"column":null}},"59":{"start":{"line":97,"column":20},"end":{"line":100,"column":null}},"60":{"start":{"line":97,"column":37},"end":{"line":100,"column":null}},"61":{"start":{"line":101,"column":19},"end":{"line":101,"column":null}},"62":{"start":{"line":102,"column":4},"end":{"line":102,"column":null}},"63":{"start":{"line":102,"column":33},"end":{"line":102,"column":null}},"64":{"start":{"line":103,"column":4},"end":{"line":106,"column":null}},"65":{"start":{"line":104,"column":22},"end":{"line":104,"column":null}},"66":{"start":{"line":104,"column":56},"end":{"line":104,"column":60}},"67":{"start":{"line":105,"column":6},"end":{"line":105,"column":null}},"68":{"start":{"line":107,"column":4},"end":{"line":107,"column":null}}},"fnMap":{"0":{"name":"readJson","decl":{"start":{"line":7,"column":9},"end":{"line":7,"column":18}},"loc":{"start":{"line":7,"column":23},"end":{"line":13,"column":null}},"line":7},"1":{"name":"(anonymous_1)","decl":{"start":{"line":16,"column":2},"end":{"line":16,"column":24}},"loc":{"start":{"line":16,"column":24},"end":{"line":16,"column":null}},"line":16},"2":{"name":"(anonymous_2)","decl":{"start":{"line":17,"column":2},"end":{"line":17,"column":20}},"loc":{"start":{"line":17,"column":20},"end":{"line":17,"column":null}},"line":17},"3":{"name":"save","decl":{"start":{"line":18,"column":2},"end":{"line":18,"column":7}},"loc":{"start":{"line":18,"column":15},"end":{"line":21,"column":null}},"line":18},"4":{"name":"clear","decl":{"start":{"line":22,"column":2},"end":{"line":22,"column":10}},"loc":{"start":{"line":22,"column":10},"end":{"line":30,"column":null}},"line":22},"5":{"name":"constructor","decl":{"start":{"line":34,"column":2},"end":{"line":34,"column":14}},"loc":{"start":{"line":34,"column":48},"end":{"line":40,"column":null}},"line":34},"6":{"name":"parseResponse","decl":{"start":{"line":45,"column":15},"end":{"line":45,"column":29}},"loc":{"start":{"line":45,"column":39},"end":{"line":55,"column":null}},"line":45},"7":{"name":"(anonymous_7)","decl":{"start":{"line":46,"column":40},"end":{"line":46,"column":52}},"loc":{"start":{"line":46,"column":52},"end":{"line":46,"column":56}},"line":46},"8":{"name":"refreshSession","decl":{"start":{"line":57,"column":22},"end":{"line":57,"column":39}},"loc":{"start":{"line":57,"column":39},"end":{"line":70,"column":null}},"line":57},"9":{"name":"(anonymous_9)","decl":{"start":{"line":64,"column":27},"end":{"line":64,"column":33}},"loc":{"start":{"line":64,"column":44},"end":{"line":67,"column":5}},"line":64},"10":{"name":"(anonymous_10)","decl":{"start":{"line":67,"column":7},"end":{"line":67,"column":21}},"loc":{"start":{"line":67,"column":21},"end":{"line":67,"column":47}},"line":67},"11":{"name":"apiRequest","decl":{"start":{"line":72,"column":22},"end":{"line":72,"column":33}},"loc":{"start":{"line":72,"column":53},"end":{"line":89,"column":null}},"line":72},"12":{"name":"(anonymous_12)","decl":{"start":{"line":92,"column":2},"end":{"line":92,"column":8}},"loc":{"start":{"line":92,"column":26},"end":{"line":92,"column":null}},"line":92},"13":{"name":"(anonymous_13)","decl":{"start":{"line":93,"column":2},"end":{"line":93,"column":9}},"loc":{"start":{"line":93,"column":33},"end":{"line":93,"column":null}},"line":93},"14":{"name":"(anonymous_14)","decl":{"start":{"line":94,"column":2},"end":{"line":94,"column":8}},"loc":{"start":{"line":94,"column":32},"end":{"line":94,"column":null}},"line":94},"15":{"name":"(anonymous_15)","decl":{"start":{"line":95,"column":2},"end":{"line":95,"column":11}},"loc":{"start":{"line":95,"column":29},"end":{"line":95,"column":null}},"line":95},"16":{"name":"(anonymous_16)","decl":{"start":{"line":96,"column":12},"end":{"line":96,"column":19}},"loc":{"start":{"line":96,"column":28},"end":{"line":108,"column":null}},"line":96},"17":{"name":"(anonymous_17)","decl":{"start":{"line":97,"column":20},"end":{"line":97,"column":27}},"loc":{"start":{"line":97,"column":37},"end":{"line":100,"column":null}},"line":97},"18":{"name":"(anonymous_18)","decl":{"start":{"line":104,"column":44},"end":{"line":104,"column":56}},"loc":{"start":{"line":104,"column":56},"end":{"line":104,"column":60}},"line":104}},"branchMap":{"0":{"loc":{"start":{"line":2,"column":22},"end":{"line":2,"column":79}},"type":"binary-expr","locations":[{"start":{"line":2,"column":22},"end":{"line":2,"column":59}},{"start":{"line":2,"column":59},"end":{"line":2,"column":79}}],"line":2},"1":{"loc":{"start":{"line":9,"column":22},"end":{"line":9,"column":59}},"type":"binary-expr","locations":[{"start":{"line":9,"column":22},"end":{"line":9,"column":53}},{"start":{"line":9,"column":53},"end":{"line":9,"column":59}}],"line":9},"2":{"loc":{"start":{"line":38,"column":18},"end":{"line":38,"column":null}},"type":"binary-expr","locations":[{"start":{"line":38,"column":18},"end":{"line":38,"column":28}},{"start":{"line":38,"column":28},"end":{"line":38,"column":null}}],"line":38},"3":{"loc":{"start":{"line":39,"column":19},"end":{"line":39,"column":null}},"type":"binary-expr","locations":[{"start":{"line":39,"column":19},"end":{"line":39,"column":30}},{"start":{"line":39,"column":30},"end":{"line":39,"column":null}}],"line":39},"4":{"loc":{"start":{"line":47,"column":2},"end":{"line":53,"column":null}},"type":"if","locations":[{"start":{"line":47,"column":2},"end":{"line":53,"column":null}},{"start":{},"end":{}}],"line":47},"5":{"loc":{"start":{"line":47,"column":6},"end":{"line":47,"column":50}},"type":"binary-expr","locations":[{"start":{"line":47,"column":6},"end":{"line":47,"column":22}},{"start":{"line":47,"column":22},"end":{"line":47,"column":50}}],"line":47},"6":{"loc":{"start":{"line":49,"column":30},"end":{"line":49,"column":null}},"type":"binary-expr","locations":[{"start":{"line":49,"column":30},"end":{"line":49,"column":49}},{"start":{"line":49,"column":49},"end":{"line":49,"column":null}}],"line":49},"7":{"loc":{"start":{"line":50,"column":20},"end":{"line":51,"column":null}},"type":"binary-expr","locations":[{"start":{"line":50,"column":20},"end":{"line":50,"column":40}},{"start":{"line":50,"column":40},"end":{"line":50,"column":61}},{"start":{"line":50,"column":61},"end":{"line":50,"column":null}},{"start":{"line":51,"column":10},"end":{"line":51,"column":null}}],"line":50},"8":{"loc":{"start":{"line":51,"column":10},"end":{"line":51,"column":null}},"type":"cond-expr","locations":[{"start":{"line":51,"column":24},"end":{"line":51,"column":106}},{"start":{"line":51,"column":106},"end":{"line":51,"column":null}}],"line":51},"9":{"loc":{"start":{"line":54,"column":9},"end":{"line":54,"column":null}},"type":"binary-expr","locations":[{"start":{"line":54,"column":9},"end":{"line":54,"column":26}},{"start":{"line":54,"column":26},"end":{"line":54,"column":null}}],"line":54},"10":{"loc":{"start":{"line":58,"column":2},"end":{"line":68,"column":null}},"type":"if","locations":[{"start":{"line":58,"column":2},"end":{"line":68,"column":null}},{"start":{},"end":{}}],"line":58},"11":{"loc":{"start":{"line":72,"column":39},"end":{"line":72,"column":53}},"type":"default-arg","locations":[{"start":{"line":72,"column":49},"end":{"line":72,"column":53}}],"line":72},"12":{"loc":{"start":{"line":73,"column":30},"end":{"line":73,"column":51}},"type":"binary-expr","locations":[{"start":{"line":73,"column":30},"end":{"line":73,"column":49}},{"start":{"line":73,"column":49},"end":{"line":73,"column":51}}],"line":73},"13":{"loc":{"start":{"line":74,"column":2},"end":{"line":74,"column":null}},"type":"if","locations":[{"start":{"line":74,"column":2},"end":{"line":74,"column":null}},{"start":{},"end":{}}],"line":74},"14":{"loc":{"start":{"line":74,"column":6},"end":{"line":74,"column":75}},"type":"binary-expr","locations":[{"start":{"line":74,"column":6},"end":{"line":74,"column":45}},{"start":{"line":74,"column":45},"end":{"line":74,"column":75}}],"line":74},"15":{"loc":{"start":{"line":76,"column":2},"end":{"line":76,"column":null}},"type":"if","locations":[{"start":{"line":76,"column":2},"end":{"line":76,"column":null}},{"start":{},"end":{}}],"line":76},"16":{"loc":{"start":{"line":77,"column":47},"end":{"line":77,"column":91}},"type":"cond-expr","locations":[{"start":{"line":77,"column":70},"end":{"line":77,"column":77}},{"start":{"line":77,"column":77},"end":{"line":77,"column":91}}],"line":77},"17":{"loc":{"start":{"line":78,"column":2},"end":{"line":87,"column":null}},"type":"if","locations":[{"start":{"line":78,"column":2},"end":{"line":87,"column":null}},{"start":{},"end":{}}],"line":78},"18":{"loc":{"start":{"line":78,"column":6},"end":{"line":78,"column":88}},"type":"binary-expr","locations":[{"start":{"line":78,"column":6},"end":{"line":78,"column":33}},{"start":{"line":78,"column":33},"end":{"line":78,"column":59}},{"start":{"line":78,"column":59},"end":{"line":78,"column":88}}],"line":78},"19":{"loc":{"start":{"line":81,"column":47},"end":{"line":81,"column":91}},"type":"cond-expr","locations":[{"start":{"line":81,"column":70},"end":{"line":81,"column":77}},{"start":{"line":81,"column":77},"end":{"line":81,"column":91}}],"line":81},"20":{"loc":{"start":{"line":93,"column":86},"end":{"line":93,"column":141}},"type":"cond-expr","locations":[{"start":{"line":93,"column":113},"end":{"line":93,"column":120}},{"start":{"line":93,"column":120},"end":{"line":93,"column":141}}],"line":93},"21":{"loc":{"start":{"line":97,"column":61},"end":{"line":97,"column":105}},"type":"cond-expr","locations":[{"start":{"line":97,"column":84},"end":{"line":97,"column":91}},{"start":{"line":97,"column":91},"end":{"line":97,"column":105}}],"line":97},"22":{"loc":{"start":{"line":99,"column":15},"end":{"line":99,"column":null}},"type":"cond-expr","locations":[{"start":{"line":99,"column":23},"end":{"line":99,"column":62}},{"start":{"line":99,"column":62},"end":{"line":99,"column":null}}],"line":99},"23":{"loc":{"start":{"line":102,"column":4},"end":{"line":102,"column":null}},"type":"if","locations":[{"start":{"line":102,"column":4},"end":{"line":102,"column":null}},{"start":{},"end":{}}],"line":102},"24":{"loc":{"start":{"line":103,"column":4},"end":{"line":106,"column":null}},"type":"if","locations":[{"start":{"line":103,"column":4},"end":{"line":106,"column":null}},{"start":{},"end":{}}],"line":103},"25":{"loc":{"start":{"line":105,"column":25},"end":{"line":105,"column":84}},"type":"binary-expr","locations":[{"start":{"line":105,"column":25},"end":{"line":105,"column":45}},{"start":{"line":105,"column":45},"end":{"line":105,"column":84}}],"line":105}},"s":{"0":26,"1":26,"2":26,"3":26,"4":7,"5":7,"6":1,"7":26,"8":18,"9":7,"10":7,"11":7,"12":7,"13":7,"14":7,"15":7,"16":7,"17":7,"18":7,"19":6,"20":6,"21":6,"22":6,"23":6,"24":26,"25":13,"26":2,"27":13,"28":4,"29":4,"30":4,"31":4,"32":9,"33":4,"34":4,"35":2,"36":2,"37":3,"38":4,"39":11,"40":11,"41":10,"42":11,"43":11,"44":2,"45":11,"46":11,"47":2,"48":2,"49":1,"50":1,"51":1,"52":1,"53":10,"54":26,"55":6,"56":3,"57":1,"58":1,"59":3,"60":4,"61":3,"62":3,"63":1,"64":3,"65":1,"66":0,"67":1,"68":2},"f":{"0":7,"1":18,"2":7,"3":7,"4":7,"5":6,"6":13,"7":2,"8":4,"9":2,"10":3,"11":11,"12":6,"13":3,"14":1,"15":1,"16":3,"1
[...]
f:732:9:732:21":50,"s:733:2:740:Infinity":168,"f:748:9:748:19":51,"s:749:78:749:Infinity":169,"s:751:23:754:Infinity":170,"b:752:55:752:60:752:60:752:Infinity":101,"b:755:2:755:Infinity:undefined:undefined:undefined:undefined":102,"s:755:2:755:Infinity":171,"s:755:12:755:Infinity":172,"b:756:2:756:Infinity:undefined:undefined:undefined:undefined":103,"s:756:2:756:Infinity":173,"s:756:15:756:Infinity":174,"b:757:2:757:Infinity:undefined:undefined:undefined:undefined":104,"s:757:2:757:Infinity":175,"s:757:15:757:Infinity":176,"b:758:2:758:Infinity:undefined:undefined:undefined:undefined":105,"s:758:2:758:Infinity":177,"s:758:19:758:Infinity":178,"s:760:2:782:Infinity":179,"b:763:34:763:50:763:50:763:79":106,"f:778:17:778:22":52,"s:779:10:779:Infinity":180,"f:786:9:786:20":53,"s:792:8:797:Infinity":181,"b:792:20:792:44:792:44:792:47":107,"f:794:5:794:10":54,"s:794:16:794:20":182,"s:799:2:866:Infinity":183,"b:824:10:826:11:826:10:826:Infinity":108,"b:835:10:835:47:835:47:835:86:835:86:835:123:835:123:835:Infinity:836:10:843:Infinity":109,"f:837:63:837:78":55,"s:837:78:837:Infinity":184,"f:840:43:840:58":56,"s:840:58:840:Infinity":185,"b:845:9:845:Infinity:846:10:853:Infinity":110,"f:847:63:847:78":57,"s:847:78:847:Infinity":186,"f:850:43:850:58":58,"s:850:58:850:Infinity":187,"b:855:1:855:Infinity:856:2:863:Infinity":111,"f:859:4:859:19":59,"s:859:19:859:Infinity":188,"f:870:9:870:21":60,"s:871:2:871:Infinity":189,"s:878:16:878:Infinity":190,"f:880:9:880:28":61,"s:881:26:881:Infinity":191,"s:882:30:882:Infinity":192,"s:883:30:883:Infinity":193,"s:884:40:884:Infinity":194,"f:884:40:884:55":62,"s:884:55:884:74":195,"s:885:36:885:Infinity":196,"s:886:28:886:Infinity":197,"s:887:38:887:Infinity":198,"s:888:21:888:Infinity":199,"s:889:40:889:Infinity":200,"s:890:40:890:Infinity":201,"s:891:48:891:Infinity":202,"s:892:42:892:Infinity":203,"s:893:26:893:Infinity":204,"s:894:18:895:Infinity":205,"b:894:53:894:Infinity:895:6:895:Infinity":112,"b:894:60:894:97:894:97:894:98":113,"b:895:39:895:57:895:57:895:Infinity":114,"s:897:2:907:Infinity":206,"f:897:2:897:18":63,"b:898:4:898:Infinity:undefined:undefined:undefined:undefined":115,"s:898:4:898:Infinity":207,"s:898:42:898:Infinity":208,"s:899:17:899:Infinity":209,"s:900:4:900:Infinity":210,"s:901:4:901:Infinity":211,"s:902:4:905:Infinity":212,"f:903:7:903:13":64,"b:903:25:903:111:undefined:undefined:undefined:undefined":116,"s:903:25:903:111":213,"s:903:39:903:66":214,"s:903:66:903:109":215,"f:904:7:904:14":65,"b:904:26:904:114:undefined:undefined:undefined:undefined":117,"s:904:26:904:114":216,"s:904:40:904:66":217,"s:904:66:904:81":218,"s:904:81:904:112":219,"f:905:7:905:21":66,"b:905:23:905:59:undefined:undefined:undefined:undefined":118,"s:905:23:905:59":220,"s:905:35:905:59":221,"s:906:4:906:Infinity":222,"f:906:4:906:17":67,"s:906:19:906:35":223,"s:909:8:915:Infinity":224,"f:909:8:909:29":68,"s:910:4:910:Infinity":225,"s:911:4:911:Infinity":226,"b:912:4:912:Infinity:undefined:undefined:undefined:undefined":119,"s:912:4:912:Infinity":227,"s:912:33:912:Infinity":228,"b:913:4:913:Infinity:undefined:undefined:undefined:undefined":120,"s:913:4:913:Infinity":229,"s:913:28:913:Infinity":230,"b:914:4:914:Infinity:undefined:undefined:undefined:undefined":121,"s:914:4:914:Infinity":231,"s:914:35:914:Infinity":232,"s:917:24:932:Infinity":233,"f:917:24:917:36":69,"b:918:4:918:Infinity:undefined:undefined:undefined:undefined":122,"s:918:4:918:Infinity":234,"b:918:8:918:30:918:30:918:53:918:53:918:81:918:81:918:95":123,"s:918:95:918:Infinity":235,"s:919:4:919:Infinity":236,"s:920:4:920:Infinity":237,"s:921:4:921:Infinity":238,"s:922:4:931:Infinity":239,"s:923:6:923:Infinity":240,"s:924:6:924:Infinity":241,"s:925:6:925:Infinity":242,"s:927:6:927:Infinity":243,"b:927:21:927:38:927:38:927:88":124,"s:929:6:929:Infinity":244,"s:930:6:930:Infinity":245,"s:934:32:934:Infinity":246,"b:934:55:934:73:934:73:934:75":125,"s:936:2:1034:Infinity":247,"f:938:33:938:43":70,"s:938:49:938:Infinity":248,"b:944:37:944:51:944:51:944:Infinity":126,"b:947:37:947:51:947:51:947:Infinity":127,"b:950:37:950:51:950:51:950:Infinity":128,"b:955:9:955:Infinity:956:10:969:Infinity":129,"b:963:33:963:71:963:71:963:Infinity":130,"f:966:46:966:61":71,"s:966:61:966:73":249,"b:972:9:972:Infinity:973:10:1019:Infinity":131,"b:976:80:976:94:976:94:976:98":132,"f:976:98:976:113":72,"s:976:113:976:148":250,"b:977:75:977:89:977:89:977:93":133,"f:977:93:977:108":73,"s:977:108:977:138":251,"b:978:82:978:96:978:96:978:100":134,"f:978:100:978:115":74,"s:978:115:978:152":252,"b:980:13:980:47:980:47:980:Infinity":135,"b:981:13:981:42:981:42:981:Infinity":136,"b:982:13:982:49:982:49:982:Infinity:983:14:989:Infinity":137,"f:991:186:991:197":75,"s:991:207:991:239":253,"b:992:107:992:122:992:122:992:140":138,"b:992:204:992:259:992:259:992:311":139,"b:992:148:992:184:992:184:992:204":140,"b:992:219:992:236:992:236:992:259":141,"b:993:13:993:Infinity:994:14:997:Infinity":142,"f:999:131:999:142":76,"s:999:152:999:189":254,"f:1002:23:1002:28":77,"s:1003:16:1010:Infinity":255,"b:1005:64:1005:79:1005:79:1005:Infinity":143,"f:1006:18:1006:33":78,"s:1006:33:1006:Infinity":256,"f:1013:106:1013:117":79,"s:1013:127:1013:162":257,"f:1014:102:1014:113":80,"s:1014:123:1014:154":258,"b:1015:13:1015:28:1015:28:1015:Infinity":144,"b:1016:56:1016:70:1016:70:1016:86:1016:86:1016:109:1016:109:1016:135":145,"b:1017:28:1017:43:1017:43:1017:Infinity":146,"b:1017:78:1017:119:1017:119:1017:Infinity":147,"b:1022:9:1022:Infinity:1023:10:1031:Infinity":148,"f:1042:9:1042:25":81,"s:1043:32:1043:Infinity":259,"s:1044:30:1044:Infinity":260,"s:1046:20:1046:Infinity":261,"s:1048:2:1090:Infinity":262,"f:1050:33:1050:43":82,"s:1050:49:1050:Infinity":263,"b:1063:56:1063:94:1063:94:1063:99":149,"f:1068:47:1068:58":83,"s:1068:64:1068:93":264,"f:1076:14:1076:25":84,"s:1076:31:1076:Infinity":265,"f:1084:12:1084:27":85,"s:1084:27:1084:Infinity":266},"fnNames":{}}}
,"C:\\Users\\Manikantha.N\\Desktop\\INRFS_FINANCER_FE\\src\\financer\\pages\\Payments\\paymentStatus.js": {"path":"C:\\Users\\Manikantha.N\\Desktop\\INRFS_FINANCER_FE\\src\\financer\\pages\\Payments\\paymentStatus.js","statementMap":{"0":{"start":{"line":1,"column":34},"end":{"line":1,"column":null}},"1":{"start":{"line":4,"column":16},"end":{"line":9,"column":null}},"2":{"start":{"line":10,"column":8},"end":{"line":10,"column":null}},"3":{"start":{"line":10,"column":25},"end":{"line":10,"column":null}},"4":{"start":{"line":10,"column":46},"end":{"line":10,"column":64}},"5":{"start":{"line":11,"column":2},"end":{"line":11,"column":null}},"6":{"start":{"line":18,"column":2},"end":{"line":20,"column":null}},"7":{"start":{"line":19,"column":4},"end":{"line":19,"column":null}},"8":{"start":{"line":21,"column":2},"end":{"line":21,"column":null}},"9":{"start":{"line":21,"column":23},"end":{"line":21,"column":null}},"10":{"start":{"line":22,"column":2},"end":{"line":22,"column":null}},"11":{"start":{"line":22,"column":25},"end":{"line":22,"column":null}},"12":{"start":{"line":23,"column":2},"end":{"line":23,"column":null}},"13":{"start":{"line":27,"column":16},"end":{"line":27,"column":null}},"14":{"start":{"line":28,"column":2},"end":{"line":28,"column":null}},"15":{"start":{"line":28,"column":29},"end":{"line":28,"column":null}},"16":{"start":{"line":29,"column":2},"end":{"line":29,"column":null}}},"fnMap":{"0":{"name":"dateKeyInTimeZone","decl":{"start":{"line":3,"column":16},"end":{"line":3,"column":34}},"loc":{"start":{"line":3,"column":85},"end":{"line":12,"column":null}},"line":3},"1":{"name":"(anonymous_1)","decl":{"start":{"line":10,"column":8},"end":{"line":10,"column":16}},"loc":{"start":{"line":10,"column":25},"end":{"line":10,"column":null}},"line":10},"2":{"name":"(anonymous_2)","decl":{"start":{"line":10,"column":31},"end":{"line":10,"column":37}},"loc":{"start":{"line":10,"column":46},"end":{"line":10,"column":64}},"line":10},"3":{"name":"statusForDueDate","decl":{"start":{"line":14,"column":16},"end":{"line":14,"column":33}},"loc":{"start":{"line":14,"column":79},"end":{"line":24,"column":null}},"line":14},"4":{"name":"paymentReceivedAt","decl":{"start":{"line":26,"column":16},"end":{"line":26,"column":34}},"loc":{"start":{"line":26,"column":65},"end":{"line":30,"column":null}},"line":26}},"branchMap":{"0":{"loc":{"start":{"line":3,"column":34},"end":{"line":3,"column":54}},"type":"default-arg","locations":[{"start":{"line":3,"column":42},"end":{"line":3,"column":54}}],"line":3},"1":{"loc":{"start":{"line":3,"column":54},"end":{"line":3,"column":85}},"type":"default-arg","locations":[{"start":{"line":3,"column":65},"end":{"line":3,"column":85}}],"line":3},"2":{"loc":{"start":{"line":9,"column":19},"end":{"line":9,"column":66}},"type":"cond-expr","locations":[{"start":{"line":9,"column":43},"end":{"line":9,"column":51}},{"start":{"line":9,"column":51},"end":{"line":9,"column":66}}],"line":9},"3":{"loc":{"start":{"line":14,"column":50},"end":{"line":14,"column":79}},"type":"default-arg","locations":[{"start":{"line":14,"column":58},"end":{"line":14,"column":79}}],"line":14},"4":{"loc":{"start":{"line":18,"column":2},"end":{"line":20,"column":null}},"type":"if","locations":[{"start":{"line":18,"column":2},"end":{"line":20,"column":null}},{"start":{},"end":{}}],"line":18},"5":{"loc":{"start":{"line":18,"column":6},"end":{"line":18,"column":85}},"type":"binary-expr","locations":[{"start":{"line":18,"column":6},"end":{"line":18,"column":75}},{"start":{"line":18,"column":75},"end":{"line":18,"column":85}}],"line":18},"6":{"loc":{"start":{"line":21,"column":2},"end":{"line":21,"column":null}},"type":"if","locations":[{"start":{"line":21,"column":2},"end":{"line":21,"column":null}},{"start":{},"end":{}}],"line":21},"7":{"loc":{"start":{"line":22,"column":2},"end":{"line":22,"column":null}},"type":"if","locations":[{"start":{"line":22,"column":2},"end":{"line":22,"column":null}},{"start":{},"end":{}}],"line":22},"8":{"loc":{"start":{"line":26,"column":47},"end":{"line":26,"column":65}},"type":"default-arg","locations":[{"start":{"line":26,"column":53},"end":{"line":26,"column":65}}],"line":26},"9":{"loc":{"start":{"line":28,"column":2},"end":{"line":28,"column":null}},"type":"if","locations":[{"start":{"line":28,"column":2},"end":{"line":28,"column":null}},{"start":{},"end":{}}],"line":28}},"s":{"0":2,"1":12,"2":12,"3":36,"4":108,"5":12,"6":10,"7":4,"8":6,"9":1,"10":5,"11":1,"12":4,"13":2,"14":2,"15":1,"16":1},"f":{"0":12,"1":36,"2":108,"3":10,"4":2},"b":{"0":[12],"1":[12],"2":[12,0],"3":[10],"4":[4,6],"5":[10,6],"6":[1,5],"7":[1,4],"8":[2],"9":[1,1]},"meta":{"lastBranch":10,"lastFunction":5,"lastStatement":17,"seen":{"s:1:34:1:Infinity":0,"f:3:16:3:34":0,"b:3:42:3:54":0,"b:3:65:3:85":1,"s:4:16:9:Infinity":1,"b:9:43:9:51:9:51:9:66":2,"s:10:8:10:Infinity":2,"f:10:8:10:16":1,"s:10:25:10:Infinity":3,"f:10:31:10:37":2,"s:10:46:10:64":4,"s:11:2:11:Infinity":5,"f:14:16:14:33":3,"b:14:58:14:79":3,"b:18:2:20:Infinity:undefined:undefined:undefined:undefined":4,"s:18:2:20:Infinity":6,"b:18:6:18:75:18:75:18:85":5,"s:19:4:19:Infinity":7,"b:21:2:21:Infinity:undefined:undefined:undefined:undefined":6,"s:21:2:21:Infinity":8,"s:21:23:21:Infinity":9,"b:22:2:22:Infinity:undefined:undefined:undefined:undefined":7,"s:22:2:22:Infinity":10,"s:22:25:22:Infinity":11,"s:23:2:23:Infinity":12,"f:26:16:26:34":4,"b:26:53:26:65":8,"s:27:16:27:Infinity":13,"b:28:2:28:Infinity:undefined:undefined:undefined:undefined":9,"s:28:2:28:Infinity":14,"s:28:29:28:Infinity":15,"s:29:2:29:Infinity":16},"fnNames":{}}}
,"C:\\Users\\Manikantha.N\\Desktop\\INRFS_FINANCER_FE\\src\\financer\\pages\\Reports\\reportRows.js": {"path":"C:\\Users\\Manikantha.N\\Desktop\\INRFS_FINANCER_FE\\src\\financer\\pages\\Reports\\reportRows.js","statementMap":{"0":{"start":{"line":1,"column":25},"end":{"line":3,"column":null}},"1":{"start":{"line":5,"column":6},"end":{"line":5,"column":null}},"2":{"start":{"line":5,"column":24},"end":{"line":5,"column":null}},"3":{"start":{"line":5,"column":52},"end":{"line":5,"column":75}},"4":{"start":{"line":7,"column":13},"end":{"line":31,"column":null}},"5":{"start":{"line":8,"column":20},"end":{"line":8,"column":null}},"6":{"start":{"line":9,"column":16},"end":{"line":9,"column":null}},"7":{"start":{"line":10,"column":19},"end":{"line":10,"column":null}},"8":{"start":{"line":12,"column":2},"end":{"line":30,"column":null}},"9":{"start":{"line":13,"column":16},"end":{"line":15,"column":null}},"10":{"start":{"line":14,"column":47},"end":{"line":14,"column":73}},"11":{"start":{"line":16,"column":21},"end":{"line":16,"column":null}},"12":{"start":{"line":17,"column":17},"end":{"line":17,"column":null}},"13":{"start":{"line":19,"column":4},"end":{"line":21,"column":null}},"14":{"start":{"line":20,"column":6},"end":{"line":20,"column":null}},"15":{"start":{"line":22,"column":4},"end":{"line":24,"column":null}},"16":{"start":{"line":23,"column":6},"end":{"line":23,"column":null}},"17":{"start":{"line":25,"column":4},"end":{"line":27,"column":null}},"18":{"start":{"line":26,"column":6},"end":{"line":26,"column":null}},"19":{"start":{"line":29,"column":4},"end":{"line":29,"column":null}},"20":{"start":{"line":33,"column":13},"end":{"line":34,"column":null}},"21":{"start":{"line":33,"column":47},"end":{"line":34,"column":null}}},"fnMap":{"0":{"name":"(anonymous_0)","decl":{"start":{"line":5,"column":6},"end":{"line":5,"column":14}},"loc":{"start":{"line":5,"column":24},"end":{"line":5,"column":null}},"line":5},"1":{"name":"(anonymous_1)","decl":{"start":{"line":5,"column":38},"end":{"line":5,"column":43}},"loc":{"start":{"line":5,"column":52},"end":{"line":5,"column":75}},"line":5},"2":{"name":"(anonymous_2)","decl":{"start":{"line":7,"column":13},"end":{"line":7,"column":32}},"loc":{"start":{"line":7,"column":58},"end":{"line":31,"column":null}},"line":7},"3":{"name":"(anonymous_3)","decl":{"start":{"line":12,"column":14},"end":{"line":12,"column":19}},"loc":{"start":{"line":12,"column":30},"end":{"line":30,"column":3}},"line":12},"4":{"name":"(anonymous_4)","decl":{"start":{"line":14,"column":29},"end":{"line":14,"column":37}},"loc":{"start":{"line":14,"column":47},"end":{"line":14,"column":73}},"line":14},"5":{"name":"(anonymous_5)","decl":{"start":{"line":33,"column":13},"end":{"line":33,"column":29}},"loc":{"start":{"line":33,"column":47},"end":{"line":34,"column":null}},"line":33}},"branchMap":{"0":{"loc":{"start":{"line":7,"column":38},"end":{"line":7,"column":58}},"type":"default-arg","locations":[{"start":{"line":7,"column":51},"end":{"line":7,"column":58}}],"line":7},"1":{"loc":{"start":{"line":8,"column":25},"end":{"line":8,"column":51}},"type":"binary-expr","locations":[{"start":{"line":8,"column":25},"end":{"line":8,"column":49}},{"start":{"line":8,"column":49},"end":{"line":8,"column":51}}],"line":8},"2":{"loc":{"start":{"line":9,"column":21},"end":{"line":9,"column":43}},"type":"binary-expr","locations":[{"start":{"line":9,"column":21},"end":{"line":9,"column":41}},{"start":{"line":9,"column":41},"end":{"line":9,"column":43}}],"line":9},"3":{"loc":{"start":{"line":10,"column":19},"end":{"line":10,"column":null}},"type":"binary-expr","locations":[{"start":{"line":10,"column":19},"end":{"line":10,"column":42}},{"start":{"line":10,"column":42},"end":{"line":10,"column":null}}],"line":10},"4":{"loc":{"start":{"line":16,"column":42},"end":{"line":16,"column":72}},"type":"binary-expr","locations":[{"start":{"line":16,"column":42},"end":{"line":16,"column":63}},{"start":{"line":16,"column":63},"end":{"line":16,"column":72}}],"line":16},"5":{"loc":{"start":{"line":17,"column":34},"end":{"line":17,"column":60}},"type":"binary-expr","locations":[{"start":{"line":17,"column":34},"end":{"line":17,"column":51}},{"start":{"line":17,"column":51},"end":{"line":17,"column":60}}],"line":17},"6":{"loc":{"start":{"line":19,"column":4},"end":{"line":21,"column":null}},"type":"if","locations":[{"start":{"line":19,"column":4},"end":{"line":21,"column":null}},{"start":{},"end":{}}],"line":19},"7":{"loc":{"start":{"line":19,"column":8},"end":{"line":19,"column":50}},"type":"binary-expr","locations":[{"start":{"line":19,"column":8},"end":{"line":19,"column":29}},{"start":{"line":19,"column":29},"end":{"line":19,"column":50}}],"line":19},"8":{"loc":{"start":{"line":20,"column":27},"end":{"line":20,"column":null}},"type":"binary-expr","locations":[{"start":{"line":20,"column":27},"end":{"line":20,"column":52}},{"start":{"line":20,"column":52},"end":{"line":20,"column":null}}],"line":20},"9":{"loc":{"start":{"line":22,"column":4},"end":{"line":24,"column":null}},"type":"if","locations":[{"start":{"line":22,"column":4},"end":{"line":24,"column":null}},{"start":{},"end":{}}],"line":22},"10":{"loc":{"start":{"line":22,"column":8},"end":{"line":22,"column":42}},"type":"binary-expr","locations":[{"start":{"line":22,"column":8},"end":{"line":22,"column":25}},{"start":{"line":22,"column":25},"end":{"line":22,"column":42}}],"line":22},"11":{"loc":{"start":{"line":23,"column":23},"end":{"line":23,"column":null}},"type":"binary-expr","locations":[{"start":{"line":23,"column":23},"end":{"line":23,"column":44}},{"start":{"line":23,"column":44},"end":{"line":23,"column":null}}],"line":23},"12":{"loc":{"start":{"line":25,"column":4},"end":{"line":27,"column":null}},"type":"if","locations":[{"start":{"line":25,"column":4},"end":{"line":27,"column":null}},{"start":{},"end":{}}],"line":25},"13":{"loc":{"start":{"line":25,"column":8},"end":{"line":25,"column":50}},"type":"binary-expr","locations":[{"start":{"line":25,"column":8},"end":{"line":25,"column":29}},{"start":{"line":25,"column":29},"end":{"line":25,"column":50}}],"line":25},"14":{"loc":{"start":{"line":26,"column":27},"end":{"line":26,"column":null}},"type":"binary-expr","locations":[{"start":{"line":26,"column":27},"end":{"line":26,"column":52}},{"start":{"line":26,"column":52},"end":{"line":26,"column":null}}],"line":26},"15":{"loc":{"start":{"line":33,"column":47},"end":{"line":34,"column":null}},"type":"binary-expr","locations":[{"start":{"line":33,"column":47},"end":{"line":33,"column":60}},{"start":{"line":33,"column":60},"end":{"line":33,"column":null}},{"start":{"line":34,"column":5},"end":{"line":34,"column":26}},{"start":{"line":34,"column":26},"end":{"line":34,"column":51}},{"start":{"line":34,"column":51},"end":{"line":34,"column":null}}],"line":33}},"s":{"0":1,"1":1,"2":4,"3":2,"4":1,"5":2,"6":2,"7":2,"8":2,"9":2,"10":11,"11":2,"12":2,"13":2,"14":1,"15":2,"16":1,"17":2,"18":1,"19":2,"20":1,"21":0},"f":{"0":4,"1":2,"2":2,"3":2,"4":11,"5":0},"b":{"0":[2],"1":[2,1],"2":[2,1],"3":[2,1],"4":[2,1],"5":[2,1],"6":[1,1],"7":[2,1],"8":[1,1],"9":[1,1],"10":[2,1],"11":[1,1],"12":[1,1],"13":[2,2],"14":[1,1],"15":[0,0,0,0,0]},"meta":{"lastBranch":16,"lastFunction":6,"lastStatement":22,"seen":{"s:1:25:3:Infinity":0,"s:5:6:5:Infinity":1,"f:5:6:5:14":0,"s:5:24:5:Infinity":2,"f:5:38:5:43":1,"s:5:52:5:75":3,"s:7:13:31:Infinity":4,"f:7:13:7:32":2,"b:7:51:7:58":0,"s:8:20:8:Infinity":5,"b:8:25:8:49:8:49:8:51":1,"s:9:16:9:Infinity":6,"b:9:21:9:41:9:41:9:43":2,"s:10:19:10:Infinity":7,"b:10:19:10:42:10:42:10:Infinity":3,"s:12:2:30:Infinity":8,"f:12:14:12:19":3,"s:13:16:15:Infinity":9,"f:14:29:14:37":4,"s:14:47:14:73":10,"s:16:21:16:Infinity":11,"b:16:42:16:63:16:63:16:72":4,"s:17:17:17:Infinity":12,"b:17:34:17:51:17:51:17:60":5,"b:19:4:21:Infinity:undefined:undefined:undefined:undefined":6,"s:19:4:21:Infinity":13,"b:19:8:19:29:19:29:19:50":7,"s:20:6:20:Infinity":14,"b:20:27:20:52:20:52:20:Infinity":8,"b:22:4:24:Infinity:undefined:undefined:undefined:undefined":9,"s:22:4:24:Infinity":15,"b:22:8:22:25:22:25:22:42":10,"s:23:6:23:Infinity":16,"b:23:23:23:44:23:44:23:Infinity":11,"b:25:4:27:Infinity:undefined:undefined:undefined:undefined":12,"s:25:4:27:Infinity":17,"b:25:8:25:29:25:29:25:50":13,"s:26:6:26:Infinity":18,"b:26:27:26:52:26:52:26:Infinity":14,"s:29:4:29:Infinity":19,"s:33:13:34:Infinity":20,"f:33:13:33:29":5,"s:33:47:34:Infinity":21,"b:33:47:33:60:33:60:33:Infinity:34:5:34:26:34:26:34:51:34:51:34:Infinity":15},"fnNames":{}}}
}
